2933
3496
3336
2328
2138
3102
2412
3364
3397
2497
2295
2559
2225
2238
3294
2632
1560
2578
3514
3260
2578
3090
2208
3356
3480
2780
3309
2066
2464
2755
3484
3586
1682
4596
2593
3162
3197
3177
2969
2208
3881
2495
2206
2606
2495
3531
2042
2037
3806
3939
2754
2465
2916
3104
2846
2901
3176
2210
3265
2918
2337
3680
2817
2810
5704
4246
2526
3699
2273
2589
2609
3106
2980
3034
3514
2927
1923
2386
2095
3261
2018
2770
3063
2982
1581
3190
2745
2875
3889
3360
2292
3279
1829
1955
2952
2152
2655
3448
4663
3229
3273
2880
2794
2986
3718
2761
2163
2786
2249
4090
2916
2053
3845
4945
3453
3349
2565
3266
3733
2233
3115
1906
3123
3070
2804
3588
1854
2789
2682
3851
2481
2770
3143
3295
3116
2722
2798
3198
2720
3648
3393
2885
1751
3591
4185
3639
2708
3192
2731
3160
3709
4319
2880
1579
3651
2589
4137
2904
2444
1475
1521
3429
2345
3956
3787
1614
3873
3478
3373
4090
1875
3164
2601
4427
4598
2397
3951
1628
2546
3394
2679
2149
3436
3495
3134
1914
3419
2867
3649
2064
2743
2372
5334
3049
3537
3201
3712
3280
2535
3155
2851
3756
3633
3234
3457
3440
2934
3205
3230
2721
2728
2957
2884
2615
2371
3658
2960
3228
2547
3064
4388
3358
3959
2601
3203
2612
3030
3236
3581
2890
2624
3390
2968
2886
4751
2973
3244
3179
1651
2203
1069
3068
3638
3819
3040
3240
3019
3196
3665
3625
4000
-1
3418
3912
3030
3580
4601
2855
2898
4442
2958
3962
2692
2036
4328
4035
3472
2310
3631
2650
2579
3502
2851
3109
5280
3940
2926
2485
1848
3020
2483
2227
3033
4373
3767
2123
3493
2464
2891
2519
2908
2962
1751
3348
-1
3296
3075
2827
2013
2947
3599
2439
2532
3598
2310
2353
1334
3002
3230
3122
3285
2239
2839
3036
3891
4028
3831
3213
3535
3508
3006
2226
3207
2340
3240
4492
3245
2234
2607
2329
3001
2096
3189
4407
3517
2753
3415
3023
2539
2832
3167
4455
3290
2577
1923
3925
3595
1765
3411
1786
4081
3278
2369
2989
2810
2519
2969
2606
2268
2753
3317
2225
3013
3575
2461
1706
2850
5329
2880
3816
2283
2902
1434
3580
1689
1937
2513
3812
1767
3120
1811
3775
2949
1848
3173
2453
3032
3041
1834
4000
4309
1664
2172
3761
2749
3178
1546
4018
1631
2821
2559
3594
2253
3263
2165
3161
2483
2716
-1
3075
2801
2236
3345
873
3558
2637
2297
2996
1955
2526
3470
3501
2054
3203
2568
3921
2928
2897
3413
3273
2837
3260
4611
2636
2506
2468
805
3814
2627
3185
4078
1236
2241
3389
3130
3533
3381
3839
3303
1809
3235
2943
2381
2255
2598
3443
2511
3267
2598
3470
2738
3291
3440
4157
2390
2036
2782
2986
2902
1833
2789
3349
2633
2609
2568
2704
2560
3002
4355
3697
3462
3321
2871
2311
2892
2940
3411
3701
2812
2493
2697
2513
1702
3671
3489
3826
3318
3396
3156
2471
2782
3018
3119
3239
3172
2230
4128
2179
2008
2106
3501
2224
2628
2704
3102
2461
1602
2401
3287
1967
3874
2969
3381
1714
3550
3029
3504
3442
2481
3191
2273
3138
3592
2658
3479
2279
1978
3072
3441
2806
3303
3418
2880
3750
2794
3440
3389
3019
3429
3123
3398
2771
3701
3310
3533
3231
2843
2470
1884
2272
2376
2243
3716
3097
4030
2913
2597
2369
2409
1879
2596
1861
2637
3275
3540
2415
2977
3200
2007
2263
3433
3032
2762
2395
1879
3434
3315
2452
3584
3374
2983
1961
3383
2581
2844
2971
1357
3419
1958
4531
2848
3277
4287
4081
2330
4507
3205
2548
3717
4156
1717
2188
2204
3727
3655
2559
2825
3365
2931
2736
2398
3192
3122
2707
2127
1694
2188
3404
4017
3243
3887
2498
4038
2328
3443
4715
2204
2256
4102
2502
2745
3312
4566
2276
4529
1470
-1
2562
2960
4690
3509
1336
2517
4757
2826
2193
3369
2809
2128
3589
2626
3935
2797
2741
3484
-1
2570
3035
2592
4645
3609
3468
4533
1908
3669
2270
2853
2839
3969
1551
2214
3373
3200
4029
4473
2309
3332
2274
3041
3547
3540
2853
2941
2777
1771
3045
3149
2089
3367
2152
1814
1859
3335
1373
3405
1859
2876
3212
3457
2634
3378
2482
4371
2829
3276
3175
3181
2933
2174
1317
3020
2320
3337
3400
1276
2940
2243
643
4212
4098
2304
2441
2700
2540
2647
3109
3574
2263
3390
3259
3274
5085
3237
0
4394
2818
3353
2932
3801
2877
3742
3016
2111
3095
2780
2528
3623
3007
2371
3808
1842
2075
3695
3386
3608
3330
3326
3505
3020
3223
2512
3811
4384
3331
3086
2261
3554
2375
4273
3367
2428
3860
2509
3457
3014
2882
2987
2264
2448
3331
3036
2589
3391
2388
2746
3554
2975
3518
4293
3124
3687
3360
2789
3458
4036
3483
3366
4688
864
2816
3883
2615
2395
3369
3016
2705
3046
2103
2858
3521
3155
1687
4207
3000
2854
3783
2965
2167
3261
1436
3111
2809
2620
3186
3172
1573
3350
3796
2839
4755
2280
3557
3042
2520
3307
2501
3347
3262
4096
-1
3045
4316
3892
3419
2936
3586
3055
1668
3614
3853
2928
3738
3140
2874
2040
4505
4097
1102
4714
2628
4202
2461
2896
2968
1952
1941
3043
2696
2864
3053
1604
3442
3366
2392
3145
2999
3324
2115
3522
2952
3649
2696
2581
1581
2774
2276
2134
3068
2801
2830
3213
3181
2321
2342
1882
3787
4336
2632
3763
1174
2961
1882
2677
2468
2919
2620
3078
2856
2603
2964
4617
2520
3230
3394
3569
3105
3088
2849
3534
3285
2467
2827
2360
2894
3539
3061
3076
2741
2962
3313
3239
3403
3985
4058
3462
1975
3668
2165
2941
-1
3170
3023
2463
3721
3273
2501
4740
2717
1011
3754
2937
3208
2203
4697
2391
2792
2768
4228
3243
3336
2778
3552
2245
3441
1864
2782
3783
1499
2949
3164
1723
3273
2957
3100
3015
3295
2806
3003
2857
3410
3392
983
2518
3758
2797
2051
2953
3389
2928
3249
2308
2170
3055
2363
3501
2560
3594
3294
3130
2208
3284
3559
2995
2330
3684
1857
4007
2736
1852
2935
4391
3771
3555
3714
2937
2968
2981
2106
2385
2737
4090
1391
2546
1398
3868
3697
3140
4314
2709
4051
3373
3307
2934
3902
3565
3015
1454
2571
3547
2793
2848
2615
3027
2939
4024
2527
4521
3203
2191
3033
2421
3158
3696
2571
3731
3420
3201
3192
-1
2466
3035
3083
3261
2618
2770
2254
2902
3317
1495
2579
3100
2929
2722
2002
1613
2137
3266
2894
2707
3222
2521
2954
2902
2141
3912
3854
2457
2889
2498
3364
3031
3146
2985
3462
2583
4355
4671
3056
3150
3468
2435
4246
2693
3438
3066
3830
3287
2708
-1
2133
3306
3774
2318
3118
2459
3430
3211
2872
3121
3468
3225
3248
2687
2214
1375
3257
3242
3046
2959
4418
2949
3027
3471
3099
2544
3083
3349
2858
2797
2812
2213
3630
3215
2636
3063
5146
2740
2019
2846
2065
2569
2351
2661
2157
3083
4064
1956
1990
2604
2518
2141
2342
2378
2592
2659
2120
4179
3560
3080
3488
3658
2615
2198
3031
2586
2706
2857
3642
2235
3882
2766
1723
2313
4838
2473
2771
2909
3473
4489
3054
1993
3235
2953
2772
2985
3899
2851
2398
2391
3277
2466
1967
2773
2900
2615
4142
2544
2036
2437
3526
2649
3144
2783
3556
4276
2510
2556
2222
2535
1531
3190
2747
2303
2677
2884
2611
4784
2925
2500
3391
2317
3249
3057
2274
4542
2646
1070
2822
2032
2836
3620
2857
2423
2898
3113
2570
2287
2242
3289
2275
2978
2780
3762
3557
2728
3657
2827
2286
1387
3302
1953
2537
367
1822
2330
2717
2438
1657
4081
2935
3850
2624
4041
3363
2764
4108
1550
2818
2342
3174
2682
2712
2013
3144
3404
3316
2828
3447
2163
2905
1783
4287
2913
2834
1990
2161
3040
2718
3374
2788
3678
1442
2836
3836
2792
2317
3439
2684
3438
2740
1732
2973
2160
2191
2890
2967
3426
4443
1658
3127
3449
3147
2918
3885
2722
3148
2237
3250
2561
2788
4106
3088
2930
2630
3277
3098
3384
2895
2426
3451
3716
2119
3149
2757
2605
2955
3153
1909
4255
3508
2120
3027
2328
4394
3358
2764
2771
3070
3144
2474
2577
3734
3494
2419
2423
2474
3114
2454
2983
4083
3298
-1
4029
2926
3433
2300
3933
4436
2990
2710
2762
2901
4648
3134
2614
2209
3665
3464
2763
2206
3498
2267
1060
3104
1853
2959
2628
3094
4091
1661
4086
2860
2336
2443
2583
2377
2401
2098
3665
2756
3217
3367
2176
3273
2705
3234
3425
3416
3284
3458
2457
2987
2257
3144
2526
1857
3324
1886
3295
3185
2062
2621
2408
2786
3300
2751
3624
2415
2829
2539
3065
2094
2976
2478
1853
3512
4098
2957
4424
3133
3336
3379
4287
3027
3089
3419
2849
1576
3324
3838
3570
2372
3580
1823
3006
3347
3696
2925
2487
2930
3741
2683
3059
2956
2543
2667
2964
3238
2377
3228
3271
2855
2718
3854
389
2394
1752
3375
3561
2932
2462
2713
2452
2580
2704
3251
2466
2130
2867
3040
2835
1739
3022
2407
2537
3191
2967
4030
2760
3920
2518
3475
3458
3084
2343
2820
3529
2653
3493
2984
2790
2337
3190
2007
2394
3106
3715
2903
3303
3163
2751
3083
2566
3037
3340
3125
3124
4051
2890
3206
2476
3118
2174
2559
2412
3994
2735
2820
3041
2345
929
3703
3392
3017
2817
2912
2951
3250
3242
2920
1424
2295
1398
2186
3221
1164
2688
3390
2486
3757
2725
3505
2013
5187
3649
2427
3148
2498
2891
2850
2825
3150
3372
3013
2897
3454
3181
2953
1925
2483
1391
2181
2862
3313
3028
3436
1381
2827
1944
3519
2067
2655
2541
3148
3191
4045
2457
2353
2926
2707
2970
4686
3240
3407
1838
2494
2766
3407
2018
2521
2725
3215
2860
2929
2944
2728
3315
3227
2907
2731
3564
2951
5527
4066
3968
397
2378
865
3071
3452
4323
2707
3538
2461
2803
3571
3515
3217
2691
3243
4362
2678
2107
3118
2827
3730
2532
2874
4971
3130
3849
4649
4455
3115
3486
2643
1901
3220
3686
3254
3238
2938
2361
639
2853
2967
2290
2507
2505
2048
3893
2975
3254
2919
4521
2098
2592
3490
3967
3529
3172
2930
2651
4360
2724
3427
3318
2442
2580
3263
4572
2422
3098
2552
3169
3726
2554
3221
3002
2610
3079
2402
2637
2336
4668
2627
2191
2869
2452
3084
3498
2694
2959
2435
3520
3789
5007
881
3689
3599
2959
2492
2770
5130
1841
4070
3495
2911
3050
2920
2755
2672
3103
3261
3558
3343
3168
3683
2930
1930
2925
2812
3102
3394
3105
3116
2482
3337
3288
2922
2279
2189
3520
4914
3518
2785
3615
3287
3159
2842
2945
2761
2862
3069
3175
3573
4451
1858
3887
3189
2532
2917
3359
3309
2838
2365
2127
3970
3739
3141
3534
3575
3128
2641
2983
3008
2495
2025
2145
3137
2512
3649
3112
2943
2450
2973
2338
1099
3712
2491
-1
2541
1699
2275
2588
3599
4582
2728
3349
3104
3627
3314
3289
3225
2791
1333
2899
3539
2603
2597
2822
2758
2485
3844
3481
1727
2746
3370
3873
3079
4249
3111
2601
2070
3523
3040
2854
3468
2558
3098
2776
3615
3657
2717
3024
2733
1184
2746
3414
2899
2867
3419
2596
4468
2585
2588
3293
3899
3384
4614
2504
1416
2360
2980
3642
2599
2690
3660
2909
3322
2723
2660
3428
2376
4813
3977
2527
2064
2394
4027
3167
3519
2949
3782
3017
3532
3343
3338
3235
2957
2818
3499
2969
3246
2284
1963
3182
3238
2087
4796
2986
3677
3451
2684
3145
2434
3285
3000
3192
4485
2816
3711
3261
3848
2903
3194
3142
4039
1838
1493
2307
1656
3236
2530
3339
2453
4169
3482
3656
4144
2701
2848
3650
2444
3654
3062
3896
2772
2599
1063
2096
2355
3068
1837
2042
2945
2356
3021
4631
913
3930
1837
3394
3001
3442
2206
-1
2825
2063
2544
3466
2996
2600
2422
2994
2648
3020
2436
2024
2521
2437
4103
3518
3065
2602
3159
2428
3100
3384
2916
