5464
6921
3147
5491
7647
2767
-1
4248
4707
5783
5471
4463
5079
6468
-1
4630
5665
6778
5623
5594
-1
7366
-1
6209
5547
4271
3006
4947
3915
5862
5573
3722
6189
6924
6476
4508
-1
3820
4412
6409
5096
4147
3570
4881
4151
5716
-1
4613
3826
5822
4753
7585
4655
5878
6161
5408
5478
4841
5143
4214
4855
5386
6366
6858
3479
5617
4305
5028
-1
4410
6110
6949
-1
5890
4130
5081
4909
6586
5682
5650
4307
5308
3506
6588
6011
4288
4267
3438
7043
5695
5412
4457
5191
6833
5758
7405
7031
-1
-1
6334
-1
5519
5520
4969
4932
4076
7541
6319
7269
5155
5333
4878
4532
8071
7698
5932
4293
6053
5999
6110
6513
4088
6907
4950
4446
6553
5654
4997
3759
-1
7890
5930
4631
4864
4172
4517
5140
5684
-1
2891
3087
5649
5342
3999
5634
5431
5052
5632
5726
3358
5856
4467
5562
5180
6363
-1
4609
6742
4566
4438
-1
5966
5523
5958
6681
5141
4633
6521
7702
6340
5095
5051
4697
-1
4741
6973
4546
5040
4984
5703
4316
5348
6927
4379
5624
5569
-1
5891
3994
6419
6254
-1
8079
5966
5627
5531
4078
6123
6273
6648
4767
4759
5352
6104
6999
4701
5187
3802
8313
7499
-1
4985
3961
4973
4209
5896
7181
5444
6095
4338
4016
5422
2656
4803
5069
6211
4505
7055
5966
5967
5417
4531
7374
5650
5432
6587
3299
6058
3446
-1
4592
6187
5645
7532
4798
4376
6797
5020
5565
2725
-1
5490
4392
-1
4474
5824
4130
6284
4636
3321
-1
5654
5444
5331
8016
5811
8029
4703
4723
5722
5282
5109
4310
5743
7163
3777
6416
9125
1858
5720
5288
-1
4349
3831
3644
5597
7398
6410
6083
3941
5550
-1
4998
4600
5854
7157
5677
4181
4964
5733
6288
4860
6230
7003
6040
5333
6159
7456
5607
6731
7753
3279
1904
4734
6419
5725
6994
5753
7040
4036
5866
3848
7066
5310
5161
6653
4766
2330
4278
5515
5295
6662
6517
4683
7250
5376
5177
5739
5855
4998
6036
4406
5160
4059
3970
6027
4960
6614
6737
5158
6006
7869
5837
5256
3949
4342
6036
5413
7333
5479
4740
6452
7562
6636
7338
5770
4422
4440
-1
-1
7641
7606
5756
5192
5744
4526
6252
7760
7399
3924
4570
4481
4571
8241
6248
8236
5626
4720
7446
5702
6565
5849
4920
5784
6631
5042
5541
6375
3394
5262
8544
5113
5642
6233
4965
1990
4924
5853
4270
4766
9385
4496
4916
4367
5549
6266
4114
5345
7239
3884
9934
6057
4572
5357
6141
6574
-1
4538
-1
8695
5946
4345
6466
1665
6960
3962
5715
6028
5202
4081
5517
4185
6128
6106
4883
0
5619
7094
4714
6064
3546
-1
-1
4946
4353
5531
5471
4177
6644
4111
4753
7318
3962
6255
6402
5986
5070
4020
5679
4171
6906
7921
3652
8967
5924
4510
4224
4748
5039
4878
5894
5458
5045
5301
6163
5167
5790
-1
5971
4292
5656
7509
6332
4537
5040
3819
5654
6955
5378
4157
5193
5337
5663
4242
5484
4739
5826
7064
6294
4915
5337
6243
6189
8612
5181
7021
6025
6531
8105
5391
6161
4663
4184
5299
6621
6071
5545
4384
4057
7056
5588
5682
4724
5678
3896
4672
-1
5413
5233
5603
5064
6180
6049
5592
3491
6946
5749
5882
4006
5715
4845
5946
5024
6493
-1
3604
6568
3952
5509
7518
5078
5142
-1
5185
4477
-1
6893
5165
4764
7838
5992
7244
4239
5290
-1
5947
4785
5690
2960
4631
5324
5225
3798
6588
7127
6200
6445
4994
5615
-1
6349
5064
6841
5010
7944
7005
4208
3137
5257
5274
5160
6811
4623
6631
4509
5489
5241
5863
5137
5780
5012
4840
6230
6327
5218
5158
2909
5508
5229
-1
6480
5626
6040
4810
5076
4511
5629
5816
5068
5002
7309
4936
4524
5631
5647
5177
5759
4570
3755
6214
6785
7466
4434
1826
4582
6891
-1
6291
5833
4074
4552
6388
6106
4717
6831
-1
4117
4684
4097
4691
5439
7331
5176
7739
5677
6073
4758
5951
6561
6580
9231
6103
3209
3291
6098
7037
3305
7414
4243
6870
7024
5680
3813
4234
5720
5034
5298
6654
5471
5411
5951
-1
5982
2780
4210
6108
5542
5436
6552
5607
3077
4743
4167
4725
4406
5557
6426
6784
5348
3732
5938
5987
6432
2780
5801
5811
5822
4931
6356
5781
4927
5205
3889
5053
5668
6095
9285
7730
-1
4694
5018
-1
5943
6953
7853
5716
6036
6394
5020
4533
3360
4535
7604
5513
6298
5744
5183
4548
6962
5469
4471
5514
4341
5507
5849
4947
5590
6094
7108
7229
4840
6039
6619
4247
4897
-1
4587
4544
4465
5527
2915
5082
3466
4362
5305
6050
5703
6376
-1
6723
6212
6548
5241
5288
6418
5576
5084
5072
7589
5679
6648
5558
6206
6560
5728
5584
7410
6922
5166
4339
4472
-1
4939
5319
4480
6162
-1
6464
5888
5253
5901
4813
5355
7389
3644
6428
5344
5350
7790
6583
4790
5747
4061
4977
4629
4280
7809
6322
6403
-1
6914
5297
4775
5480
5937
4810
5287
5428
7902
4603
4430
3888
5371
4671
5109
4691
8614
5272
6201
-1
5291
5359
6196
6491
5228
7554
3425
4191
6005
5942
5530
6079
5488
4403
4333
4599
-1
5276
6235
6541
5161
5805
5069
6055
5138
5069
4891
6178
4265
5216
4464
5244
4481
6515
5329
5585
4216
5890
4102
4769
5313
5220
5897
6236
5410
4523
7070
5014
4941
5239
5254
6231
5065
4295
6951
5836
7258
6721
3924
8984
6113
5620
2868
5430
6608
5137
4218
5204
6543
4255
5899
5072
5519
6339
6423
5918
5752
5533
3847
5588
6375
4646
4317
4394
7582
5361
4927
6875
8825
5497
1683
5681
3291
5545
3295
5460
5424
7345
3547
4779
4560
5122
5016
3460
5919
7924
7107
8186
5171
7954
4645
5782
4164
6707
5342
5837
4670
5166
4246
4965
2716
5320
7106
5055
7210
4455
6876
5321
4998
6173
5079
6704
-1
4676
4758
7580
-1
3892
4576
6136
4962
4816
5290
6276
3541
4680
5369
3084
5147
8297
7508
7111
6666
5248
5813
3861
4759
6093
7095
7490
4836
5948
3709
6324
4481
7288
8896
5030
6309
6760
4226
4770
6921
4391
-1
5929
4568
2995
5945
4849
4623
5482
5951
5358
4449
4660
5445
6438
9344
5486
6735
-1
-1
-1
6898
4593
5558
7434
5221
5452
5538
4458
6756
6376
8923
-1
-1
5007
5430
6511
4611
5954
6141
5536
5542
3916
6397
6098
6274
5731
4754
5837
6028
7592
4498
4751
9259
5457
6553
4034
4269
5704
3325
-1
4632
6956
5495
4990
2858
6247
6671
7003
6314
3981
3668
4916
-1
4655
4536
3188
-1
5230
5657
4545
-1
6845
-1
5766
5834
6117
4807
4138
7602
6572
5195
6512
5141
6683
6449
5133
-1
3743
6916
4602
3618
6466
6815
5891
6069
5608
6514
7020
6592
3938
8267
5187
6380
4836
4404
1947
5798
6942
6754
4717
6615
5348
5918
6334
7395
6800
6580
6911
5374
6022
8292
5700
5907
-1
5849
4871
6228
5946
5918
4961
6000
4072
5246
5986
5586
6834
5418
6647
6335
5158
4856
4807
6847
6107
4720
6747
6642
5128
6273
5858
5452
6989
4694
-1
5185
5014
7869
-1
-1
-1
5786
4665
5001
-1
3956
7050
5062
5366
-1
6292
7171
6350
5670
5935
3378
4650
5057
8737
5441
6474
5621
6426
8288
5191
-1
3653
5643
6907
7704
5302
6516
7574
6903
6096
5448
5816
3743
4779
5872
4227
-1
5976
6175
5199
4480
-1
5539
4303
7079
5863
4673
5913
6581
5858
3351
5345
-1
7351
4387
-1
5401
6515
4693
6696
5854
5498
5840
6645
3179
3403
5417
4257
5097
4790
4296
7400
4203
6811
7585
8182
5581
7009
3755
6044
6188
4493
5389
5306
5536
4016
3528
6315
5525
9501
5118
4665
3000
6100
7047
5592
6418
4990
-1
5564
5788
8899
5119
3976
3619
8261
5710
7307
5359
7061
5748
4822
6928
5095
6097
5684
-1
7284
6371
4767
6717
4546
1618
4707
3183
5088
6398
6284
3650
6507
-1
4653
4820
2919
4998
5399
4580
-1
-1
4743
5070
4860
6468
6033
6211
7002
4880
6553
4282
-1
5175
4926
6359
3088
4164
4663
5330
4495
5584
6967
4094
3979
5268
4382
6102
7176
5500
5940
5008
8271
6991
-1
6958
6519
7769
5784
986
5332
5757
6858
4040
5275
-1
5300
4771
5919
6197
-1
6993
6668
5974
5303
5254
3395
6446
8244
5193
5130
5279
-1
5665
4458
4157
5484
6466
6608
4107
5148
7863
5555
4377
5226
6372
-1
4729
6448
5636
5268
5540
-1
4325
6769
5708
6011
4843
-1
7571
5803
5649
5001
4594
5459
5008
2536
7071
5314
6978
5083
-1
3511
3075
7889
6354
5611
4806
5473
5551
5181
6246
4250
6211
6140
6750
4315
5564
4390
5297
6517
6412
6909
4582
3643
5319
6454
4902
5705
6953
6359
5950
6349
6438
5809
6284
4528
6175
4297
5059
5153
6295
-1
7429
2918
5130
-1
5311
-1
3733
5721
7531
4311
5759
5237
6068
7149
6645
7917
4681
4597
5357
5682
6851
6869
7752
4964
5125
5403
4137
6162
6643
4549
6590
5436
4299
5126
6373
7322
6348
6442
5620
5430
4953
7789
-1
6389
5765
5568
5242
5457
-1
4297
3676
4638
9345
4726
6036
6163
6911
5982
-1
5323
5032
-1
5774
6041
4163
5960
5783
4787
6462
4169
4215
6407
7010
4442
7789
5292
9284
4877
5382
3704
5553
-1
6197
3300
-1
7292
4293
7163
3742
5806
6846
7820
3846
6636
5526
4871
-1
4822
4276
5503
4952
4246
6315
4786
5932
3893
-1
6043
4706
5574
4830
7128
5100
7145
5784
5943
5700
6387
4185
5439
5991
5810
7670
-1
-1
8499
6049
4890
3946
4363
7041
6356
5955
5599
-1
5541
3571
2763
5867
4623
5467
6801
7546
-1
5698
5639
6548
6100
9289
6599
-1
3361
4272
3258
5964
6721
6869
5802
5955
3854
4387
4085
6202
5975
7404
5722
4463
4947
5850
-1
4808
6704
4659
6904
4762
3996
5268
6377
6105
-1
4581
4706
7224
6426
8069
7603
7237
4792
6951
5929
2499
4806
6096
4757
6815
4973
5007
5679
7685
-1
7424
6139
5775
5958
4901
6123
6639
6418
5138
5282
3873
6912
5267
5004
4761
6168
3414
-1
7689
5714
8710
5009
5607
5781
5163
4981
3740
4416
4318
5530
4972
5278
5270
2909
4785
5014
5402
6692
7442
4314
6568
5627
6317
4783
5480
6333
6625
5056
5152
6671
6394
6157
6367
3511
6060
5963
5864
6733
5832
-1
4872
7442
4940
3903
4533
7269
4514
5492
6486
2920
3935
5945
4125
4345
7173
5946
4494
-1
6323
3923
7806
5147
5281
5055
5328
6184
6972
4649
6468
5182
5358
5800
4986
6177
3515
5641
4807
7373
4678
5613
3012
4773
6149
3517
4685
7588
6176
-1
4417
7528
4974
-1
-1
6279
2800
-1
5862
4648
6147
6067
4269
6294
3647
6197
5209
6274
-1
5012
5567
5994
5209
4664
5401
5984
4776
5520
6215
6233
5776
5338
5459
3159
6599
5988
6025
4412
6129
5194
3795
4351
-1
6049
5069
4622
-1
5034
4546
8022
-1
5794
5612
1736
5924
5353
6534
6021
4620
4665
7801
-1
-1
5187
4893
5734
4847
5175
4288
6058
6795
7124
6243
4642
6521
4932
5722
-1
5422
4006
6863
8456
6760
5245
7135
5844
4695
4932
3814
4451
4104
-1
6909
5849
6836
6166
4747
5833
4674
3552
8034
5385
5752
5253
6362
5923
-1
5430
3879
3903
6331
5013
4378
5285
3754
5073
4552
3309
3572
1617
5271
5287
4455
6307
6780
4639
5965
5175
6177
5929
6462
4311
4826
5390
5525
5930
6789
6113
6031
5063
6214
4167
3648
4941
6298
5935
4609
5107
5978
5521
4660
6046
8079
5357
4968
3596
5201
6318
5088
5324
6456
4658
6023
4548
4611
2937
3551
7719
5820
4913
5203
6062
5957
5104
4094
6885
4808
3446
5564
5133
7484
5010
6078
5162
5652
7132
2211
5887
9628
4500
6134
4874
7562
3205
4823
5414
6216
4661
6952
4789
6099
6631
6492
5952
5739
5189
5489
5327
5800
6245
4131
5717
5287
-1
