-1
11710
10320
-1
6183
8891
8901
11659
9173
7448
8213
8840
-1
7571
8837
10875
12347
-1
9622
7856
-1
8386
7903
6805
8836
8513
2847
7507
11507
-1
7657
-1
10482
9662
-1
-1
-1
-1
8857
10938
7304
-1
8311
-1
-1
9383
11196
11225
13075
3266
11950
-1
9948
-1
8570
9191
8941
-1
8531
12183
12267
11106
9962
-1
-1
11681
-1
9533
11894
6098
4391
7342
12055
-1
7354
5633
8523
-1
11333
-1
9522
11913
-1
6586
13097
11046
10211
9535
11517
-1
12656
10252
-1
-1
11660
10537
9639
10216
12684
-1
7689
9066
-1
6951
4992
8564
7870
8960
7240
4577
11034
7732
11554
10132
-1
7811
6951
-1
4547
8150
-1
7401
9765
-1
5782
9704
5824
-1
-1
7056
-1
5799
16275
8436
-1
12547
-1
8761
9043
-1
11476
11368
7791
9321
7518
-1
8287
5033
10911
13049
8257
8708
-1
9462
9667
11182
10416
8474
11793
-1
7839
9965
-1
6868
11344
16208
-1
5823
7112
9113
9189
11974
8428
6536
8504
9747
4581
-1
7761
10231
8539
7230
13950
10112
9167
11318
10236
5152
-1
-1
8401
-1
9616
7598
-1
6378
8553
-1
3832
10180
8068
5759
7764
-1
7565
11614
-1
8203
7377
-1
8725
-1
8886
7822
-1
9597
8167
-1
14433
5288
12455
10545
11341
10347
8309
7123
9011
14891
8571
10434
10395
13689
7213
10759
8217
7698
-1
9234
14988
16901
4777
-1
-1
8490
0
-1
10108
-1
9572
13336
-1
8094
7010
9183
5502
4977
13618
-1
8673
10546
9648
-1
-1
7960
8953
5351
9621
8216
11533
9690
6900
8242
6823
-1
-1
10047
-1
-1
-1
9354
9375
8113
9939
8805
-1
10692
-1
8216
6537
-1
7859
8601
9558
10183
10197
9966
-1
-1
10215
8701
-1
6704
7699
9132
7284
7788
10369
6462
12403
8583
9804
6981
11635
-1
9936
8691
9785
-1
-1
9291
5699
9255
9169
9816
-1
7666
13475
15424
8255
8718
3539
8647
11891
-1
8600
7228
11150
9392
9339
11115
8893
8795
11379
7548
8333
3361
7365
8403
7745
-1
-1
-1
8249
7103
8256
8012
-1
-1
5016
8805
10345
-1
-1
5703
5045
8389
10475
-1
8010
9822
8602
10077
5886
502
10571
-1
4058
-1
14626
-1
-1
8187
9753
7225
10877
11492
-1
-1
10041
-1
9947
8336
7372
-1
10140
10934
10068
10887
6884
8524
9244
9467
12455
-1
8976
8573
14685
7494
9145
9590
6711
9374
10043
10108
-1
5139
-1
8210
11378
-1
12176
8602
9356
10220
-1
9125
8031
-1
8887
-1
6782
10812
16276
6722
-1
12188
8329
6873
6964
7278
11973
9300
9646
-1
9222
-1
10288
6666
11250
11556
9282
-1
8128
3394
-1
10909
8082
6116
-1
-1
10811
5022
10990
10251
-1
11521
-1
8467
12093
7032
12211
8057
5537
9413
-1
9777
6467
9759
8021
11309
9386
7092
11366
9698
10815
14814
10965
9285
-1
-1
11351
4443
7319
9024
8014
10863
465
-1
12619
15950
11605
12403
10795
-1
11259
14797
-1
9516
9093
4734
7238
9136
10006
7842
11175
-1
8987
10057
10455
9922
12974
8048
7091
9356
-1
-1
6074
-1
6267
10107
-1
8690
11583
7424
15794
7498
5018
8965
3882
7886
10691
11719
7683
-1
10262
8615
7652
-1
8306
10577
9959
8692
11879
7743
4843
12033
-1
11253
7935
8184
10066
2876
-1
5924
7778
10409
9935
10480
7640
10459
-1
7829
10691
10267
-1
10084
-1
9034
9403
8283
-1
4756
-1
11255
-1
-1
9705
8510
-1
9697
-1
1843
-1
7475
-1
-1
11716
14265
-1
12666
6969
8550
10528
8782
9549
9133
11160
-1
9358
4376
10314
11032
7229
12541
-1
-1
5896
8800
11380
9317
11569
8392
8708
-1
-1
7926
8763
-1
8756
9537
6755
11119
9650
8300
9926
-1
8208
9146
4823
4434
8434
-1
11132
11575
6997
10175
7402
-1
10771
11815
11187
8544
9192
12647
10142
9803
10450
8978
8297
10759
13974
6749
7170
9316
8406
-1
8080
7166
13013
9181
8079
11160
3735
8362
8017
10878
16656
9386
-1
9081
8350
10295
9944
5143
8272
8025
-1
9606
9050
7991
9459
9171
10668
10143
9132
10173
6584
8327
9269
9090
7877
9087
19382
12053
5086
10312
9481
7677
12229
9201
7481
-1
12154
7335
8279
5791
14762
3834
13279
-1
-1
7691
10314
5985
9249
2423
-1
10202
3656
13477
8486
11479
9238
9877
9088
8094
11061
-1
4304
10686
7513
3657
-1
14225
13631
9981
4596
7930
7711
-1
7933
3266
12353
8379
11680
10459
-1
8109
11019
-1
6654
9140
8600
5260
11308
7733
9399
-1
10117
10539
13779
10487
-1
7688
11683
9193
9926
8246
-1
-1
7267
9150
9861
7307
-1
9652
8081
8508
10666
-1
8376
9383
-1
7392
-1
4729
9438
-1
-1
11429
9522
9778
11332
10520
10528
3291
-1
-1
12198
-1
6348
12511
9186
8364
-1
5406
6564
5627
7172
8836
8435
10751
-1
9742
6833
5396
-1
6223
-1
7302
9735
8416
-1
-1
9058
10145
8997
9809
-1
7623
-1
7524
9499
16303
8844
-1
10468
9579
9819
-1
9065
-1
10919
8915
-1
11027
10868
-1
6781
7086
-1
16663
9441
11678
-1
8968
8355
8169
11630
-1
-1
9221
9579
16727
9697
12671
13537
-1
-1
7857
9854
9543
-1
7554
8626
9932
4847
11156
8785
8673
-1
-1
9145
10856
8259
-1
7583
9402
7743
7144
-1
8823
11296
7248
8941
12234
-1
6992
6547
8047
7752
9170
10570
5517
4842
9021
-1
8430
9093
10516
9442
-1
12831
8993
8582
8780
11383
11263
-1
-1
8399
3733
-1
8737
8241
8442
6467
11566
-1
10292
-1
-1
12066
9340
-1
-1
10230
-1
10827
8844
6910
8869
4720
10436
-1
10102
-1
8600
7641
11979
-1
9786
9357
8964
5734
5155
10653
8898
7408
-1
11731
5999
8644
8082
8821
7799
-1
8550
11857
12275
-1
8365
-1
8603
-1
-1
9741
7559
9359
6971
6018
13478
8390
9433
9846
7595
8633
10015
12393
9704
8286
12955
-1
8484
6795
-1
7939
-1
10353
11221
10721
10285
11975
13509
7764
8083
-1
4158
8482
9821
-1
9757
11453
-1
-1
9131
-1
7016
-1
-1
9494
9912
-1
-1
11645
6649
12541
7888
11766
10382
11605
7846
-1
-1
-1
14474
8622
-1
9385
11731
-1
9624
7952
10627
6470
9655
12016
7265
6620
9833
8532
10091
-1
7403
8820
5651
10584
6345
-1
7154
-1
-1
7489
11890
8235
11585
-1
10002
11035
9317
-1
-1
8856
12463
12223
6527
9276
10904
10270
10203
15235
12312
-1
5981
9740
7423
-1
17737
-1
10870
5459
10151
-1
6777
8040
-1
3686
13627
8027
-1
13139
-1
8985
6741
11801
8411
-1
-1
8618
8671
8077
7445
3822
8674
13367
10341
11234
8830
9920
10202
6806
11008
10997
10161
8038
-1
13310
9742
17084
9409
15916
-1
11741
10537
9986
10243
-1
-1
-1
10572
9712
7451
11032
12781
-1
13768
6111
9767
6055
7206
8151
10358
10701
8201
6227
9883
7825
11010
11166
-1
8277
9137
8739
9731
8697
-1
11371
9286
12725
5156
7141
-1
11828
4384
12263
5316
6907
9174
10014
4809
17427
6456
-1
8954
9451
9518
8720
15343
7591
9206
6287
9707
-1
8786
-1
11403
9399
14261
7024
10995
9897
9288
8181
-1
12448
9052
7422
8508
8782
-1
9157
11650
-1
15776
8392
-1
8223
-1
10541
7952
-1
-1
8626
6669
9190
10926
-1
-1
9626
12285
7361
11071
8232
9369
9055
7015
13488
10472
11837
8766
8226
9880
12143
12933
11129
-1
6556
10773
-1
11386
7870
-1
9502
6041
12418
8614
12970
8764
13436
6346
10549
-1
11279
7292
9620
-1
8418
-1
9669
7374
8440
10336
10271
10114
10688
13028
9551
3763
-1
-1
8043
6412
10043
12703
13182
8883
9515
7022
-1
-1
4325
12254
-1
10637
7053
-1
12883
10558
-1
9927
-1
10003
10131
8886
-1
-1
-1
-1
9484
9757
7094
11583
8668
10687
11524
13145
9069
8259
7768
6189
8250
8800
7189
6426
10118
9555
13373
11980
-1
12525
-1
-1
7715
6038
-1
10913
7558
-1
-1
10264
-1
9401
9823
-1
-1
11428
6474
-1
-1
8830
7933
6313
-1
8572
4293
11712
-1
9829
7384
8290
7037
-1
7644
9589
9026
8645
6861
-1
8417
-1
5688
-1
8025
9159
13519
8373
8630
-1
-1
13461
8976
6851
8931
11968
-1
7787
10400
4230
8592
11710
-1
7541
8834
9473
-1
11360
15571
-1
9696
10239
9096
-1
11312
10220
11122
10170
9550
17258
10142
8532
9816
9232
11329
-1
10546
12709
11641
11959
8830
11923
-1
7138
7886
-1
-1
7413
6543
-1
8920
7498
-1
9069
9184
10050
8109
5588
6815
12639
-1
-1
11336
11642
11189
7497
8243
-1
12977
9821
7540
7615
14689
10373
10061
13218
-1
9919
9004
9144
11332
12586
8120
11117
-1
-1
4976
-1
10270
4984
-1
-1
-1
9670
8520
7738
10992
-1
-1
12913
11785
8187
-1
8004
10704
-1
9280
-1
13329
9767
8439
9191
8714
10282
9254
-1
11064
8728
5792
8412
11242
-1
8170
9564
-1
-1
9353
-1
8206
9164
8777
10099
9363
6388
16159
6636
9063
-1
-1
-1
13868
5679
-1
9528
7945
2079
6655
7650
12751
8714
-1
9549
10377
6379
317
-1
10410
-1
-1
9923
13885
7990
5768
5941
7900
8243
8680
9226
9715
10779
10288
10088
13815
10154
7012
8388
6084
10618
12137
17595
11452
7513
-1
3397
12549
-1
8942
10042
8202
-1
10383
-1
9639
-1
10288
10695
6098
9681
-1
-1
6729
5444
10193
8949
9139
9241
10717
13427
11421
8493
12478
3607
-1
-1
10151
7755
9531
9106
10566
-1
10466
13129
9546
12035
14225
10559
7062
12648
10308
9989
9867
10767
7535
8661
8759
16099
10358
10915
7064
-1
9918
-1
5757
11182
9206
9658
12198
7696
10894
9145
-1
-1
4192
-1
11180
9548
9653
-1
5023
8670
6974
9813
-1
10754
8292
9261
12280
14496
12043
7633
10315
-1
10663
9788
13014
8379
9576
7686
8732
-1
7167
-1
-1
-1
4064
-1
-1
6963
7771
11560
1746
9010
-1
10833
9857
8295
10185
7688
7177
8338
10403
-1
14767
7504
8764
7302
7941
-1
7983
5941
8396
8599
9022
7062
-1
12068
12400
9850
9183
11913
14493
10719
9573
13277
-1
-1
13733
8309
12376
8308
10693
-1
12821
11508
8562
-1
-1
7594
5888
-1
-1
8709
13703
-1
8361
-1
-1
8237
8522
10778
8645
-1
9105
-1
8826
8113
9164
-1
7986
10829
12045
8080
14033
8612
13914
4902
7963
7352
8577
-1
-1
-1
7595
12944
-1
-1
7243
-1
7133
-1
10888
9689
9306
-1
12427
6897
8620
11104
5604
11889
8642
-1
12555
-1
9812
11092
-1
10515
8267
10882
9125
5117
5905
6403
-1
7842
10646
11174
10501
8133
-1
4024
9334
7069
7892
6611
10720
9479
8182
6684
-1
-1
-1
9640
9795
7001
10028
13324
5677
-1
9092
8682
8976
10834
-1
10586
10406
-1
-1
8865
4103
11307
5130
11504
-1
9924
9030
8812
6717
6782
6807
11118
-1
-1
9495
10482
12438
8069
8463
10588
-1
-1
-1
10438
11053
4179
4126
5770
4731
8972
-1
-1
-1
11601
4365
7738
-1
10403
8329
13922
8156
7732
8904
11750
8149
-1
12156
8957
8322
-1
-1
9063
4180
10500
10167
6931
-1
-1
-1
-1
9786
6542
14448
11501
10479
5212
6888
15178
7057
10627
8172
3020
7725
8899
-1
7975
7611
-1
-1
8489
9789
7834
-1
10825
7453
