2988
2166
2373
2093
2301
3276
2655
3036
2749
1504
2023
3113
3091
3107
1982
2673
1884
1966
2231
2175
2530
2094
2928
2447
2746
2452
2400
2340
2192
1826
2007
3349
2986
2388
1488
1927
1984
1648
2242
2128
2354
2351
2585
1885
2606
5052
3666
2350
4954
2844
2913
2278
2175
3897
2539
3364
2772
2653
1667
3120
2799
889
2148
3929
3186
2452
1480
1806
2785
2602
2482
1307
3313
1930
3413
2472
2672
3185
4735
1622
2563
2727
1891
2845
1525
2229
966
2562
2694
1709
3345
2568
2560
3069
3356
2902
1773
1320
3169
3997
3002
3819
1577
2415
2871
2633
2877
2702
2275
2978
1838
2523
1273
2044
1762
2982
1440
2065
3053
3016
2624
1850
3131
1709
3503
2552
2199
3271
2138
2779
1825
2524
1699
4342
2192
2013
2664
2984
2904
1774
2311
2331
2397
-1
1751
1299
2022
2690
2651
1789
2877
3052
4278
3016
3341
1965
2481
3926
2250
3863
2483
3167
2172
2615
2785
3101
1899
2998
2636
1773
1322
1883
2698
2798
3152
2388
2074
2818
1487
2379
3074
916
1845
2983
3239
1889
1446
1182
2295
2493
2964
1812
3284
2806
2168
2433
2532
2867
3156
2320
3029
2449
3234
3384
3037
2346
2619
1373
1836
2657
3981
3679
3917
2702
2326
2871
2050
3923
1503
2499
2301
2749
1654
1784
2701
2918
1803
3061
1864
3386
127
1278
2879
2033
1886
4945
2854
3613
2289
1812
3181
2745
3426
2349
2548
3241
2347
3387
1986
3318
2677
2416
2552
1993
4238
2414
1959
2664
1906
2749
4566
2099
2010
2847
1382
2179
1415
2747
2843
1653
3353
2565
1996
2170
1544
3144
2752
2003
1615
2775
3416
1960
3398
3500
1503
2217
2928
2312
2079
2152
1622
3312
2920
2482
1767
2598
3238
2120
2861
2468
1985
2243
2002
2865
1866
2825
3153
0
3176
2852
1038
2079
2792
2935
3856
1043
2487
1748
1777
2500
3017
4121
3306
3349
1336
2249
3082
1625
1444
1808
2450
2937
2424
2816
2494
2350
2806
1904
4677
1792
2668
2771
2804
2192
4438
1082
1666
2464
2422
3234
2427
3614
1780
2458
2202
1491
3586
1939
3673
1980
2635
1854
2799
3070
2074
2517
3196
3314
737
1586
1977
3214
2130
2350
1547
2054
1496
3921
2665
2592
2635
1439
3940
2786
3249
4731
1436
5730
2125
2874
2523
2805
2292
2511
3128
3375
2735
5516
1941
2903
1940
2526
1751
2039
1911
2554
2339
2145
1279
5134
1281
2944
1704
2417
-1
3379
2216
3159
2167
1435
2345
2678
2279
2338
3148
1909
2022
2739
1835
3340
2915
1173
1468
2314
1106
2470
2066
2309
2583
3369
2520
1861
3001
2039
4050
3270
1886
3428
1906
2656
3522
2612
1928
1712
2201
2578
1688
2280
3095
1329
2489
2632
2552
2488
3668
1803
2697
3333
3231
2571
2735
2809
3198
3015
3356
2533
2395
2196
4542
2404
2052
2403
3440
-1
2653
2484
3123
2915
4645
4878
2191
3159
2148
2880
3765
3139
1486
2571
2935
3492
2623
3488
3216
1692
2477
2604
2003
3140
2265
2968
3597
2570
3670
2715
3353
2575
1923
1702
3310
2374
3816
2033
2219
2470
2702
1252
2583
1909
1159
3201
2715
2245
2488
2501
3060
1867
2159
1598
2699
4122
1891
1590
1196
2818
2548
2541
3193
2758
3265
4392
996
1756
3564
1549
2278
2535
3235
2426
2065
3236
3255
1962
2735
2209
1923
3424
2115
3208
3060
3217
2899
2713
2177
1319
4064
2796
1883
2537
2325
3100
2776
4166
3904
2508
2471
3341
1734
1220
2990
3083
2905
2225
2554
2348
2412
2930
2728
1882
1518
3355
3743
3198
2568
2470
2904
1915
2670
2870
1588
3051
2506
1497
2767
1553
2703
731
2708
2561
4412
2816
2250
2393
4494
2874
3597
2367
2584
2238
2631
2163
2614
1932
2268
2789
2596
3452
3004
1362
2779
2546
3010
2001
2026
2844
4303
4790
2769
2426
1420
1587
2914
2427
2539
2253
3881
3054
2296
2327
2490
2611
2050
2495
1611
1925
2009
2769
2287
2866
2772
2594
2697
2615
3438
2052
2702
3907
2713
1212
3275
2081
2420
2238
2468
3122
3154
4530
3250
2149
2393
2789
2702
2342
1966
1266
2799
1983
1076
2096
2638
2988
2713
2520
2965
2913
2149
2895
3325
2411
2693
2058
2171
1898
3005
3408
2829
4231
2695
1724
3608
2595
2214
2173
3008
1583
2440
2931
3394
1929
2501
1995
3561
3345
3449
3866
3687
2009
3205
3087
2584
3677
3293
3161
4103
1392
1927
3606
2880
3221
2562
3407
3745
1413
1987
2998
2610
3627
3588
1890
3576
2603
1033
2861
