4765
4198
4152
3152
3274
2773
3052
4685
2594
3250
3737
3231
3131
3344
3610
3819
3942
2844
3034
2667
3832
3753
3488
2685
4491
3001
4977
3958
3593
3862
1882
4645
4072
4072
3203
3433
3479
2092
3542
4341
4608
3635
3754
4175
4806
3944
3459
3904
3909
3363
2636
3240
2596
4364
4659
4023
4952
2731
3623
3713
3417
2682
3031
3162
5340
3357
3877
3227
4138
2899
3052
4457
3049
4974
3935
4089
3642
3772
2401
3342
2596
1628
3248
3989
2614
3049
2988
4014
3076
2915
4569
3990
3954
3598
4676
3179
3067
3796
3296
3029
4142
3326
4600
3611
3820
2670
3821
4154
3411
5336
4577
3138
3672
3866
2269
2931
3461
3907
4404
2887
3016
3195
4700
4259
3366
4310
3749
4163
3255
4200
5026
3601
4014
2616
3256
3894
3357
2707
3893
5911
4152
3283
3706
3022
3737
3712
2536
5075
3707
4197
2318
3982
3772
3864
3257
3339
3352
4126
2420
3866
3201
4690
3358
4290
3351
3397
3614
1981
5784
3608
4380
3418
3280
4669
3745
3743
1556
1746
4608
4224
3772
3245
4373
3557
3006
3625
3388
4035
3735
4708
2753
3164
4166
-1
6263
4059
2904
3703
3700
5112
3495
3054
4398
2371
4074
3487
3388
4078
2733
2169
3972
2932
3997
3545
3409
3138
2894
4369
5661
3086
3182
3016
3388
2689
4125
4556
4209
4359
3393
3224
3370
2872
3316
3549
3350
3612
3047
4217
2982
3300
5115
3805
2454
3123
3946
3005
2919
4053
3712
3849
1503
3344
4261
3877
3882
3486
3053
3761
3703
2476
3406
3687
3276
3638
2971
3024
4448
2583
3879
3808
4160
2664
3190
3187
4011
3303
2354
3096
4233
4083
3236
3859
3935
3263
4080
4829
3787
1308
4152
5017
3308
4201
3914
4146
2019
3222
2736
3872
2940
4591
4232
3902
3290
1992
3105
3388
3848
2038
3767
3264
4351
4168
3477
3274
3469
3458
3149
3244
4346
3461
2991
3612
2875
2664
3991
2556
2559
3328
4582
3276
-1
3325
3049
4027
4443
3493
4843
3997
3981
2375
4016
4137
3132
4231
4072
3841
3797
3353
3459
3115
4254
3047
2208
3718
3475
1950
4581
4080
3160
4213
4175
3360
3616
3556
3332
2491
4007
3766
4264
3027
3681
3468
4360
2284
3522
2802
3132
3997
3575
3588
2602
3408
3221
3338
2849
2914
3382
3244
3210
3266
2486
3256
3466
3217
3257
5553
3454
3175
3284
4225
3809
3660
5937
3530
2815
4043
4020
4183
3627
4304
4715
2344
3204
3958
4064
3936
3296
3110
3672
3288
4489
3244
4540
4462
4219
3932
3632
2546
3048
3071
4591
4532
3492
4346
3914
3080
3221
1895
5186
3603
3871
4056
3038
4231
4055
3887
4780
4069
5075
3256
3560
4571
3291
4508
3380
3260
3984
4238
3739
3917
2047
4274
3090
3744
2748
3671
3118
3074
5452
3281
3946
4221
4015
2900
3316
3922
1669
3244
2916
3727
3770
3174
3149
3812
3341
3393
3925
3571
3773
3912
3670
3720
3356
3955
3538
4126
3529
3114
3166
3303
3800
3855
3779
2136
4533
2781
4238
4830
3293
3347
3461
4057
3582
4906
3474
3570
3511
4043
2536
3150
3635
4076
2702
2462
4535
4576
-1
3618
3958
2911
3817
3958
4530
4037
2722
1594
6531
2803
2182
3304
3880
5813
-1
3046
3135
3820
3032
3514
4148
2425
3685
2983
4232
4717
3590
5517
3218
4617
3506
2491
2479
3139
3149
4755
3358
2652
3397
2588
3999
2756
4020
2691
3455
3233
2925
2927
3647
1250
2078
2887
3131
3793
3155
3525
3170
2848
3415
3805
3120
4000
3265
4297
4510
3739
3263
3552
1934
3952
4171
3555
4569
3109
3347
2447
3343
5125
3371
3685
3126
2681
3455
3706
3447
3640
1799
3928
3769
3358
2181
2438
3152
2807
2499
3801
3323
4040
4095
3532
2362
5382
3072
3147
3326
2854
3464
3939
4051
3714
4414
3733
2462
4421
3457
3346
3499
2926
4135
3107
3786
4414
4346
3058
4278
1482
2666
2915
3802
3699
4297
3165
5766
3185
3577
3865
3952
3028
876
2529
3540
3046
4089
4000
2274
2794
2088
4076
4035
4106
3969
4331
4009
3103
4127
2196
3772
3555
3779
3550
3158
3352
4281
3149
3403
4016
3620
3828
2928
3514
2336
2417
3117
4237
2903
3638
3915
3898
3034
3128
4435
3754
4147
3888
3019
3769
3479
5644
2910
3562
4620
4081
3789
3974
3999
2470
3796
3834
3652
4426
3673
4199
2992
3984
3080
3560
2753
3838
3359
3812
3627
3525
3204
2416
2803
4302
3940
4419
2665
4443
2614
3660
4171
3432
3277
3907
3784
3218
3159
4655
6207
4055
3711
2348
3534
2996
4176
5342
4119
3423
3478
4912
3831
3433
3286
4044
3444
4520
3830
2909
3146
4475
3023
3372
4324
3948
4252
3454
3162
3615
3277
3594
3842
4547
4662
4107
3283
3820
5405
3463
4504
3774
2958
3509
3327
4040
3759
3908
4238
3608
3632
3706
2354
4163
2851
3465
4282
3799
3490
-1
4084
4348
3178
4415
4612
3086
3803
3300
4159
3712
4213
3957
3492
2646
3826
3517
2781
4032
3928
3930
4633
4476
3538
4010
3793
4173
3801
3689
3198
3763
3923
3347
3153
4164
2294
3382
4516
3628
3967
5069
3726
3179
2473
3200
2462
-1
3790
4235
2919
3862
3596
3194
2971
4334
4681
3777
3727
2006
3752
4579
3980
3345
4689
4037
3753
4014
3842
3086
2193
4214
4329
4526
2625
4313
3714
4838
4029
3260
3373
2621
2584
4120
3241
4173
4411
3187
3436
4255
2306
3333
3579
3270
3167
3537
3207
4005
3584
3245
3445
2968
2240
2798
3825
2966
3838
3837
4303
3243
3270
3324
3155
2930
4464
3892
4450
3863
1774
5232
3530
4352
2781
3301
2899
3015
3895
4195
3265
3092
3854
2867
3105
2873
2812
1719
3274
763
3268
5011
4246
4020
4561
3174
2778
3704
4497
3862
3576
3278
4644
2888
3309
3505
2657
2498
3913
3840
3090
3604
4468
3562
4038
2796
3213
3333
5120
4141
3545
2516
4161
2547
0
3837
2864
3486
4052
3336
5152
3365
4080
2880
3440
3300
3899
3148
3158
3941
3908
2883
3779
2935
2850
6190
4073
3783
3631
4147
3127
3003
3555
3127
3673
1770
3201
2262
4444
2994
4913
2752
2912
2851
4266
3035
4345
3123
3918
3123
3626
2184
4351
1492
4078
3875
3514
3135
2814
2588
3077
2771
3728
4253
2947
4203
3160
3753
2496
3371
2949
2390
1714
2770
2778
4403
2828
4069
3337
3391
4256
2972
3131
3603
3802
3497
4166
6361
3717
3721
3328
3978
1809
3230
4136
3161
3799
3780
3038
4420
4736
4569
4572
3001
2994
4753
5055
5383
4059
3209
3611
2342
3473
2976
2781
3099
4061
2784
2620
3918
2351
3351
3340
3698
3599
3595
4026
3539
3875
3242
4628
4329
3266
3847
3413
3580
2956
2804
2943
3990
4832
4739
3406
3528
4151
2690
3088
3130
3755
2536
2454
2889
3230
4071
3372
3020
4947
2185
3425
3941
3469
3680
3548
3237
4070
2753
3191
4231
3868
4095
2338
3782
4280
3589
4678
3679
2941
2586
4607
3915
3143
4101
3893
3042
3360
2799
4320
3509
3246
3423
3526
4846
3823
3078
3580
1949
2995
2517
3776
3300
3601
3909
5121
2592
4557
3486
3834
3808
3833
4080
3279
4237
4093
2670
2827
4352
2023
3069
4018
2837
4472
3732
4055
3974
3048
3636
3733
3544
3552
3807
4171
3624
2383
2603
3489
3709
3620
4253
3484
2939
4644
2066
3526
3323
2717
4515
4844
4432
4163
3675
6824
3467
4064
5484
4358
4487
4327
4427
3193
3774
3217
4051
4107
3441
3357
4210
3686
3140
2495
4225
3885
3766
3636
2857
4643
4040
3487
3638
2270
4162
4108
3773
3968
3520
2984
4787
4741
2751
3578
3960
4168
4163
2619
2912
3152
4774
3329
3802
3661
3450
2858
2634
3875
2404
3178
3911
2800
2896
3063
3928
3930
2535
3821
4018
4309
3033
3179
3047
3583
3220
1898
2949
4495
3235
3643
3584
3374
3515
5320
3724
3134
4147
3709
4774
2813
4786
3871
3297
4104
3232
3877
3369
3028
4273
3401
4172
4636
4217
3388
3120
2736
3847
3664
2723
4752
4580
3898
4205
3876
3466
2924
4119
3908
2338
3264
3725
4191
3322
4259
4429
3592
3585
3402
3356
3667
3461
3910
2822
1061
3224
3727
3620
4219
3052
3868
3385
4915
3435
4204
3073
3305
4336
3934
3588
3525
3395
3189
4646
3415
1892
3888
4022
2923
3822
2831
3538
2972
3007
3485
3857
3549
3826
3070
2145
2875
1252
2967
3252
4215
4406
4677
3571
2970
3748
3059
2502
3546
4050
3306
2748
4514
3477
3775
3479
4040
4020
3213
3185
3154
3458
3384
3397
3419
3123
3338
4087
3562
3566
2324
2784
3640
3341
2904
3811
3852
2857
4925
3338
3685
3322
4504
3580
3964
3277
4114
4888
4822
3039
4853
4265
3460
3411
3509
990
3142
2792
4041
2760
2329
1329
3018
2597
3843
4236
3471
4023
3800
3803
2911
2833
4203
1095
3769
3064
3485
3542
4193
3767
2243
4611
3592
2805
2906
3982
3548
3559
3305
3127
3421
4890
4128
3192
4635
4077
3632
3622
4243
3374
2120
4073
2311
4369
3548
3144
4183
3738
3323
4434
3618
2979
3488
3145
3249
3642
3776
3942
4024
4112
3644
3198
3589
3222
2984
3189
3096
2413
4811
2563
3843
3507
4847
2289
3674
3737
2988
3839
2610
4134
3541
3491
3680
3395
2769
3865
2877
3610
4642
5046
3853
4338
4369
2194
3121
4018
3710
4137
1464
4296
1896
3078
3851
3746
4439
3369
3431
4991
2672
2797
4328
3129
2166
-1
4066
1703
3708
3534
2867
3875
3041
4014
3618
3153
3185
2951
4667
3586
3078
3128
2613
3470
3819
3243
4032
3468
5510
3787
3395
3556
2632
2009
3300
3291
2921
4631
4036
3752
4469
3953
5217
2708
2255
4841
4059
3368
3721
1578
3132
4957
4199
2776
2953
4342
3429
3262
4452
2997
3880
3448
4012
4141
5742
3267
4326
4019
4373
2969
3786
4444
3154
3255
3240
3327
5602
3912
3845
3444
4957
3879
4060
4010
3665
3938
3337
3757
-1
6396
4877
3249
3885
3378
1725
3827
3798
1147
3347
3967
3921
5385
2314
4301
3383
3046
2553
3647
2848
4090
4581
3721
4228
4036
3955
3368
4088
4316
3118
4345
4447
2915
4553
3436
2305
3298
3539
4328
3059
4067
3583
4216
3247
4002
3416
3007
2361
2584
3604
4739
3352
3332
3530
3413
2841
4150
4125
4254
3615
2750
3034
4698
3087
3900
4368
3839
4799
3384
2455
4640
2100
5728
3730
2253
3113
3799
3847
3290
3413
3614
5055
3598
3379
3824
2781
2686
3925
4011
2509
4709
3811
3913
4576
3672
3659
4997
1956
4727
4055
4575
3477
3462
4528
3668
4344
3585
4630
4108
4212
3417
3471
2344
3293
3242
3781
3360
3247
3196
3840
3882
4224
4183
3005
2715
4058
3652
3798
3273
3771
3925
4434
3280
4572
3378
2200
2251
3324
3895
5094
3909
3723
3600
2909
4298
2580
3268
4071
3649
3566
3019
4280
3114
2406
2765
3398
3491
3404
3079
2750
3307
2768
6955
2732
4051
4571
3944
2617
2976
3540
3343
2706
2383
3873
3979
4479
4449
3943
3149
4721
3922
3690
3953
4057
2181
3834
4137
3566
3560
2943
2062
3942
2610
3897
3924
3747
3657
5215
4524
1977
4256
2953
2703
3572
3083
3093
3948
3261
3707
2478
3678
2821
3284
3335
2823
3252
2310
3669
3118
4834
2925
3373
3790
3799
3358
3658
2890
2992
3412
3837
3774
3954
3898
2758
3818
3914
4355
3205
3918
3954
3492
3579
2476
3736
3372
5047
3273
4101
3189
3368
4649
3331
4987
3387
2919
4556
3791
2731
2894
4913
4308
3103
2863
3375
4294
4958
4155
2560
3367
2696
3734
4258
3731
3895
3742
4480
3294
3590
3637
2873
3057
3044
4029
2807
2717
3008
3028
4212
3664
3302
3597
3746
4579
3585
2197
3331
3627
3786
2671
4176
3738
2542
3156
2737
2126
4250
3077
3289
3792
2558
4739
2714
1969
4436
2787
2557
3892
3475
3723
5038
3404
3862
4729
4569
3992
2738
4808
5512
3483
3299
3940
4655
3812
3891
4211
2244
3974
2886
3485
2093
4641
