-1
-1
-1
5573
12375
10915
7653
6235
7267
6597
10974
11075
5396
-1
-1
3341
-1
11159
9962
1331
-1
-1
9675
8391
12336
9728
-1
8874
-1
9637
5732
7280
-1
-1
10976
7635
-1
8118
6685
6755
2176
8075
-1
7564
7507
7948
9167
10578
-1
-1
8701
17725
-1
-1
-1
7325
-1
-1
-1
-1
-1
7109
10471
7396
-1
14760
6921
8734
12631
5436
4422
-1
8396
-1
-1
9027
7691
12301
7023
9110
10125
-1
10811
8309
8282
11564
-1
9349
-1
-1
13355
10010
5155
-1
11373
-1
7403
7236
-1
-1
-1
9942
10146
9863
10738
9780
-1
10194
10031
6597
8855
8932
9981
9039
-1
11007
3856
-1
8296
-1
7803
10967
-1
10147
8191
12728
-1
12382
10343
6642
3246
11033
5649
7455
11617
9364
10081
7064
6143
9925
9990
-1
11172
6795
5090
10538
6019
10451
8321
9842
-1
-1
2896
10549
6421
12699
-1
-1
8021
7308
8488
-1
13822
9245
3866
8714
-1
7621
11177
9671
8350
3443
9113
12338
-1
5864
-1
11659
9057
7995
9813
9273
10442
-1
-1
7641
-1
9438
10911
5851
1438
6368
-1
7245
6318
10989
-1
11272
11747
7212
9233
7803
11386
7817
12031
11648
-1
9281
8267
7873
7480
-1
2832
10417
9760
10477
11964
2959
10612
10079
-1
8812
9274
7768
-1
-1
5973
9941
1750
-1
4494
8867
4066
-1
8341
4518
12174
9401
10602
2943
8573
-1
7797
-1
9586
-1
-1
-1
11346
7045
6724
-1
12032
9902
9833
-1
10740
8464
-1
4981
-1
4128
-1
-1
12342
-1
8309
8175
11475
7508
10437
5948
7715
7583
-1
6889
9255
8550
7783
11160
13864
6011
7632
-1
8230
7332
11784
-1
-1
8309
11628
-1
-1
8797
8129
14038
6399
-1
4949
-1
8287
11393
-1
7991
7201
-1
-1
8038
-1
9197
14355
4162
5587
-1
8434
7807
9496
11806
10580
5754
9635
-1
9868
9459
11974
7701
8961
-1
-1
10509
9823
8863
-1
8983
5547
8782
-1
11831
9713
6588
-1
-1
10079
10173
11695
4911
12918
4415
-1
9967
-1
4528
11523
8266
-1
10175
7782
-1
8345
9007
6300
-1
-1
8627
6616
-1
10259
8912
-1
10074
1508
11203
7818
11601
6993
8530
9896
3975
10317
13494
-1
10270
-1
-1
10120
-1
5865
12459
7764
-1
-1
-1
-1
13781
-1
-1
8730
7201
10155
8014
-1
-1
10500
5686
-1
10283
8223
10363
-1
-1
10786
-1
5096
6046
10933
8422
12055
8209
-1
9760
-1
10414
11284
10603
9352
-1
10969
-1
7991
9291
10969
3248
-1
8036
8835
-1
8057
4577
8357
14020
11567
8507
-1
-1
8868
-1
7595
6490
8629
5675
10908
9996
5956
-1
12800
6598
-1
-1
11233
-1
6475
6751
7202
-1
13355
9099
12804
7288
8606
14202
8499
-1
6861
12238
10547
-1
1449
8478
14529
7962
11195
-1
8479
9749
-1
11871
10288
7345
-1
5851
8978
-1
6659
17925
7415
11752
7324
9327
9869
-1
-1
10521
10564
8861
12724
9025
-1
7473
-1
15101
8645
6104
8259
3230
7187
8832
4536
9498
8945
8202
9432
-1
-1
4062
10395
8400
8436
9299
8724
-1
-1
5862
-1
-1
5557
-1
11716
-1
9839
-1
10151
-1
-1
11111
3551
-1
6701
9215
8138
5557
-1
-1
-1
-1
7120
11546
11554
8904
17196
12798
-1
15653
-1
11547
-1
9316
9121
5939
7607
10253
6399
-1
-1
-1
11631
-1
4441
9314
-1
-1
6940
6504
6004
9703
2644
14312
9560
8848
-1
16928
8577
7854
-1
9092
7762
10546
9673
14620
4749
5806
7778
7640
8262
-1
-1
13328
12474
11090
-1
-1
11821
-1
11441
10598
9839
7411
12906
-1
9445
11651
12490
10589
6692
10281
-1
-1
8156
10334
9594
-1
-1
6110
3690
6316
8257
10437
7809
-1
4017
7638
-1
9360
9322
-1
-1
6782
-1
7954
-1
13694
8918
8760
12784
9449
-1
-1
6115
-1
-1
9734
7432
11288
10529
8494
-1
9118
11169
10324
-1
5808
-1
9560
-1
9583
8217
-1
8981
5687
-1
-1
8088
12797
-1
5163
6196
11276
3052
7557
12273
6904
7210
7568
-1
-1
3163
-1
6479
-1
9625
7767
10545
9783
-1
-1
-1
11503
9808
9866
11184
-1
10294
8414
11523
-1
9348
5439
13381
3177
9629
-1
7312
-1
5682
2846
-1
12860
-1
12787
-1
-1
-1
-1
9432
12731
-1
-1
9889
-1
8886
6822
6304
-1
11835
11925
-1
9109
10946
11674
-1
8472
13157
-1
1283
6706
13541
-1
7223
7234
4978
6719
6898
10633
10891
10009
-1
9908
4137
-1
3633
13417
-1
9950
8675
-1
6071
7722
4526
-1
8101
9353
7647
-1
9231
8223
10152
12484
14555
7102
5821
13807
9828
8425
8314
3059
11871
12348
11503
9137
10037
-1
-1
4731
8066
11806
11709
11730
2719
11175
10359
11329
10158
11508
-1
12511
8559
8990
-1
3800
-1
9998
10504
7532
-1
9159
10431
-1
-1
8695
10761
9084
8811
12802
6500
-1
8713
-1
-1
12919
-1
-1
9760
7401
7534
-1
7474
10377
13961
5877
8373
-1
-1
-1
-1
8481
7411
8298
-1
11228
7834
4786
10982
8272
-1
10936
-1
5239
-1
12258
-1
11696
8569
8476
7691
2989
-1
5581
9127
11742
11924
6283
12913
12039
-1
14222
-1
-1
9196
7413
706
13184
9430
-1
11908
11312
10206
7800
11821
5728
-1
8921
8819
-1
-1
11333
11867
7120
2635
-1
8779
10134
8088
-1
-1
9834
9916
9144
11180
6958
11780
6866
6244
13941
8623
10972
5060
3216
-1
10655
9840
8856
-1
-1
-1
6120
6534
-1
5379
-1
8147
9398
10403
5860
7537
7471
-1
-1
4894
-1
9922
7152
8601
-1
-1
13605
13374
8303
7016
-1
10635
7294
7597
9334
8308
8188
-1
3561
-1
7578
7202
-1
-1
12171
-1
7147
4985
10028
8004
-1
-1
8822
-1
11927
8014
-1
-1
8897
7295
6643
7764
-1
7254
10725
-1
8671
8692
11307
-1
5798
-1
6366
4608
-1
4941
7050
8669
5544
1557
-1
-1
9079
-1
10467
-1
-1
12832
4457
6042
-1
5566
9318
12790
13158
-1
-1
5552
13741
7339
9313
7420
8992
10021
-1
4707
8771
-1
-1
9676
6771
10524
9977
6339
10170
8395
8219
6448
12015
6115
8501
8855
10814
8594
-1
8704
-1
10742
11566
10023
7127
-1
12683
1476
9305
-1
-1
13847
6526
10804
7142
7690
8126
8886
6307
6841
8077
7390
8242
17810
6263
-1
14621
-1
-1
-1
10017
8559
6278
7623
-1
-1
-1
7933
8809
2717
-1
-1
11574
9364
12788
8520
6558
8471
-1
9343
-1
-1
10190
14834
9337
8602
6301
10792
8166
8075
9484
-1
12098
7834
9563
9330
8777
9641
10724
11068
-1
14525
9148
10909
9523
12150
-1
7917
5849
-1
8412
12561
-1
8682
9694
8760
6080
-1
8699
8426
-1
11039
-1
-1
6992
6480
7806
7312
11536
10679
-1
7285
-1
9661
13020
5947
9968
8673
9335
7858
6853
9502
12181
4046
8255
9826
6800
-1
10909
-1
11681
5858
-1
10683
-1
5245
-1
6759
9560
7632
9164
-1
3874
14581
-1
-1
10104
7499
7349
-1
10432
-1
7938
8756
11186
9418
8084
8354
9043
4288
12170
10608
-1
-1
11288
-1
9569
10963
11795
7302
8530
11499
5647
-1
10620
11421
6060
11581
-1
5141
-1
9413
9586
5416
9456
17888
8115
9817
7354
7693
8183
-1
-1
5992
9615
10160
-1
6837
7585
8126
6499
8563
9786
-1
7482
5505
8896
10325
12628
8414
-1
7689
7913
7590
10899
15010
11314
-1
13049
9744
-1
5267
-1
6441
12832
5309
10737
-1
10140
-1
8004
9017
8508
-1
6265
-1
10064
9392
9035
8445
-1
7922
-1
-1
11023
13789
8934
8033
4742
11854
7431
-1
10337
10798
8522
6305
14353
-1
7088
10224
10328
-1
7629
6659
5318
7582
5576
7547
5571
-1
-1
-1
10923
10843
9726
-1
14270
-1
10746
8397
9489
10817
-1
13534
-1
-1
4735
-1
5796
7461
-1
-1
-1
9564
-1
-1
-1
5697
7064
8252
7870
8804
7204
9401
8461
7190
3268
8720
7322
-1
7028
-1
-1
9193
8865
-1
14559
8036
-1
11985
5721
12554
11418
-1
5778
9009
-1
-1
9261
8927
-1
10972
-1
9682
3584
6543
-1
9343
10278
5850
3620
3772
11372
-1
-1
12387
7267
8918
8454
7392
16399
10799
-1
8977
4422
10669
-1
13722
8171
11449
10396
10657
9195
-1
11513
-1
8980
8915
9359
-1
8187
10441
13195
-1
9466
5683
10473
8968
10276
7374
6705
-1
-1
6612
7016
9101
6869
11724
-1
8794
6191
9646
13458
-1
10541
6145
-1
6965
-1
11237
-1
-1
-1
2484
-1
0
8857
8025
11133
9592
4595
4730
8618
11657
5011
-1
12497
-1
9923
-1
9844
9537
9325
7794
9467
3474
-1
-1
-1
9540
5847
7564
7931
15084
-1
10183
-1
9469
-1
4623
11141
8071
9812
-1
3848
-1
9441
7826
-1
-1
-1
6735
9169
12011
8505
7599
5186
6691
7357
10752
-1
6719
10962
3734
6685
10548
8678
7451
9774
-1
-1
9760
-1
12647
8024
10381
9005
-1
5370
10034
-1
11277
12036
8897
13044
-1
9523
-1
4889
9619
9607
-1
8843
-1
7804
-1
9259
8309
10087
10825
13198
-1
9902
-1
6019
-1
11537
11851
5758
7569
-1
-1
7605
8740
-1
-1
8926
12260
-1
10216
5984
-1
9515
5835
9569
-1
8292
10623
7222
4494
7568
7074
10801
3878
8467
7471
-1
11563
8200
7430
11871
9068
-1
6967
9005
-1
-1
7761
6291
10710
8686
9280
10203
8605
11157
7777
9777
10645
8093
7952
10625
-1
10411
5703
8503
11358
5487
-1
7833
10875
-1
-1
6482
9614
9030
11857
11617
10276
6039
14659
10573
7881
8067
7145
6191
7118
3295
9084
8837
11003
11441
-1
9609
-1
9273
-1
10246
9334
-1
9472
16382
8617
6764
8075
-1
6889
7026
8223
12281
7693
11451
10805
13779
11388
-1
3215
6856
7327
6031
10717
11850
11902
6480
-1
5987
16279
6504
8788
7823
6323
6791
-1
-1
-1
8953
9646
2674
11299
3445
3997
11376
6124
9121
7447
-1
8552
8799
7201
7173
3804
7723
10184
6968
11082
3809
9145
11187
9612
5495
-1
12799
9898
7293
-1
12697
10739
9873
-1
8307
-1
11650
-1
-1
10827
9215
8245
10331
-1
8394
8062
-1
12310
-1
-1
-1
9838
-1
9450
-1
-1
6379
8218
6669
4196
9002
-1
-1
9135
15969
10045
8709
11356
8939
-1
8278
15363
5359
9950
-1
11711
9203
10674
-1
9732
8430
-1
9801
-1
-1
-1
8363
8902
5661
9741
4442
9396
9451
11426
8635
6477
12444
-1
9092
11413
7385
8923
-1
-1
9208
8393
-1
-1
14345
8963
9500
9241
-1
3473
9266
9078
8515
-1
10523
7793
6895
9868
-1
10376
6805
9262
12586
12158
9417
-1
6470
5517
10124
8118
11343
-1
-1
10903
7000
-1
8437
7809
-1
7643
-1
7267
9780
8425
11080
6588
4053
9251
-1
11645
5772
10327
10943
9320
10377
9191
6404
8244
9902
8828
-1
10074
9814
7778
-1
11439
7952
6141
5917
10965
7556
9387
-1
3934
3838
11405
7145
7118
7298
7850
-1
5265
10166
13481
9576
4780
-1
9609
-1
7583
-1
10477
8911
-1
9733
7152
10628
-1
-1
6306
13566
8658
5458
-1
4111
-1
12072
-1
-1
4770
-1
7283
9180
9775
11962
8570
14683
6494
8764
9712
6516
8947
7784
10734
-1
9566
-1
7759
12551
-1
7507
8383
10968
10901
11104
9168
8457
11570
-1
8242
7614
-1
7580
11322
-1
7827
-1
9005
6826
7625
3453
9241
8119
7908
9582
10864
11516
1028
8755
-1
-1
9079
11928
-1
-1
8007
10116
10908
-1
9309
10379
10494
9578
-1
9019
6553
9408
9015
9755
6227
5882
8784
-1
-1
10072
5413
5345
-1
-1
-1
8582
-1
11566
-1
4407
8645
11095
11973
6023
11379
9076
9486
6973
9481
7731
12403
12281
6504
6204
10399
7054
-1
1974
7161
-1
3262
12247
6366
-1
