646
709
333
563
473
601
616
367
501
714
599
353
639
311
472
438
572
613
586
543
503
482
555
567
575
287
550
614
482
588
442
605
356
568
535
557
905
610
522
583
615
524
635
514
638
528
266
542
962
488
396
642
488
492
255
608
676
531
457
780
532
677
453
586
772
809
574
606
738
304
435
501
607
632
576
448
273
534
762
422
558
996
643
784
615
537
540
583
804
603
754
334
344
577
792
686
453
451
541
646
593
650
566
751
632
419
776
703
571
446
634
732
429
246
618
782
823
595
727
452
392
531
545
258
385
544
0
879
437
461
566
446
513
601
585
448
411
519
326
564
583
270
685
493
437
745
612
467
548
461
701
718
491
628
424
614
732
664
608
576
718
641
546
698
674
703
478
654
417
310
309
488
305
577
580
386
561
519
562
673
466
512
597
602
532
690
670
616
565
555
572
694
383
615
503
544
600
597
643
776
126
708
597
607
414
657
814
622
675
706
532
351
577
713
592
581
662
466
597
577
683
497
554
633
451
552
1038
558
553
519
469
590
570
719
581
535
709
671
485
441
490
792
551
593
598
690
551
730
502
462
429
306
622
691
723
606
607
447
595
757
515
447
413
510
551
627
628
511
481
689
795
590
607
574
602
750
484
715
600
600
695
326
372
750
579
417
504
368
677
736
493
