88
1781
1863
2199
1244
1332
2000
1803
1825
2477
718
1155
1969
1550
1482
2221
1620
1733
2091
2194
1552
1945
2848
1515
2285
1283
994
1190
917
2263
1881
1345
1411
1243
2513
2990
1820
684
877
2279
1780
1525
2079
1300
1339
1716
1827
804
1003
2691
1812
1722
1022
1155
1909
1709
1455
1466
1449
1790
1720
1925
870
1528
1929
536
1235
1157
1441
1982
2466
1486
1642
2033
1222
1624
1947
2011
1208
2146
1997
1439
973
1963
1321
1517
375
780
1916
335
2656
1401
2119
2693
3374
2077
1205
1241
1709
1465
2681
2563
2592
1682
1635
661
507
2727
2229
2061
1929
1771
1907
2565
1763
1956
2280
1767
2563
1521
2384
1626
1160
4096
986
1434
2180
1954
1579
1887
1775
1486
1705
2335
1365
1399
2032
1415
956
1422
1441
2110
2232
2059
2068
2336
1412
2450
1257
2112
2512
1764
2051
1246
2045
1850
1758
2067
1768
2322
1986
1264
1293
2724
1498
2648
1548
1975
1716
1993
1609
2082
1985
1432
2298
1043
1990
1557
1604
2386
1327
1923
2200
2032
1690
1491
2304
2173
736
2119
2061
2511
1642
1711
1428
1703
1901
1940
1964
1387
2175
1508
1926
1043
1609
1909
1513
2549
1463
958
2942
2303
315
-1
67
1524
2050
1722
1629
1557
2356
2528
2221
2390
1749
1607
1047
2533
1348
1802
1805
1110
1538
1971
1286
1571
753
2655
3197
2025
2212
1733
1524
1372
1544
1244
1043
1609
3121
2428
1730
1676
404
1515
2101
1646
1877
1485
2139
2535
2223
788
1560
2769
1937
2127
1122
1854
1555
1682
1892
1913
1851
1447
2221
1758
2306
1712
2914
634
1821
1443
1333
1089
1540
2184
1692
1398
1767
726
1645
1262
1975
2076
2019
1623
1931
1789
2533
1789
2105
1794
1939
517
1830
1872
1466
1721
1620
2362
1564
1862
2092
1578
2273
581
1627
653
2388
1943
1861
1679
1746
1646
1988
1551
1716
2133
2042
2242
1817
1664
1114
1765
1089
2156
1735
1659
1487
2670
2037
1233
1682
1760
1525
1695
1523
1976
2141
2711
2790
1324
1584
2292
1469
2304
1917
1757
1873
2367
2114
1764
1039
2611
2151
1839
1766
2180
41
690
1604
1417
2089
1808
1945
1942
1577
1414
1140
1315
1901
2608
1820
2010
2199
2258
1584
2984
1914
1721
2335
1610
2121
2790
1414
1970
1641
1315
1567
1138
1329
1758
1928
2072
1077
2289
809
1006
2185
1304
1806
1238
1216
2200
1705
2037
2548
1793
2063
2261
1589
1866
1484
1044
2039
1993
1637
1314
1595
2095
2472
1628
1607
1697
1896
1997
1761
2034
1857
1982
2259
1947
1363
2029
3150
876
2042
2113
2912
1882
1964
1517
2112
936
1503
2863
2629
1610
2317
1671
1317
873
1592
2112
1866
1863
1548
915
1987
1876
1632
1747
1412
2027
1644
539
2224
396
2040
1999
1332
1642
2204
287
1033
1376
2545
2212
1931
1493
3680
1857
697
2072
1565
2220
27
1283
2086
1930
1770
1040
646
1698
1533
1794
1153
869
1299
1836
1071
1839
1784
2205
1242
1203
2280
1224
1219
1586
2359
1339
1075
914
2464
1155
1783
1829
2251
1720
2044
1298
1486
1992
1820
1723
2367
924
1899
2014
2074
1626
1821
1520
977
2106
1351
2642
1366
1767
997
1597
2210
1719
546
1333
1147
1904
2033
1502
918
1807
1030
2536
1933
1548
1939
1265
2435
1403
1690
2236
1161
1660
2067
1101
2954
1346
1550
1546
2548
1654
1893
1962
582
2451
800
2117
1987
1455
1022
1441
1562
3358
1284
2018
2040
2173
1649
1764
2344
1153
2379
572
2460
1460
1498
1284
1586
1212
2207
291
2073
1326
2389
2052
2354
2025
2674
1972
2236
1904
2276
1574
1540
316
1637
1290
1847
3474
1608
844
1551
1971
2339
1604
1187
2078
1259
1154
1734
1547
2498
933
1809
1784
1705
1324
2143
1704
1501
381
2010
1883
1892
1665
2571
2027
1856
1497
1383
1402
622
2199
2083
0
1452
1572
1680
1715
2087
1481
2070
1650
1614
1006
1711
1813
1289
1285
858
2329
1394
2224
1683
829
973
2217
1549
2400
1922
1156
501
1929
1763
1519
2132
2177
731
1995
1561
1645
1930
1916
1919
1698
1512
2047
1197
1822
2623
2725
1507
1162
998
2206
1626
1678
1504
1646
1559
1691
957
2021
1355
2055
3286
1933
1674
2190
1650
2305
1416
2179
2963
1695
1313
299
2791
1757
1535
1379
711
1383
2126
1249
2239
2856
2491
1756
978
2234
1643
1467
1955
1484
2262
2396
1408
2320
855
1361
1760
2233
1040
2238
1613
2502
1590
1423
1496
2277
1550
2589
1049
1397
1791
2175
2762
2107
1801
2538
1599
1664
1812
1129
2197
2056
1974
2263
1734
1245
2294
2181
1500
2191
969
1582
1875
1603
1961
2467
1775
2155
1125
1453
2007
996
1839
2631
1366
1695
1845
1829
2156
2103
927
2725
1031
1085
2507
1567
1706
2382
1337
1630
130
2042
1864
3545
2013
1778
1393
2204
1693
1624
1995
1812
1510
1439
1072
1476
1742
1459
302
1290
2000
918
1834
1867
1197
2027
2051
989
1094
3326
1440
2262
2627
1649
2373
618
1571
1250
1943
1409
2582
1561
3383
2005
2073
1015
766
1310
1294
1886
2533
2499
1063
2159
1333
1752
1606
2070
1258
2969
1780
1412
2177
2037
778
1965
1773
2086
1626
1729
1381
2061
2921
1570
