3528
4334
3703
3958
4637
3776
3688
1872
4601
3559
2580
4104
3949
3580
3694
3210
3366
3779
2369
2676
3855
3022
2970
3681
3333
3958
2034
4363
3739
4736
3423
3478
3033
3898
3280
3029
1068
3332
3341
3218
3904
4452
2985
3756
2858
3591
2766
3402
4937
3760
3148
3566
3529
3135
4279
3839
3528
4319
3718
2908
3858
3846
3699
3455
4413
3906
3551
3927
3283
4484
2350
3802
4023
3100
3879
2885
4105
4173
4176
3287
3089
3269
3168
3052
4103
2100
2977
3684
3901
2845
3560
3225
4297
3783
3215
3745
2567
3252
3063
2186
3149
3436
4542
3107
3031
5024
3037
3533
2928
3401
786
4757
4006
3973
3823
2998
4658
1505
4062
2743
3880
2796
3422
2467
2906
3905
3674
4011
3021
3695
1765
2826
2970
4155
5352
4186
3809
3625
4001
3476
2988
4800
3846
3685
4452
3083
3292
3235
3253
3231
3209
3342
2614
3419
2863
3695
4202
3424
3169
3129
3725
4113
3160
5644
3157
3439
3861
3810
3905
3305
3322
3391
4199
2656
3900
3712
3409
3519
3342
2792
4428
3652
2898
3161
3392
3399
3738
2188
4345
3639
2809
3578
3967
3477
3166
-1
3717
3306
3463
2963
4148
2659
3895
3192
2895
3414
3241
4290
4299
3877
4118
2861
3287
4291
3727
3951
3503
4052
3422
3816
3553
3699
4263
2933
4030
3667
3474
4066
3660
3701
3578
3291
4290
3932
2947
3009
3113
3293
3481
3281
2981
1257
4344
3116
3860
3573
2757
4233
4224
4150
3371
2864
5246
3592
3678
5144
2999
3800
5399
4379
3349
4419
4028
3874
2814
3933
3322
3738
1584
4358
4285
3999
4816
3691
2869
2881
3809
3315
2447
1963
5127
3071
3324
3115
2808
3277
3319
2734
3040
3707
2122
3920
3707
3710
3969
4057
4300
4220
3415
3492
3377
5388
4423
3939
3544
3801
3832
3253
4057
3998
3924
3737
3958
3887
3281
3484
3702
4140
3582
4214
3644
1910
3730
3019
3844
3721
4418
2959
2956
3999
3359
2713
1252
5001
3067
2599
4197
3703
4034
3058
4082
2617
4537
3704
3717
3409
3799
3921
3003
3959
3781
3726
3690
2678
2856
3110
2916
3789
4056
4059
3906
3097
3751
2924
3310
3753
3831
2453
4328
3576
3628
4397
5871
3231
4195
2978
2194
3873
2598
3214
3405
3566
3232
3695
3768
3515
3737
3836
4399
4161
3650
4402
4634
2952
3207
3741
3218
4587
2512
3374
3908
3833
2365
2820
2329
3052
3233
3836
4004
2359
3639
3775
4159
2474
3657
3428
3644
3240
2942
3114
4032
3377
4211
3685
3084
4161
3292
2945
3547
3656
3215
2260
2367
2994
3535
2725
2525
4183
3463
3463
3831
3205
3200
4026
3969
2610
3593
3052
3931
3504
3257
3427
3344
3768
3106
4443
4659
3456
3040
4092
3909
4018
3728
3520
4307
3906
3452
3783
3221
3725
3004
3407
3924
2548
3544
3221
3771
4158
-1
3003
4317
3788
4061
3113
3529
2280
4069
2613
3595
2767
3217
3788
3854
4312
3778
4304
3259
2771
3486
3119
3748
4835
4162
2301
3507
3642
3643
3121
2404
4326
2433
4129
3502
4714
3301
1342
5491
3413
3670
3037
4000
3130
3643
2672
4205
2869
4138
3296
3447
4102
-1
3853
3340
2234
3621
2779
3776
2967
4027
4154
3098
3426
3052
3275
3205
3681
4055
2988
2877
3865
3419
3588
3356
4074
4665
3354
3612
2753
2978
3776
2614
4552
4353
2909
3907
3661
3858
3061
3739
2890
3360
3275
4287
3499
3744
4392
5293
3533
4031
3165
3375
3969
2911
3417
3468
3179
5338
3989
3424
2211
3456
4169
3436
4211
3460
4049
3792
4106
2897
4577
3886
3662
-1
3726
3670
3679
3302
2377
3510
4020
3482
2969
3541
3844
3216
2782
3813
3133
3713
4154
3162
3832
3700
3369
3233
2447
3668
2822
2884
4042
3672
4118
3178
2888
3919
3178
3366
3681
3843
2659
3046
3762
3942
4039
3139
3936
2232
2744
4270
4620
3390
3789
3498
3489
2973
4314
3063
2953
4025
3484
4037
3853
3365
2897
3671
3929
2496
3568
3561
2295
3438
3165
3350
3572
3882
3718
4020
3902
3849
3442
3899
3986
3706
3197
4273
3354
3152
2853
3788
4092
3380
4095
3583
2130
3511
4216
4954
3105
3306
4772
2907
3622
3673
4093
3284
3292
3801
3811
1938
3456
3324
3738
3491
2711
4000
4048
3301
2544
2908
2968
3519
4086
4145
3797
2416
3710
4100
3671
2825
3878
2930
3445
4119
3428
4236
3526
3655
4941
3976
3905
2985
3308
3440
3404
3756
2295
3025
3884
3237
3259
4024
5304
3346
2620
3572
3195
2937
3146
3996
3843
3950
2649
2523
3436
4792
3308
3879
3625
4183
3940
4052
3416
3750
3795
3529
2844
3371
2607
4146
3627
1737
3458
3095
1888
3281
4170
4083
3795
2324
4066
4129
3480
4720
3661
3674
4435
3105
3157
4734
2926
2756
3191
3003
4083
3965
2510
3482
3860
3246
4255
3575
3358
4239
3413
3143
3135
3943
3672
3813
2873
4032
3118
2518
4082
4552
3838
3721
3537
4047
3604
3597
4356
4122
4122
3542
3825
3721
3610
2446
3998
3409
3478
3480
4039
3591
3000
4665
3504
3759
3447
4357
3394
3850
3075
3438
3354
2579
3288
3477
3349
2996
3740
3220
4203
4417
3661
3499
1569
4645
4457
3645
3151
4016
4113
3295
3789
3447
4590
3398
3717
2831
2753
3409
2997
4104
3527
2998
2905
3587
3506
3674
3612
3217
3406
4044
3526
4041
3580
2997
3190
3808
3959
3472
2581
2232
3361
4148
3868
3878
3205
4135
4323
4350
3497
3062
4763
2205
3814
2764
4162
3698
4035
3396
4261
2493
4220
-1
4314
3897
3142
4628
2726
3646
3212
3284
3916
4128
3508
3123
3680
4188
2340
3978
3170
4350
3693
3644
3565
3619
3443
3207
3378
3517
2926
3755
3342
2819
4729
3301
2890
3914
3531
4283
3504
4483
3510
3244
2280
4420
3184
4155
3457
3181
3619
3274
3549
3832
4022
3766
4526
2376
3627
3983
3554
3454
2722
3115
3551
3279
3591
2649
3270
3463
3689
2815
2287
6008
3188
4148
4156
4317
2899
3373
4248
3887
1770
3028
3492
3577
2971
3058
4393
3427
3846
3618
2793
3764
2873
4296
3220
3511
2826
3669
2422
3819
3536
3322
2553
3781
6482
2718
4535
3356
4239
3435
4989
4531
3599
3582
3252
3690
4988
4152
3126
3574
3272
3118
4163
2814
3771
2943
2845
5185
3959
3778
2712
3549
5000
3929
3734
3892
3344
4339
2411
3255
2781
1761
2718
3102
2704
3702
3418
3250
3408
3301
3101
3313
3884
4001
3095
3139
2970
2499
3339
4206
3751
4430
4365
4809
2798
2630
4737
3168
4105
3003
3387
4049
4419
2945
3378
4135
2398
3565
2986
4811
3987
3274
3265
2883
3767
2923
4077
3092
2484
3729
3756
4389
3260
2362
3064
3803
3660
3501
5307
4083
3403
3790
3987
1979
4054
2493
3946
3452
3591
3588
3516
4137
3729
3009
3754
3025
3540
3240
3480
3038
3418
3549
4698
3198
3573
2469
4024
4047
3891
4209
3105
2755
3480
3626
2345
4042
5308
3447
2270
3770
3582
3864
3792
3555
3076
2652
2653
3048
3517
4342
3152
3773
4048
3718
3494
3184
3082
4434
3601
2707
2788
2803
2305
3514
3527
3626
4808
3393
3623
4777
4193
3743
3703
3663
2488
3600
3621
3347
3024
4011
1847
3612
3533
3449
3521
1815
2665
2996
3941
4402
3082
1677
3305
3539
3255
2670
4042
2248
3140
3915
2522
3437
3387
3119
4319
3365
3607
4028
3205
3552
2958
4470
3159
2996
3128
3031
2672
3816
3884
3511
2883
3165
3207
2980
3601
3487
3801
3356
2956
3893
3169
2315
3443
3971
3049
4134
3151
3962
4552
3049
3716
3934
3190
5371
3311
2788
3653
4423
3379
3770
3395
3563
3300
3265
3464
3957
3416
2201
3587
3008
3295
3453
3599
4036
3471
3617
4488
3689
3420
2474
3282
2934
3047
4373
2745
4522
3874
4039
2867
4122
3397
3293
3968
4884
4474
3791
3378
3831
3381
3466
3837
2673
3095
3510
3025
2936
3014
3348
4772
4743
4470
2484
4442
3960
2169
4682
3853
3244
4032
2939
3744
3516
3368
4058
3475
2526
2732
3756
1556
4298
3004
3210
2679
3274
3392
3913
2995
2854
2972
2594
3879
4104
3738
3102
3512
3455
4088
4498
3982
3724
3281
4214
3344
3964
3695
3426
2158
3367
3021
3564
4249
3127
4161
4001
3052
2874
4513
3814
2794
3413
3141
2799
4480
2626
4185
3894
3669
3164
3411
3089
3169
2760
4152
4237
3190
4152
4606
3868
3643
3655
5101
3066
3499
2762
3246
3659
3513
4419
2718
3702
1572
3274
3473
3715
4666
3599
3787
4161
3391
3987
3504
3134
4052
4996
5329
4125
3113
4581
1969
4208
4154
4252
4040
3621
3162
3850
2594
3005
3021
6525
3956
3548
3466
5330
3741
3126
3797
3821
3596
3105
3930
3329
3338
3464
3294
4032
3152
3325
3554
3287
3071
4013
3506
3071
3582
3745
3225
5509
3178
3080
2447
3620
3855
3312
2687
3664
4035
4339
3831
4050
3684
3626
4190
2707
3836
3361
3007
4667
4136
2992
3947
3035
4557
3667
3931
3432
3568
3267
4894
3367
3911
3252
2411
3302
3506
2172
4054
3801
4284
2872
4055
3884
4702
3983
3792
4865
4357
1832
2599
3799
3694
3276
3871
3904
3804
3203
3266
3883
3611
3228
3824
4386
4115
4301
3605
2892
2259
3166
2199
4848
3248
3502
3444
3859
4140
3390
3568
4281
2839
2638
3723
2318
4419
2789
3178
3200
4198
3345
3746
2652
3684
3240
4066
3915
4464
4567
3330
2379
4141
4425
2541
3323
2754
2979
3345
3390
3452
4698
4508
4101
3309
3001
3686
3242
4088
4423
3708
3213
3037
2227
3827
4050
4148
3504
2526
