3403
3431
4453
2129
2801
1639
3115
2722
3364
2566
4255
4126
4042
3221
4223
3159
2828
3099
3041
3193
5452
2914
3930
3544
3122
2483
3672
2419
3525
2790
3304
4078
2936
4586
2553
3070
2791
2833
3607
4249
3671
4073
3411
3870
3625
3683
2741
3533
2392
3595
3613
3382
3041
2656
2825
3465
3417
2742
3834
2649
1894
1846
2325
3683
3556
3680
3439
3362
2730
3574
4607
1481
4551
3288
-1
3377
3874
3514
3738
3363
2450
3490
3655
3206
2300
3138
1702
2824
4483
3492
3774
2235
1476
2275
2603
1908
3940
4204
3567
2933
2950
3764
3631
3854
4484
2190
4064
0
4391
2516
3224
2373
2962
2985
4889
2438
3703
1780
4173
3407
3196
3353
1280
2349
3559
3609
3075
4062
3626
2264
3047
2565
3465
4373
2095
3010
2994
4429
4044
3095
2902
4324
2635
3657
3593
3345
3611
3248
3285
3614
3204
3268
3318
3985
2382
3589
3924
4419
3394
3091
3289
3196
3386
2947
3798
4442
1982
3950
1675
2201
2877
4102
2701
4757
2954
3590
3514
4476
3873
3270
4498
2733
3017
3839
3823
3989
3658
3308
3604
3496
3927
2925
4207
3535
2487
2062
3939
3235
2720
3739
2922
2663
3181
3955
4116
2299
3503
3470
2962
2975
2506
5023
3321
3126
3094
3777
3178
2896
3644
4017
3650
3268
3244
4933
3024
3611
3140
3747
3763
4260
2790
3197
3231
3369
2881
3097
3318
3661
3221
3588
2555
3712
3652
3517
3419
2838
4067
3503
4531
3423
2930
4902
3999
3998
2214
2956
1863
3824
2440
3498
3636
1842
3390
3609
3501
3308
3674
3701
2870
4249
3065
2408
-1
3119
2837
3154
4306
3668
2944
2957
2503
3481
3552
4565
3588
3336
3182
2931
3902
3182
3689
3099
3357
3115
3195
4656
2463
2824
3765
3702
4663
-1
3617
2362
4544
3126
2897
3147
3582
2428
3235
4018
4170
4125
4470
2614
2988
2861
4165
3973
5148
2012
3403
2910
4167
3449
3046
3045
2696
3149
2510
3311
2895
3602
4682
1811
2465
3637
3724
3596
2637
2673
2517
2716
3192
1907
4063
3242
3505
3872
2982
2719
4358
2736
3066
2480
3229
3088
3417
3622
3548
1923
3034
3189
3796
2559
2069
3242
2090
4038
3409
2650
3378
2542
3443
3429
3435
2137
5221
3796
4825
3726
2646
3967
2584
3479
2551
2896
2925
3156
2315
3490
3674
2679
3513
4178
2440
3398
2920
2786
3811
3728
2834
2602
2327
3184
2923
4523
2636
2113
2489
3167
2800
2480
2729
3132
2320
2642
2807
4491
3508
4655
2958
3125
4362
2705
2277
2750
4008
4299
3240
2461
2980
3730
4033
3335
3798
3667
4397
2426
4096
3457
3656
2011
2978
4046
4210
2901
3382
3380
3355
3543
3110
3023
2754
2582
4187
2317
2977
4525
3336
3943
3710
3357
3326
2956
4122
3329
4159
2749
3219
3648
2273
3950
4373
3253
2580
3799
3142
3602
2613
2406
4215
3488
2754
3466
3178
2494
3526
3673
3799
3396
3153
3940
4030
2934
3422
3086
3041
2930
3358
5174
2207
4673
3687
2934
4047
2395
3213
3103
3938
4124
1490
3775
2848
4585
4045
2903
4068
3249
2484
3515
4131
3317
3527
-1
3356
3978
2895
2806
3621
3846
3245
3482
3112
2643
3033
4764
3338
3538
3951
3544
1994
3122
2679
2838
3155
3169
3229
2583
1653
3473
3421
2402
1685
2926
3184
3503
3138
2078
2480
3125
2491
2662
3237
4759
3802
3781
2537
2343
3640
3353
2990
3536
2541
3234
3478
2580
3362
3548
2532
2714
2367
2126
3593
2580
2934
1801
3448
3682
2620
2797
3244
4223
2760
3445
2762
3579
2571
3093
2154
3560
3512
2557
1973
2052
3611
4164
3082
3070
2422
3639
2931
3306
3772
2924
3502
3891
3670
3571
2662
2748
3528
2991
4771
3541
5020
-1
3391
2395
3316
3726
3738
2220
3512
3703
3137
3478
4946
3839
3989
3653
3620
4101
4735
2993
3465
3203
3773
2274
4364
3280
2750
4835
3603
3105
3546
2164
3884
1713
4424
3491
1751
4263
4274
1938
4517
3620
2543
3342
3138
3738
4246
3649
3401
2370
2626
3308
3091
2734
3494
3030
3374
3650
2694
2507
3327
3522
2401
2486
2590
3722
3301
3536
3365
2709
3222
3553
3170
3995
1768
2900
3401
3789
3807
4058
3671
2587
3204
4202
2391
2275
3319
4381
2701
2282
3145
3023
2048
3284
3753
2641
2746
3223
3218
1814
3643
4004
3651
3339
3628
3548
3458
2967
3442
3685
3576
2184
4456
3031
3539
3877
1499
-1
2605
3357
2985
-1
2598
3197
3251
2061
3081
2983
3984
3146
3111
3035
3790
4094
3040
4822
2932
3626
2019
3647
3067
3620
3461
4103
3786
2344
4053
3591
4258
4282
2868
3659
3024
2246
3509
3489
4566
2915
1300
2432
3151
3458
3308
1890
3621
2302
3290
4223
2967
3385
3272
4355
3627
3426
3805
3492
3484
2900
3188
5198
2720
2052
3610
3420
2976
4316
3605
2873
2741
3233
568
3197
4594
2976
2978
3719
3863
3634
3605
3311
2771
3460
3096
3545
3337
3890
3540
3244
3127
4010
2723
2340
4513
3606
3657
2774
4105
4264
2983
2778
3824
4607
3206
3444
2985
3209
3055
4641
3994
3095
4015
3008
2908
2235
2787
5341
1255
3761
4356
2576
4113
3022
5711
2919
2709
4236
4133
4128
2817
2225
2973
2481
2832
2659
3162
4102
2325
3621
3609
-1
5132
2615
4655
4090
3215
2651
3201
3636
3847
3491
4745
1809
669
3982
3392
3250
2873
3167
2742
3084
1890
3473
2807
3377
4448
2077
3462
3445
3976
3418
4127
2949
3414
3160
3520
4289
4650
3122
1883
2352
4334
3506
3385
2335
3546
1541
4402
2635
3076
2467
2487
3067
2624
4298
2380
3048
-1
3721
2999
3556
2627
1382
2002
2425
4801
3515
5372
2906
3903
2821
3663
3858
3458
3500
4060
5026
4382
1888
3814
3488
3146
2629
2980
3277
3946
3512
3324
2681
3085
2706
2389
3127
2622
3782
3203
3680
2751
3283
3460
3257
1377
2988
3116
2817
3683
2883
4445
3181
3699
3000
775
3665
3094
3167
4146
2996
4199
3687
-1
3343
2881
3731
1557
3293
3861
2407
3603
4642
2962
4797
3677
3729
1385
3626
3036
4045
3675
-1
1915
3299
2849
3051
4280
2718
3301
3363
3606
3110
2137
4899
3421
2972
2350
6417
3805
3157
3352
1931
3543
3313
4164
3271
4869
3129
3114
5060
3208
3530
2993
2872
3974
2462
3476
1934
2836
2368
3928
3777
2563
2706
3499
3515
3756
2758
3312
3208
4330
3018
3461
3814
2764
3526
4123
3506
4430
3083
3028
4612
2762
2857
4215
3900
2908
2361
1391
3698
3341
3112
4148
3449
5281
3862
3460
3853
2328
4347
4172
3111
3429
2250
3914
3659
3491
2757
4759
3582
4428
3021
2640
4503
2077
3491
2842
2474
3047
3990
3594
3148
3125
3138
4283
3131
2053
2150
2802
3322
3418
-1
2748
3589
2254
4390
2221
3529
3144
3048
3063
4111
2015
4716
4432
3431
4243
4267
2463
3696
3363
2226
3661
3803
3541
3512
3711
2451
2936
3643
3781
1758
3126
3905
3203
3892
1704
3666
2365
2972
3309
3860
3627
3892
2641
3274
2186
3250
2364
2841
3487
2565
3631
2693
2237
3041
2724
3100
3677
3354
3313
2673
3375
4581
-1
3364
4059
3706
2731
3522
3876
3058
3409
3610
2789
3349
4406
3110
2189
2178
4232
2775
3474
4025
3334
3431
1369
3746
4054
2012
3375
3106
2267
3517
3011
3539
3366
3935
3451
4491
3471
3157
3033
3338
2963
4005
3580
4999
3052
2549
2115
3261
2959
2222
3008
3208
3908
3300
2944
3292
4291
2824
3519
3791
3095
3566
3398
2029
3238
3559
2299
4077
3133
3180
4366
3180
3901
3661
3406
3704
3126
3649
3630
3861
3963
3578
3093
2543
2847
3986
3556
3981
2012
3870
3117
4610
2707
3393
3994
2855
3095
3003
2421
3248
3727
2566
2741
3813
3166
2863
3167
3764
4507
3103
3201
4462
2735
3374
3134
4370
1185
3341
3466
2943
2764
3667
4171
3252
4221
2940
3074
3164
2905
1500
3566
1492
3421
4622
3462
3621
2490
3753
3091
2584
3422
3017
2709
2842
2609
3615
3034
3857
3933
3309
2725
3638
3125
2635
3493
3735
2488
3264
3289
3322
4986
2662
3258
3350
3003
3086
2400
3756
2941
3318
4048
2677
3650
2816
2237
3403
1566
3860
2447
3219
5639
3566
2810
3287
3150
3505
3767
4942
2568
4117
4714
2160
4227
3943
2989
3257
4023
3888
3759
3132
2807
3662
3169
4402
3469
3101
3049
3250
1836
3781
2776
2739
3678
3798
4673
2985
2720
3376
2799
3605
4256
2978
2338
3616
3084
3139
2993
2708
2221
2933
1312
2852
3368
3451
3746
3772
2604
4528
3672
2589
3774
2717
3860
2486
1933
3181
3694
2894
2520
1404
2762
2588
2679
3534
4422
3728
2740
3108
4125
2443
5162
3636
1228
3653
2335
3992
3731
2216
3265
3296
2701
4488
3276
3737
3095
3170
3506
4305
3567
3074
3506
3021
4874
2624
2891
3712
3128
2898
2865
4572
3305
2869
3086
3292
3704
3291
3331
2851
4216
3594
3027
3994
4118
3467
3016
3840
3159
2987
2546
3919
4150
3326
3678
2824
5505
3700
2945
2758
3754
3499
3409
4208
2978
2754
2217
1279
2485
2208
4140
2848
2742
2438
3197
2890
2955
2602
3160
1934
2832
4036
3309
3365
4297
3083
3023
2726
3295
3760
3151
3353
2624
3767
3424
3293
2396
2550
3303
2927
1277
2984
3161
4411
3125
2778
4357
1501
3106
1500
3157
2673
3555
3083
2532
3624
2528
2521
2809
4631
3181
2830
2363
3294
3728
3150
3353
3817
2963
3131
2332
3402
4281
2657
3256
3615
3335
3212
3397
2842
2979
2269
2926
2694
2992
3579
2647
2078
3057
3677
2276
3923
3982
3881
3460
4273
3389
3304
3949
3477
3025
4199
3141
3834
2892
2774
1974
3765
4093
3829
3889
3093
3110
3425
2921
3351
2418
4187
3497
3029
2853
3789
3681
4388
3430
2140
3968
3346
3765
-1
3339
3191
3677
1519
3916
4343
2542
2955
3820
3691
3851
3193
2933
3643
2582
2820
1390
3825
3293
2186
2827
4572
3131
2255
3009
3118
2851
2981
3123
3395
3537
2742
2947
3502
3314
3420
2385
3378
2473
2974
3265
3608
3345
4063
3281
2217
3428
3245
3821
752
3638
3359
3658
3033
3764
4120
3016
911
5266
3387
1465
3951
2385
3054
3361
2172
4616
3828
2549
2581
2904
3001
3586
3260
3696
2727
5576
2858
3236
2702
2906
2457
2509
2808
2833
4656
3395
3479
3229
2600
3578
3479
4105
3604
4078
2209
3710
2589
2329
3095
2883
2331
3141
2937
2284
2769
3340
2899
2886
3693
-1
3297
2934
4430
3407
2742
3696
3511
4891
3867
1673
2950
3454
2756
2442
5666
3259
3226
2920
2907
3055
1598
3046
3927
2889
3103
2833
2800
4001
3496
4060
3332
3659
3619
1135
3510
3972
1787
2342
2940
3347
4108
3406
3298
2985
3360
3619
3145
3064
3468
4085
2739
3784
4229
4094
3127
3864
4138
3337
3825
3182
4389
4514
3057
3317
3900
3621
2120
2658
2973
3005
2446
1402
2994
2715
1810
3755
3342
3268
3156
4155
-1
3105
2887
4596
2464
3722
3290
3938
3980
3504
2864
4003
2787
1829
4013
3484
3421
2113
2579
2159
4484
1575
2966
3153
3233
3268
3613
2400
3249
4187
3560
3683
4156
4253
4718
3295
3300
3690
3208
2910
1983
3781
2151
3973
3586
4961
3035
2930
3201
3512
2362
2680
3111
2593
1583
3916
2702
3721
2869
3525
3323
3433
2894
2650
4069
3245
2725
3372
3927
3214
4249
3388
3212
2813
2539
3585
3258
2037
3782
3291
2994
3339
3377
3777
3450
4227
4207
4210
3106
3397
2277
3517
3569
2946
2319
3055
2999
3003
3457
3460
4487
3100
4749
1969
4036
3319
3317
2691
1616
2169
3292
3467
3045
3639
3728
3797
3592
2522
2020
3622
2833
2312
3821
3510
2738
2207
3120
3590
2389
3015
2421
3281
4093
3241
3072
3543
2332
2904
5104
3682
3268
3106
2550
1963
3079
4073
2621
4786
3415
3178
4016
2678
3071
3396
3380
3856
1568
3898
2749
2669
4260
2901
4399
2823
4032
