3548
2301
2452
1901
2577
3138
3200
3263
2004
3299
2138
2964
3086
2935
3672
2884
2463
2329
3895
2555
3217
3012
3014
4726
2405
3572
3592
2773
2909
2464
2508
1732
2927
2572
4378
2678
2628
3716
2681
2677
3134
3801
3081
2515
3205
3067
3442
3754
4003
2481
2803
2138
3823
3927
2925
2998
2931
3211
2339
2487
2876
2483
3402
2581
3207
3723
2272
2430
2220
3834
3091
3813
3060
3758
3148
3561
2439
3536
3436
1847
2267
3168
3224
3003
3344
3077
3015
2447
3548
2656
3443
3288
3615
3557
1571
2518
1125
4015
4302
1827
3433
3163
3496
3456
2935
2283
3325
3773
3444
2472
4612
4287
3709
4106
2874
2331
4352
3808
3147
3919
2253
4464
3532
3694
3441
2533
1699
2418
3780
2479
3159
3043
2949
2486
2242
2939
3348
3924
2621
2770
3583
2562
2589
2933
4388
3638
2937
3698
3700
2719
2172
3235
1730
2899
2554
3149
2340
3807
2486
4828
3633
3927
3665
2606
3508
3406
3191
3814
1964
4107
2716
2458
3304
2033
2644
3599
3070
3043
2399
3443
3665
3860
3160
2486
1346
3572
3479
3397
3504
3276
3205
3202
3766
3101
2563
3192
1509
1099
1940
3291
3015
2669
1329
3270
-1
4388
3509
2648
3545
3029
3001
3037
2990
2244
2994
3617
3133
3295
2443
1865
3659
2046
2726
4383
3438
2609
3751
2276
2745
3636
2900
2574
2861
3767
3364
2458
4563
3172
4002
2687
3168
2651
2011
3081
2881
3933
3492
2966
4340
3390
3466
3997
3418
2341
2956
2922
2908
3082
3272
4679
2944
2934
3647
3341
4062
3565
3014
4977
2697
3597
3604
3128
3067
2931
2291
2907
3479
2923
5276
3267
2581
2518
3793
2649
3137
3591
4031
3318
2024
3260
2880
3277
3295
2961
2923
4051
3666
3458
2545
2443
2758
1897
3030
2879
2891
3343
2627
3557
4566
2722
4034
1958
3219
3060
2838
3620
3384
3013
3714
2451
2700
3215
2405
2829
1848
3896
3635
3492
2190
2948
2980
4148
3112
1659
4050
2791
3245
3514
3391
3447
1658
3070
3243
3639
4035
3354
3072
2190
1447
2753
3627
2980
2189
3597
2297
3611
3859
3813
2096
3189
2579
2986
2613
4177
2293
2559
2541
4442
1766
2956
1979
3781
3481
2887
3160
2761
2937
3440
2447
3618
3309
3657
3230
2167
2487
3986
5117
2313
3032
3086
2787
1541
3794
3517
3615
3004
2257
3411
3908
4100
5565
3215
-1
2827
3206
-1
4707
3913
3296
1857
2709
2317
4620
4439
3255
4159
2257
3997
2120
2941
3035
3076
2778
2915
3339
3047
3747
3405
2664
3118
3264
2051
2939
3801
3102
3263
3152
2835
3008
3316
3424
3567
2796
3067
2392
3291
3077
4219
3535
2968
2919
2464
4062
2457
3112
3610
2516
3185
3290
2904
4212
3949
4518
3716
3584
2420
4128
3624
3559
1909
3082
2680
2305
2947
4133
3397
3619
2837
2889
4300
2287
2421
2925
6932
3093
3560
2249
3294
2235
2173
3818
2792
2439
3853
2227
3964
2130
3965
3137
1481
2867
2672
3371
3762
3193
3249
1504
2344
3815
3520
3321
2373
3216
3229
3400
4780
3275
2763
3989
3478
3932
2839
2999
3984
2767
3285
3714
2733
2793
3273
2906
3287
4837
1751
2185
2864
2801
3062
798
2816
3233
3397
2956
3140
2909
2872
2859
3602
2324
3315
1359
1530
4453
2208
2864
2319
2854
2674
4730
3796
3502
2968
-1
2605
2751
3175
3323
2552
3094
2508
3485
3591
3093
3064
2604
2661
2534
3361
3667
3489
3433
3695
3707
2556
3737
4758
3489
3292
3519
3198
3475
3129
977
3138
3025
2280
3080
2419
2454
2677
3643
2951
2513
2133
3697
2648
3484
2794
3614
2830
2605
3341
3162
3525
2431
2309
3507
2340
2901
2386
2876
2603
3320
3870
2252
2412
2840
1454
2339
2960
4038
1970
2953
4017
3496
3301
3371
2501
1655
4429
3505
2665
3781
3032
2900
3389
2412
3061
1378
2951
1996
5208
2708
3791
2741
2517
3160
4463
2586
3452
2952
3363
3290
3728
3084
3011
3044
3456
2364
3305
1749
2311
2819
3063
2386
2814
2614
2550
2134
3695
2644
3973
2550
3502
4466
2765
2403
2934
2867
3182
3192
1433
3852
-1
3243
3320
3885
4007
2591
3756
2569
2930
2771
3275
3343
2436
4323
3895
2720
4264
4681
2863
3246
3423
1843
3384
1927
2660
2782
2411
3419
3805
2703
3195
3224
3149
2622
4058
3552
2707
2838
2783
1689
3982
2633
3745
2506
3009
3093
3512
2517
3579
2628
4444
3888
3627
2556
4189
2613
3165
2073
2879
4414
2850
2908
1965
3707
2966
1513
2666
2627
3022
1535
2544
3261
3749
4504
2858
2381
2466
4811
3424
3114
2452
2823
3060
2572
3459
4021
4577
3026
3010
3498
3136
3494
3532
3282
2390
3086
2069
3166
4010
2368
2947
3834
2494
3369
3177
2735
2937
2344
2547
2919
3943
4594
2846
2916
2592
2667
3204
3630
2663
3871
2132
4174
6110
2835
3548
3509
2941
3649
3429
3636
2577
3178
3253
2882
3267
4152
3084
2950
2891
3108
2117
3771
2837
3016
3704
3423
3088
3328
3081
2779
2696
2981
3508
2955
2078
3226
3345
3474
3381
2710
3066
1343
2373
3743
2712
2230
3212
3219
3892
3432
3173
4038
3589
3485
1613
-1
2488
3807
2454
3462
2621
3124
2727
3433
2268
1776
3328
3323
3239
2772
3480
3547
3903
3161
2779
3225
3299
3585
3152
3376
2972
2401
2807
3943
3390
3061
3072
3107
2693
4297
2950
3061
2684
2833
3029
3321
2826
3612
2304
2285
1843
3682
2808
3007
2549
3164
2935
3845
2100
3127
3388
3230
3231
4462
2765
3922
2703
2143
1332
3799
4041
4048
3915
3046
2224
-1
4192
2553
3344
2225
3559
2681
3784
2441
4085
3275
3551
3419
3784
2842
1703
3054
2791
3250
3267
4534
1690
3182
3310
2418
3090
3695
3414
3737
3135
3859
4073
361
2569
4220
2445
3375
2816
3567
4086
2960
2969
2672
2854
2828
3885
2112
3801
3563
3503
3470
3437
3976
2136
3332
2601
3119
3590
282
3513
2878
3047
2866
3167
2714
1716
1837
2628
3149
3867
3201
3240
1931
3279
3105
2319
4799
3553
3744
3005
3201
3989
4080
2521
1917
3120
2175
2388
3509
3234
3314
1683
2459
2951
2686
4098
2716
1825
3729
1696
3660
3402
2640
2480
2252
2772
3719
4635
4122
2594
3367
3191
2669
3000
1725
3051
2808
1864
174
3133
-1
3510
2856
4416
2921
1861
2676
4028
3461
3914
3218
3669
2561
2948
2385
2408
2024
2299
112
3300
3545
2788
3851
2940
3138
4225
4265
2446
4028
4303
3610
4677
2873
2524
2301
2470
3492
3342
3532
2135
3152
2368
3074
3438
2704
2526
1597
3158
2199
1937
2529
2906
3342
4081
3916
2932
2439
3001
3478
2544
3135
1824
2750
3191
3062
2261
4002
3506
3294
3200
3696
2830
3487
4147
3111
3569
3361
2725
4664
3579
2637
1979
2787
2752
2894
4764
3404
3200
3765
4276
3092
2536
2911
2776
3983
3361
2424
3425
2875
1991
3594
3401
3353
2959
2894
3268
4383
3547
2444
5087
2509
3141
2941
2804
2704
4016
3431
368
2724
2288
1342
3232
3140
3657
2872
5304
4752
3427
3121
3131
3827
2200
3386
3377
4334
3366
3421
2915
3367
2886
4037
2153
3255
3080
1779
2521
2548
3227
3184
2780
3062
3454
3783
1946
4001
3456
2632
2681
2215
2794
3065
3306
-1
2987
3518
2881
2519
3163
2266
3123
3040
3448
2870
3830
3230
3488
2832
3195
2553
4870
4402
3462
3159
3431
1805
2496
3015
3438
2998
3770
4498
2325
2533
3805
3244
3645
3070
3527
2621
2735
3223
4145
3168
3648
1826
4525
1640
1815
-1
3670
3891
2691
3424
2969
3127
3043
2767
3807
2544
4263
3464
3276
2852
4965
3911
3597
2424
4091
3097
3245
4060
2911
-1
3111
3340
2883
2404
3595
2729
3779
2624
4244
3063
2122
3496
2103
2830
2097
3131
4041
1972
2685
2796
175
3151
3696
3376
3173
2967
2836
3358
2727
2468
3303
3790
2836
2765
2923
3718
3017
2728
3608
1735
3873
1528
3376
3465
3546
1945
3581
3060
2073
3026
3720
2690
2268
4491
3608
4515
5948
3421
3108
1886
3856
4252
2385
3271
3247
2090
3023
3908
3290
3321
3517
3735
2980
2696
3585
3978
3465
2859
4846
2679
3827
3903
4678
3860
2653
3560
3005
3681
1820
2882
3195
3150
3968
2343
2069
3554
4130
3637
1693
2490
2901
186
3293
3325
2804
3284
4884
3937
2905
2748
3580
3572
2299
5644
2780
2152
3279
3169
2390
3167
3116
2628
3574
2520
2582
2245
2779
4492
4120
4241
-1
2740
3025
2435
3765
3562
2094
3530
1990
2818
2538
3409
2154
2846
2557
3416
2781
4275
3266
2875
3802
2474
3357
3702
2476
2275
3570
5064
3415
2153
2632
3447
3097
-1
2937
3760
2898
3356
3355
2704
2076
3027
2458
3065
4044
3718
3408
2522
2857
1618
4380
3208
3396
3633
2778
3589
2167
3549
2752
2571
3264
3488
2278
2988
3419
3149
3561
2785
2833
3488
2193
3018
3272
2427
5320
4017
2769
3049
3241
2611
3378
3327
2663
-1
3039
-1
4314
3328
2362
4101
3108
3102
3668
3979
1866
3964
4524
1825
3433
4759
2372
2925
2341
3195
3473
3214
3456
5116
4238
2424
3314
3356
2594
3091
3255
1457
3454
3171
3287
2959
3779
3687
4948
3450
2279
3585
2004
3733
1688
2170
4159
2686
3586
4597
4330
3654
3613
1993
3156
2939
1597
2806
3746
3327
1885
2964
2157
2377
3700
3970
3240
2902
2051
5339
3010
2289
3308
2675
2379
2658
3525
2820
2917
3416
3811
4527
2203
2411
3518
3510
2467
3592
3966
3869
2910
2621
1737
3173
3773
3403
3645
2401
2647
3295
3326
1521
2975
3151
3671
3012
4143
2145
3466
2806
2981
2244
3893
2773
3831
3046
3231
3234
2809
4015
3677
2619
3048
4029
3069
2911
4149
2598
3244
3656
2663
2840
2585
2629
2144
3416
1971
3655
3339
2330
4355
3025
4250
2447
-1
1933
2806
3483
3764
3577
3088
1732
2985
3484
3134
2789
2738
3578
3091
2651
4034
3849
2779
1832
2805
3896
3511
3189
2838
996
2933
3672
4542
3622
3470
1805
3381
2815
2586
2357
3209
3637
5033
4435
3205
2685
3940
2087
3709
4002
4368
2342
3826
3084
3575
3315
3144
2596
1775
3376
2261
3766
3190
2880
2625
2970
2425
2763
2144
3065
2066
4355
4142
2744
2636
3655
3779
3707
1417
3128
2270
3772
3495
2459
3228
3261
2829
3011
3268
2529
2147
2985
2671
2659
2900
2757
3018
3721
3772
3100
4329
3219
3968
2304
3543
3421
4845
2349
3490
2500
3342
3809
2854
3616
2512
3475
2167
4646
1508
3226
3443
3802
2048
2896
1926
3265
2316
2883
2813
3112
3264
2434
2324
4173
2431
3473
3440
3736
3853
2938
3247
3624
1904
3607
3653
3719
3143
2909
3329
2551
3113
5432
4460
2670
4126
3039
2882
3295
2528
2332
2688
3262
2825
3673
3382
2033
3665
2772
3186
3502
1642
3231
4047
4850
3164
3741
3154
3303
3437
2873
2950
3184
3296
3600
4051
2191
3199
2744
2923
2831
3647
1886
3578
3437
1659
2765
2700
3054
4097
3223
3961
4038
2480
2157
2685
3046
3352
3446
2259
3244
3601
2967
4546
3713
4323
3644
2630
4204
3563
2755
3288
3001
2069
2917
2691
3203
2834
2851
2903
3315
2558
2342
3443
3099
2628
2634
2608
2206
2716
3644
2524
3290
2839
3115
1458
2749
3906
2397
2781
3042
3519
3001
3954
2445
4194
4022
2294
2964
2821
3211
2529
3595
3158
3619
2512
2248
3476
2866
2162
2558
4501
2892
2533
2264
4033
2506
3730
2895
2788
3806
3251
2448
2648
3225
3351
3881
2821
2694
2733
3666
4078
2256
1638
2888
3657
2820
0
3117
3056
3413
5053
3570
2753
2682
2999
2690
3157
3141
2553
4878
2769
1048
3596
2539
2659
2354
-1
2502
2549
3458
3708
2416
4440
2659
3957
2268
3245
3283
4588
2242
3379
2721
3348
2121
4291
1310
3589
2858
3096
2958
2427
2893
3225
2952
659
1864
2900
3254
2775
4084
3514
3446
4506
2468
2252
