339
604
83
1124
62
473
909
669
271
253
426
312
82
1207
9
98
626
147
625
72
249
963
166
898
1062
547
573
991
65
769
235
130
92
803
193
96
180
1052
111
195
491
2
291
156
39
124
215
39
201
1184
1106
386
230
1211
605
302
35
1181
643
683
136
916
148
585
418
681
286
513
406
219
91
313
397
724
301
338
894
1240
46
91
111
1120
184
283
578
450
48
363
239
457
371
679
829
308
140
719
40
158
600
228
860
154
2
740
119
149
483
83
343
895
166
759
649
493
944
598
1070
500
570
149
665
364
441
276
698
865
115
437
650
874
1161
1112
68
496
202
186
263
210
0
283
227
97
48
143
158
620
668
742
247
197
506
560
198
109
505
376
853
299
231
377
336
1074
25
470
102
493
165
130
311
171
615
40
402
177
496
572
851
622
330
229
2
211
439
642
508
170
345
169
340
558
789
357
275
27
731
865
976
655
192
470
427
761
695
1249
666
214
286
865
749
157
583
638
701
161
215
444
496
430
560
182
210
132
700
1102
564
234
530
233
800
766
122
811
499
71
922
498
256
414
288
673
243
66
563
802
655
256
482
500
279
306
508
69
111
123
280
823
464
692
845
913
28
313
1007
269
471
784
361
389
971
532
130
796
798
408
204
448
196
1014
378
175
509
228
333
849
153
214
50
404
500
887
1223
146
1067
356
333
893
701
639
893
149
200
147
420
557
598
206
633
620
190
142
315
550
22
153
123
898
892
85
335
837
199
165
404
545
374
1042
340
415
664
491
295
741
309
422
1166
13
247
329
676
39
861
606
459
87
595
215
504
18
690
133
748
761
936
264
348
432
86
2
977
870
768
947
524
217
744
120
46
428
398
919
450
882
760
284
176
461
855
511
461
681
9
303
317
568
92
150
708
722
808
260
854
147
149
924
775
784
524
453
334
745
8
831
375
325
581
48
655
463
54
408
722
99
982
541
278
264
579
156
22
1068
166
798
201
679
228
101
29
913
105
142
75
1066
97
694
564
232
166
574
934
279
124
537
216
54
563
520
503
655
1114
817
822
571
657
509
549
600
459
742
43
1132
314
829
958
892
485
425
604
36
984
831
845
24
226
914
873
73
946
464
977
25
187
11
1093
454
40
304
953
280
901
423
666
417
909
984
292
805
1136
681
941
9
535
390
296
4
340
188
99
491
493
1106
163
104
392
856
525
203
1213
234
960
5
808
442
247
281
357
425
255
442
61
97
737
842
858
76
160
209
53
633
151
48
57
222
559
238
898
1087
314
143
958
351
443
688
77
417
374
389
573
475
552
156
164
88
1221
276
873
24
266
426
75
485
196
459
106
628
760
212
75
659
142
591
349
228
876
70
1035
676
608
263
102
970
1077
826
699
341
107
198
71
422
459
395
796
190
57
398
493
701
754
469
3
472
395
390
759
220
2
236
418
896
213
220
355
266
616
939
155
395
374
392
478
235
702
346
707
87
224
341
243
518
1193
41
582
566
525
229
730
516
208
221
1045
608
109
921
969
253
45
475
503
304
975
54
14
592
899
719
65
167
1090
105
304
378
755
605
175
406
321
145
111
345
37
312
433
230
280
236
802
672
173
276
634
630
456
236
1160
287
249
1220
955
793
340
222
840
464
849
301
885
688
64
524
1117
868
854
370
390
229
446
359
123
187
341
1077
355
144
676
302
21
174
757
388
162
1141
274
210
334
657
871
134
24
93
14
611
252
603
413
1039
190
587
18
329
109
444
321
858
225
170
993
409
1211
459
806
129
116
570
529
762
455
186
48
78
541
454
176
112
46
722
6
40
102
73
403
211
521
27
883
483
666
219
28
31
70
131
369
943
750
1008
46
1161
161
355
251
382
512
833
280
459
16
620
295
638
255
599
472
416
878
756
659
125
226
302
197
318
495
439
571
1053
40
434
276
925
778
292
546
19
237
8
10
340
810
860
255
828
335
1171
787
192
209
235
252
99
194
486
1131
814
743
760
305
596
453
962
254
64
425
127
278
224
208
189
904
374
937
791
964
678
857
986
195
557
480
315
18
100
314
80
1131
1226
463
206
159
889
1090
470
382
447
898
172
396
30
804
862
583
690
775
247
68
721
371
188
879
34
545
296
1308
251
305
49
316
103
764
322
801
37
207
892
9
185
2
607
215
468
840
155
124
55
823
808
336
605
799
1095
293
199
416
1040
53
15
1219
390
776
573
412
1044
521
91
772
500
626
375
121
329
83
750
11
521
861
211
905
1228
181
605
185
44
473
769
98
192
519
900
692
210
192
673
1066
557
182
142
259
54
32
64
336
1044
1043
639
29
903
37
400
324
375
107
40
1021
101
73
519
1113
403
427
752
198
86
523
605
272
346
420
447
509
730
27
692
793
690
470
524
316
10
126
216
269
497
229
419
483
567
859
617
1131
726
14
80
238
559
934
586
337
192
169
506
372
419
472
68
988
240
66
266
417
1108
555
1102
558
427
84
205
354
839
178
957
239
551
54
160
676
979
96
128
53
1080
9
729
204
10
909
294
281
386
345
739
784
300
268
696
94
614
353
424
494
498
224
213
615
284
386
239
940
580
258
288
343
540
299
750
679
369
133
258
265
951
448
233
82
678
634
188
392
1009
607
60
112
664
1260
73
452
190
550
37
1129
208
392
1094
335
372
211
805
999
828
876
270
423
157
434
326
105
786
581
909
559
178
301
454
59
749
134
403
869
649
882
251
615
956
572
131
113
411
125
254
718
71
762
75
242
134
389
577
626
467
146
273
990
451
87
293
275
301
1006
409
326
61
192
13
229
1013
517
807
794
1074
473
235
174
273
515
193
739
997
443
117
213
67
365
75
41
612
914
241
1040
364
891
161
354
639
6
216
575
991
393
38
63
776
905
824
624
888
404
137
715
597
606
927
525
574
165
1108
739
369
596
773
38
1058
241
821
634
175
304
617
92
140
89
46
306
310
343
686
223
235
29
353
113
734
476
371
78
861
10
452
147
89
329
735
712
540
561
385
294
58
963
156
436
537
845
217
201
446
535
0
7
22
667
745
894
844
158
798
164
355
228
113
575
84
713
305
472
1035
399
207
336
434
45
926
225
460
527
535
1047
634
630
8
355
477
81
426
1092
186
742
214
331
536
341
766
694
698
193
256
94
947
214
431
531
123
87
476
600
159
716
1089
690
466
309
21
353
355
565
890
72
744
349
358
333
520
722
556
471
977
449
743
67
784
402
921
236
384
157
61
279
640
786
181
1038
752
425
170
294
608
47
763
311
211
191
219
933
262
961
27
48
550
3
524
1049
451
22
793
829
121
802
230
71
184
268
199
508
289
153
27
120
11
358
202
831
678
324
561
586
312
437
113
384
880
461
221
794
517
815
456
296
251
594
10
446
621
442
386
58
660
337
756
251
705
699
357
380
64
103
193
123
486
701
349
671
745
51
424
642
378
599
905
586
52
559
39
328
685
9
538
292
238
403
57
381
362
23
858
2
1036
571
716
486
350
1198
424
651
707
85
350
278
31
656
857
635
244
451
126
844
294
382
934
198
672
936
327
925
639
178
1051
176
586
346
451
593
361
1028
339
318
19
743
354
751
350
640
270
1111
998
428
134
755
62
37
184
706
928
181
180
434
747
382
645
779
245
395
191
899
291
905
539
804
298
109
600
254
690
182
551
914
180
10
718
76
372
561
523
145
200
152
54
547
501
91
142
157
850
537
189
15
519
610
415
579
789
9
881
427
1061
874
199
403
440
638
526
330
408
68
728
616
65
164
311
22
102
130
165
386
309
251
403
142
481
175
194
251
158
459
547
201
68
105
637
648
607
340
909
302
735
631
722
92
714
349
128
442
455
905
1237
148
309
443
371
904
1172
329
561
23
260
1044
234
918
128
347
195
861
161
259
537
301
65
535
274
42
228
387
758
206
335
548
308
581
499
475
325
134
1095
648
53
152
116
706
798
277
1099
545
197
173
401
724
370
5
333
351
282
649
33
363
52
737
316
532
638
377
1091
687
319
488
269
589
725
222
518
318
168
168
244
379
740
101
669
187
123
61
323
536
149
841
317
289
761
136
372
924
333
100
549
537
953
637
593
897
64
40
830
1223
256
335
851
320
394
152
324
358
825
212
226
1152
187
1032
853
1052
103
1043
671
500
36
981
112
117
411
126
197
744
265
297
419
103
906
882
307
74
42
847
71
949
127
297
1001
82
146
214
323
529
547
1151
767
527
168
204
348
204
480
30
443
262
171
48
503
1020
59
448
494
655
735
270
738
99
943
106
532
592
42
703
427
514
449
71
733
743
396
347
67
422
403
417
104
298
404
156
391
554
784
29
424
79
180
435
200
1
724
108
576
249
363
514
199
570
601
451
89
989
5
281
206
221
211
161
882
199
911
855
239
354
147
198
277
64
103
217
467
100
435
623
165
236
307
291
175
965
338
380
943
286
581
478
191
301
513
453
42
213
110
21
664
646
49
185
859
187
294
445
114
344
971
525
606
201
41
228
17
719
124
490
464
208
162
21
193
816
621
845
785
407
265
780
12
510
457
338
957
279
241
458
253
33
242
408
313
921
95
482
572
848
706
406
330
83
445
890
843
232
233
439
1083
397
1020
586
354
97
34
633
423
473
210
480
9
113
131
204
476
165
133
415
613
192
416
153
768
39
471
487
965
23
290
863
56
720
6
338
92
516
200
1060
623
126
461
365
1035
746
28
531
261
1008
46
604
638
69
917
382
26
34
571
198
700
836
611
673
727
163
463
237
225
76
356
9
627
3
180
71
505
315
975
3
151
110
504
377
552
785
754
307
547
919
135
1257
813
990
67
94
464
710
520
399
390
426
940
217
275
34
481
669
484
837
868
227
952
1073
449
310
786
85
407
674
77
209
406
687
835
598
118
524
838
775
638
553
115
1277
457
828
66
509
180
94
38
501
751
680
214
1
560
176
257
126
871
706
407
707
253
975
382
352
236
856
130
115
1087
568
485
255
603
18
411
351
384
226
110
998
527
177
997
17
638
422
82
240
117
101
494
55
66
298
397
817
446
962
267
39
780
1046
489
19
107
101
640
452
640
222
154
176
36
728
403
897
35
260
1108
529
9
214
560
395
710
794
74
555
193
1081
30
492
9
814
533
63
94
795
546
1180
49
226
47
315
151
303
67
954
495
284
1077
64
22
243
899
14
255
4
31
133
837
221
289
1029
729
427
467
881
311
28
90
542
613
357
779
523
710
191
483
1222
376
791
318
30
200
582
398
213
171
663
240
52
227
1024
645
869
602
170
584
227
261
321
349
146
146
217
303
962
510
739
563
340
123
90
432
892
236
840
318
806
419
284
181
128
898
43
555
652
291
301
124
180
926
1001
504
930
571
659
910
1070
972
440
657
726
189
789
138
70
307
3
181
458
1081
972
233
81
135
236
480
1253
617
338
18
475
596
343
1005
315
330
900
933
401
56
46
230
409
500
704
682
159
485
640
19
1193
409
165
754
758
719
522
130
787
856
133
677
696
960
231
213
65
516
219
1151
315
357
467
1033
100
82
375
252
436
5
670
11
119
333
465
887
1267
1028
339
385
94
189
436
402
60
187
205
527
489
959
1022
857
580
629
960
269
399
1055
828
1058
235
505
124
22
354
1122
1002
338
467
702
543
252
468
581
489
27
381
129
930
795
133
17
317
304
291
942
85
411
578
698
559
46
362
17
226
377
285
601
1088
659
27
355
752
221
170
124
884
529
270
373
154
878
329
593
190
268
802
622
70
21
122
410
741
122
799
270
5
491
723
103
565
60
325
681
701
97
819
615
245
695
540
100
191
140
32
808
698
75
119
10
1193
509
38
628
683
288
596
716
226
847
204
85
80
593
3
193
635
957
136
254
1216
362
183
587
745
388
440
104
424
306
111
67
652
238
299
514
398
291
374
535
32
539
493
370
921
542
1010
936
475
238
1022
1224
430
169
193
347
297
594
197
153
652
596
197
102
69
776
455
143
903
1163
568
296
91
137
337
75
176
789
628
443
810
344
360
19
528
316
978
57
469
264
1057
752
1200
913
420
677
860
276
781
105
466
736
800
294
678
329
924
260
27
419
808
49
653
65
716
421
1003
197
635
393
655
652
576
170
606
1096
251
429
853
916
759
537
187
272
674
301
959
479
787
99
116
783
645
888
360
519
965
94
809
150
610
139
815
199
260
253
1182
120
104
762
234
120
43
993
13
466
84
227
624
315
78
185
883
181
489
115
716
158
478
226
459
239
477
492
55
209
250
676
568
231
146
1048
186
464
420
394
956
910
231
305
641
223
46
298
128
897
1038
625
568
447
220
598
288
376
126
978
693
151
239
1188
32
789
855
428
838
170
166
379
590
309
67
455
238
438
108
368
637
1087
91
351
294
203
684
672
420
310
169
47
941
666
749
75
139
717
507
131
255
337
228
111
230
33
101
33
108
290
185
372
123
739
192
738
252
100
229
524
289
353
849
1019
650
213
194
172
127
678
406
368
473
858
19
271
74
381
388
118
401
303
775
139
185
180
726
207
628
645
496
421
626
481
922
240
547
1007
482
680
553
884
487
369
135
397
117
337
218
900
31
92
546
65
103
258
577
1062
65
320
1114
50
1303
541
79
217
275
280
2
940
361
995
111
301
638
917
315
846
563
365
389
260
247
221
233
117
472
390
132
327
16
235
375
132
455
840
293
253
751
42
324
237
886
407
790
129
928
175
23
486
153
387
547
758
997
485
382
137
186
555
811
89
150
661
0
111
183
548
997
513
721
472
563
104
525
491
391
786
535
508
604
695
95
60
13
941
442
551
821
284
648
163
452
352
401
641
331
203
109
891
76
271
65
40
517
534
306
912
163
487
376
391
282
1092
848
754
18
927
167
310
393
123
371
809
908
522
372
92
559
133
506
245
1029
148
1033
582
278
103
44
484
1030
8
840
246
843
197
888
833
1030
415
421
19
93
753
184
10
185
328
540
784
96
689
586
209
512
815
114
984
711
348
101
349
383
708
513
19
937
44
594
388
340
729
609
734
283
198
345
445
514
145
190
1017
987
730
887
275
471
1137
853
533
120
282
402
537
257
565
124
762
818
688
702
1007
14
19
199
772
969
248
85
95
640
136
8
517
580
768
608
36
517
764
469
777
171
55
993
678
611
140
460
104
368
635
505
284
409
124
472
624
648
9
122
428
44
1058
133
469
706
923
305
166
211
197
238
284
1153
393
384
788
812
582
151
18
44
168
438
1215
273
107
712
358
92
67
221
668
306
852
980
205
747
605
854
224
377
212
813
471
270
611
741
1103
714
709
455
135
131
86
829
751
154
1016
418
166
714
209
975
99
170
348
206
31
7
1059
159
259
240
322
1092
108
143
321
947
701
10
21
825
619
512
546
762
158
989
390
45
216
284
805
411
276
959
926
298
365
608
107
214
177
487
743
693
9
321
538
394
245
130
184
127
516
685
690
31
251
147
1252
110
463
335
165
952
1028
367
782
43
1018
93
247
568
221
500
741
271
80
39
222
233
600
590
480
229
194
242
688
104
1168
239
177
1273
53
475
778
152
121
123
384
668
609
1169
714
306
9
371
106
410
7
276
369
224
767
740
1070
594
95
287
921
641
272
20
391
369
482
934
62
786
82
287
36
183
336
301
183
568
275
1166
180
510
524
685
19
840
209
92
294
614
617
112
930
540
990
247
61
337
181
364
1098
698
154
979
61
426
1123
170
270
732
646
166
550
972
525
964
290
570
72
18
319
42
879
46
142
143
842
995
155
3
799
1160
78
160
868
90
522
195
100
20
141
652
40
31
476
511
11
33
1303
92
242
947
343
449
358
594
35
539
738
40
405
309
730
629
290
1119
108
394
274
529
541
456
147
517
547
263
429
54
518
85
4
16
628
554
969
963
1021
571
1261
1035
21
918
88
527
606
234
312
55
67
48
352
586
191
581
137
447
593
730
194
368
303
260
791
105
607
483
268
98
377
576
341
31
371
54
93
183
926
425
672
26
436
787
116
269
592
838
284
256
294
165
401
532
339
588
1067
471
203
440
901
1133
601
586
20
158
80
403
103
378
43
109
539
230
376
90
167
464
377
759
548
107
92
1048
718
754
7
140
964
124
432
240
397
404
265
1198
172
340
858
932
418
88
999
214
994
859
1093
11
720
548
829
191
1042
216
900
781
250
508
751
227
121
773
1043
192
444
562
133
407
433
1051
85
17
121
110
751
109
420
369
92
1200
1144
729
556
58
785
449
379
825
13
841
827
875
10
219
1189
223
766
541
310
517
323
717
762
224
206
423
505
0
379
491
47
1138
436
99
11
466
431
404
185
720
579
507
141
414
568
809
462
316
379
425
362
98
591
311
378
756
1
1022
191
1275
375
438
308
294
257
940
284
173
722
485
945
288
733
663
449
623
574
91
480
673
727
155
288
984
399
69
698
412
269
1048
371
242
452
83
445
965
119
760
180
258
377
171
118
592
402
242
445
1020
718
797
330
292
17
497
459
774
371
52
463
532
218
343
288
35
1
893
335
11
50
24
413
669
637
104
352
1046
418
437
453
842
1103
608
503
353
1036
330
972
919
252
768
1020
465
705
82
293
144
354
426
83
175
196
795
695
108
210
560
11
571
118
488
411
8
577
502
784
248
152
152
671
848
628
706
1122
443
691
1236
268
661
421
473
270
112
186
1003
33
191
775
167
190
170
279
15
51
424
797
633
87
577
486
664
757
92
517
757
437
633
775
315
332
931
679
294
800
340
397
877
13
141
156
687
301
438
81
539
40
228
429
608
262
48
1038
473
629
55
750
791
933
520
265
326
43
1074
142
344
27
97
652
385
159
244
25
488
806
375
176
308
187
671
490
440
154
403
140
294
52
311
209
262
130
339
728
359
45
391
289
904
675
99
790
1194
419
723
664
598
571
1037
279
71
835
147
1078
298
491
615
172
6
553
535
1068
266
687
348
387
495
52
738
742
911
704
264
691
788
831
181
774
1086
192
195
254
310
143
111
344
672
91
543
218
270
218
399
938
536
200
526
212
728
519
88
354
70
507
691
1083
701
824
176
518
41
886
108
1257
303
961
775
550
333
89
329
599
50
449
701
194
786
641
70
565
989
207
387
619
398
627
121
572
372
225
101
171
185
716
88
52
523
388
925
303
613
273
108
365
14
549
386
735
1036
421
124
236
199
415
76
12
443
46
673
695
322
272
262
93
376
689
372
969
27
366
152
654
660
229
194
675
825
203
146
587
474
838
902
849
82
212
493
766
716
981
506
281
6
939
14
500
282
439
93
375
206
723
219
855
676
1059
469
95
74
1151
164
349
105
1041
228
319
365
540
41
827
113
312
378
17
633
817
466
232
463
884
637
138
55
145
434
142
520
245
99
732
124
546
713
471
1052
930
794
623
289
459
263
43
172
620
716
269
33
104
509
723
70
925
415
650
1136
18
441
412
25
1041
48
579
83
426
756
1
622
10
9
187
923
344
491
73
960
16
10
489
127
684
175
490
782
337
359
444
756
191
417
591
69
94
402
268
760
221
208
159
716
166
419
1072
185
528
49
163
720
232
299
352
10
829
670
285
813
49
353
775
103
487
78
350
280
346
243
716
201
475
881
216
200
4
213
662
61
327
232
577
1
860
655
619
581
750
288
538
66
857
146
891
751
113
1195
534
479
808
1203
181
661
753
436
79
359
992
351
183
684
783
199
252
297
539
516
103
25
1029
722
904
495
69
276
480
504
12
766
186
362
172
989
352
99
551
53
161
318
611
52
154
137
598
776
69
617
713
862
1003
349
278
407
46
51
697
67
345
787
660
543
855
676
191
523
748
616
480
582
570
574
290
641
555
686
898
38
363
195
1087
164
98
154
804
126
343
914
79
697
14
49
110
1209
780
589
158
589
347
76
470
660
74
786
615
31
245
468
156
94
206
686
90
35
737
881
359
305
79
940
751
1211
456
415
618
708
676
925
964
274
822
446
198
483
510
476
354
268
240
586
652
1236
459
39
350
110
103
247
344
339
1263
506
101
136
428
297
545
1211
41
50
1063
648
915
218
358
200
576
157
87
168
0
304
8
127
463
208
288
1127
1040
380
665
73
131
197
557
664
673
120
313
169
600
30
810
216
423
729
327
200
494
32
265
18
883
162
433
358
183
17
477
251
474
509
98
889
1060
33
439
241
324
4
299
110
277
78
92
560
375
689
524
145
179
813
99
319
325
633
299
732
744
702
495
347
998
953
374
274
335
1004
281
625
124
212
562
809
467
640
224
309
978
12
200
381
368
515
520
1038
713
101
481
557
231
700
718
234
832
394
384
702
188
1004
436
20
525
169
463
101
56
128
230
800
202
842
43
839
440
75
46
198
569
729
553
138
341
469
607
747
272
338
682
20
825
619
766
341
454
35
1028
79
71
172
210
425
237
64
651
135
101
675
289
839
300
1216
537
91
160
791
41
250
557
345
58
583
137
34
91
413
392
308
331
175
162
50
702
576
115
425
39
563
459
75
316
826
159
679
1006
312
514
111
86
856
226
179
141
892
357
374
687
357
407
145
173
243
788
60
43
1128
764
873
1216
152
653
341
1062
208
491
364
23
924
242
771
143
205
954
276
79
922
183
387
216
172
294
13
72
1133
463
929
99
261
49
100
1243
637
411
351
821
501
992
559
92
253
155
196
822
239
232
941
233
818
707
109
155
592
200
528
194
554
55
850
174
278
442
