665
2
5
11
12
19
21
23
32
34
36
40
42
45
46
53
54
55
57
59
60
63
70
71
75
77
80
84
91
96
100
105
106
107
110
116
118
120
121
124
128
134
137
138
140
141
142
143
144
147
150
159
160
161
162
164
167
170
171
172
173
175
176
177
179
180
182
183
185
186
187
189
190
194
195
196
199
202
208
214
218
219
220
223
226
227
231
232
233
234
236
238
242
243
246
247
251
253
255
261
263
266
267
269
271
273
274
277
279
281
287
288
293
296
297
298
302
304
313
316
318
319
320
322
324
327
331
337
343
344
345
348
349
350
354
355
362
364
365
366
367
370
371
372
373
374
376
381
384
385
386
387
395
396
400
403
407
408
411
413
414
418
421
425
426
427
428
429
432
433
434
435
443
444
445
447
451
455
464
465
470
471
473
478
482
485
486
487
490
491
494
498
503
508
509
511
518
520
523
526
529
533
535
537
540
541
544
548
549
552
555
561
563
564
568
569
570
572
573
576
579
580
584
590
596
601
614
615
618
631
632
633
640
645
646
647
650
651
654
657
659
660
662
669
670
678
679
681
682
687
688
690
691
692
696
701
705
706
718
720
721
723
724
732
733
735
738
741
744
747
755
756
762
765
766
767
768
770
771
776
777
779
780
782
786
788
794
801
805
806
811
812
816
822
823
828
830
832
833
837
838
839
842
845
852
853
854
856
857
859
861
862
864
867
868
871
873
880
883
887
890
895
896
899
905
906
908
912
915
919
920
921
922
930
931
932
933
934
935
941
943
945
948
950
953
955
958
973
976
979
986
989
991
992
994
995
996
997
1000
1004
1013
1015
1017
1018
1022
1031
1034
1039
1047
1048
1049
1052
1053
1054
1056
1068
1073
1080
1086
1093
1096
1098
1100
1103
1111
1119
1126
1138
1141
1143
1152
1153
1162
1164
1166
1168
1175
1185
1186
1191
1193
1199
1203
1205
1209
1217
1218
1227
1236
1237
1238
1239
1242
1255
1265
1267
1276
1284
1291
1292
1298
1303
1310
1319
1331
1338
1346
1349
1350
1352
1354
1356
1357
1361
1367
1368
1369
1372
1375
1380
1382
1389
1394
1396
1397
1398
1400
1403
1408
1415
1416
1421
1429
1433
1439
1441
1442
1443
1448
1457
1462
1464
1481
1495
1496
1497
1502
1503
1517
1525
1532
1539
1540
1543
1544
1545
1547
1548
1551
1558
1561
1565
1567
1569
1572
1573
1583
1590
1591
1598
1605
1624
1629
1631
1635
1642
1648
1650
1652
1653
1659
1664
1665
1676
1679
1686
1689
1691
1693
1702
1703
1711
1713
1717
1722
1735
1741
1743
1766
1767
1772
1773
1778
1791
1794
1798
1803
1806
1827
1828
1831
1841
1844
1851
1857
1877
1879
1881
1885
1886
1893
1901
1908
1920
1926
1928
1931
1937
1952
1970
1979
1990
1995
1999
2000
2002
2005
2006
2007
2026
2040
2041
2044
2051
2059
2068
2069
2074
2075
2082
2085
2112
2113
2116
2118
2129
2142
2156
2163
2164
2167
2179
2198
2207
2217
2233
2245
2248
2254
2260
2262
2279
2298
2304
2328
2337
2352
2359
2365
2371
2376
2377
2386
2395
2401
2415
2421
2427
2430
2431
2439
2442
2461
2463
2472
2473
2477
2501
2502
2506
2517
2519
2532
2537
2539
2542
2544
2548
2553
2578
2581
2589
2592
2612
2616
2619
2623
2628
2643
2655
2692
2730
2762
2763
2825
2826
2831
2863
2869
2873
2908
2960
2977
2994
3051
3130
3131
3134
3203
3229
3237
3244
3246
3261
3379
3442
