876
1
4
5
6
7
8
9
10
11
15
16
18
19
20
21
22
25
26
27
28
32
33
34
36
37
40
42
43
44
46
48
49
51
52
53
55
56
58
59
60
61
63
67
71
74
76
78
79
80
82
83
85
86
87
92
93
94
96
98
99
100
101
103
104
107
111
113
114
115
116
117
119
120
123
124
125
127
130
134
139
142
143
144
146
148
149
151
152
153
154
155
159
161
162
163
167
168
169
170
173
175
180
183
184
185
187
188
189
190
191
193
196
197
198
201
202
205
206
208
212
214
215
216
217
220
222
225
226
227
228
229
230
234
236
237
239
242
243
244
246
247
248
250
253
254
255
257
260
261
263
264
266
267
268
269
273
274
275
276
281
285
286
287
288
292
294
298
299
300
301
302
303
306
309
312
319
321
325
329
333
335
337
338
340
341
344
345
347
348
349
352
356
357
359
362
364
369
370
377
378
379
382
383
384
385
388
390
391
392
394
397
398
399
400
401
402
403
408
410
411
412
415
416
418
419
420
425
427
431
433
435
439
440
442
444
445
450
451
452
453
454
455
456
457
463
465
468
469
470
474
475
477
481
482
483
491
495
496
497
498
501
502
503
504
505
506
508
510
511
515
516
517
518
520
521
525
526
528
529
530
531
536
537
539
542
544
546
549
551
553
555
558
559
562
564
566
568
570
571
575
576
582
583
587
588
590
591
592
596
597
598
599
603
604
609
610
611
613
614
617
620
621
622
623
624
625
627
629
634
636
637
641
642
644
646
648
649
653
656
664
665
666
668
671
673
675
676
677
680
681
683
684
685
687
688
689
691
694
695
696
698
702
706
709
711
712
715
716
718
720
721
723
724
725
730
731
732
738
740
742
748
751
752
754
755
756
758
762
764
767
768
769
772
773
775
776
778
780
781
785
788
792
793
795
797
799
801
803
805
808
809
811
812
814
815
816
817
818
821
822
824
825
826
831
832
833
837
841
842
843
846
847
850
851
852
853
855
856
858
860
862
863
865
871
876
877
879
880
881
883
884
892
894
898
901
902
904
905
910
912
913
915
918
919
925
930
931
932
935
937
938
940
942
945
946
948
949
950
955
956
960
961
962
965
968
969
970
971
972
975
978
981
983
987
994
995
996
1003
1004
1005
1008
1009
1013
1015
1017
1020
1032
1039
1040
1041
1042
1043
1044
1053
1056
1057
1059
1060
1061
1063
1066
1080
1083
1084
1090
1092
1093
1095
1097
1102
1109
1111
1121
1122
1124
1127
1131
1132
1133
1135
1137
1139
1140
1141
1146
1149
1150
1151
1152
1155
1156
1158
1160
1162
1167
1168
1172
1173
1174
1176
1177
1179
1182
1183
1185
1187
1188
1190
1193
1195
1213
1217
1220
1228
1230
1231
1237
1238
1239
1242
1246
1250
1253
1256
1257
1261
1263
1272
1273
1274
1277
1280
1283
1284
1287
1288
1292
1293
1298
1301
1302
1308
1311
1312
1313
1320
1323
1325
1337
1338
1342
1343
1345
1355
1356
1363
1373
1375
1378
1379
1380
1384
1385
1386
1389
1391
1397
1399
1403
1404
1410
1411
1413
1419
1420
1421
1425
1428
1430
1431
1432
1436
1439
1440
1444
1446
1450
1453
1454
1457
1460
1461
1462
1466
1467
1472
1476
1483
1494
1495
1496
1498
1499
1500
1502
1509
1512
1515
1524
1526
1527
1539
1541
1545
1546
1554
1555
1559
1560
1564
1581
1582
1584
1586
1587
1593
1596
1600
1602
1610
1613
1623
1625
1628
1629
1633
1634
1636
1639
1649
1652
1655
1656
1659
1660
1661
1667
1672
1679
1682
1693
1695
1697
1713
1715
1723
1734
1740
1749
1752
1769
1770
1773
1779
1783
1784
1786
1788
1798
1805
1806
1809
1811
1815
1817
1822
1827
1829
1833
1834
1839
1847
1850
1851
1857
1863
1877
1881
1882
1885
1887
1888
1892
1895
1896
1900
1906
1913
1916
1921
1923
1926
1929
1936
1941
1943
1945
1957
1958
1963
1976
1977
1981
1995
1997
2008
2017
2019
2026
2036
2038
2040
2053
2056
2061
2062
2066
2067
2074
2077
2084
2094
2102
2104
2105
2106
2109
2110
2125
2139
2140
2145
2151
2158
2160
2172
2182
2188
2190
2196
2201
2203
2208
2209
2234
2240
2241
2250
2251
2256
2267
2268
2270
2272
2273
2283
2290
2292
2297
2303
2306
2314
2319
2321
2324
2334
2341
2345
2366
2369
2377
2397
2401
2410
2414
2415
2422
2432
2436
2477
2478
2480
2487
2493
2497
2512
2522
2534
2544
2548
2553
2560
2588
2590
2591
2598
2613
2617
2640
2658
2676
2706
2729
2750
2850
2921
