8289
8
9
21
22
23
24
26
47
50
61
68
71
77
80
94
97
98
104
107
110
131
133
138
139
142
144
146
148
152
158
159
160
165
166
167
170
182
183
188
190
191
192
193
199
200
201
203
209
213
216
218
219
221
228
231
236
241
245
246
253
259
267
272
274
280
282
285
286
287
289
294
295
297
300
310
313
319
321
330
333
335
340
344
347
360
366
374
378
396
397
399
407
410
411
416
421
423
425
428
430
432
434
440
442
444
451
455
458
461
462
464
469
475
478
483
485
497
506
516
518
524
526
530
532
533
535
536
538
540
541
551
554
564
569
574
582
583
588
590
593
601
613
614
615
618
621
626
633
634
639
645
654
655
657
662
663
668
673
674
679
692
696
699
700
703
711
722
732
740
754
755
760
763
764
765
767
769
777
778
781
784
789
793
794
799
805
811
815
816
819
825
832
840
850
854
868
872
874
881
883
886
899
901
908
911
912
922
928
937
943
944
949
956
957
961
963
972
977
979
980
981
986
1002
1005
1006
1008
1011
1012
1015
1017
1019
1023
1027
1031
1032
1054
1059
1062
1064
1073
1075
1081
1083
1084
1085
1086
1089
1104
1106
1109
1116
1119
1122
1124
1128
1147
1151
1154
1155
1163
1169
1179
1188
1193
1196
1208
1211
1212
1215
1219
1220
1223
1235
1240
1248
1250
1256
1258
1259
1260
1265
1270
1271
1274
1278
1284
1287
1289
1292
1293
1300
1301
1306
1312
1314
1315
1321
1322
1325
1329
1334
1337
1343
1344
1347
1349
1351
1352
1358
1359
1365
1370
1371
1372
1373
1380
1383
1394
1399
1406
1412
1417
1421
1426
1441
1445
1446
1447
1453
1454
1457
1459
1466
1472
1476
1480
1482
1488
1490
1494
1498
1503
1505
1509
1510
1516
1525
1532
1539
1540
1550
1555
1560
1566
1572
1580
1582
1588
1597
1599
1604
1609
1612
1614
1615
1617
1627
1641
1650
1665
1671
1681
1698
1702
1714
1721
1725
1727
1728
1732
1752
1771
1773
1774
1775
1777
1778
1779
1783
1785
1790
1796
1804
1807
1809
1817
1827
1847
1848
1851
1865
1866
1870
1872
1874
1880
1884
1894
1895
1903
1907
1908
1909
1914
1916
1923
1925
1930
1931
1934
1935
1939
1941
1945
1956
1959
1963
1964
1965
1967
1970
1971
1974
1985
1988
1991
1996
2004
2014
2019
2026
2037
2041
2042
2046
2047
2048
2056
2058
2064
2068
2073
2076
2078
2079
2084
2100
2106
2108
2110
2114
2115
2117
2118
2125
2128
2132
2138
2140
2152
2160
2166
2169
2172
2179
2192
2196
2200
2206
2209
2211
2214
2216
2218
2220
2228
2231
2234
2237
2240
2255
2259
2262
2269
2272
2275
2282
2293
2294
2295
2298
2299
2302
2303
2307
2310
2326
2332
2334
2337
2340
2342
2345
2348
2356
2358
2360
2361
2369
2372
2374
2388
2391
2396
2400
2407
2417
2425
2428
2430
2433
2438
2439
2440
2443
2455
2484
2488
2496
2500
2508
2514
2533
2534
2537
2549
2550
2551
2552
2554
2557
2559
2560
2564
2565
2569
2597
2600
2606
2607
2614
2617
2619
2624
2633
2636
2643
2648
2650
2655
2663
2667
2669
2676
2678
2679
2682
2691
2693
2697
2700
2703
2709
2714
2725
2732
2735
2738
2739
2742
2743
2748
2754
2764
2773
2787
2791
2807
2813
2814
2818
2825
2827
2838
2847
2853
2854
2860
2866
2868
2873
2874
2878
2887
2893
2900
2901
2909
2911
2912
2914
2920
2923
2924
2931
2933
2946
2955
2957
2959
2960
2963
2965
2970
2977
2987
2990
2991
2995
2997
3000
3005
3020
3027
3032
3038
3039
3066
3073
3081
3082
3083
3088
3098
3102
3104
3106
3124
3125
3128
3129
3136
3141
3142
3143
3148
3149
3151
3159
3164
3171
3175
3184
3187
3190
3192
3201
3203
3208
3221
3224
3228
3249
3260
3261
3268
3271
3273
3293
3296
3297
3299
3314
3332
3336
3343
3348
3349
3350
3358
3359
3362
3363
3372
3380
3390
3400
3402
3404
3412
3413
3418
3433
3434
3435
3437
3442
3450
3451
3456
3461
3464
3468
3470
3476
3480
3490
3493
3497
3498
3502
3503
3504
3513
3514
3520
3524
3529
3538
3541
3557
3559
3561
3564
3565
3571
3575
3581
3584
3592
3593
3595
3598
3600
3601
3606
3613
3623
3626
3640
3648
3649
3653
3655
3658
3662
3666
3667
3669
3672
3676
3680
3682
3685
3687
3688
3694
3704
3705
3706
3709
3716
3717
3718
3722
3726
3729
3744
3746
3750
3751
3757
3772
3775
3777
3779
3782
3789
3799
3801
3803
3805
3812
3817
3822
3823
3827
3829
3830
3831
3836
3840
3845
3847
3849
3857
3862
3866
3868
3876
3882
3886
3888
3891
3892
3894
3898
3901
3906
3912
3918
3922
3928
3931
3938
3944
3946
3952
3956
3957
3958
3961
3963
3964
3978
3983
3992
3993
3995
3999
4000
4007
4008
4020
4025
4029
4031
4032
4060
4062
4076
4077
4081
4085
4092
4093
4094
4095
4096
4101
4124
4135
4138
4139
4146
4149
4152
4163
4169
4172
4176
4178
4183
4197
4201
4202
4205
4227
4235
4242
4246
4248
4249
4262
4264
4267
4269
4273
4274
4276
4280
4284
4287
4290
4293
4296
4300
4302
4309
4311
4312
4328
4338
4349
4373
4375
4377
4380
4387
4392
4393
4395
4398
4399
4406
4411
4421
4424
4425
4432
4444
4457
4458
4466
4468
4472
4473
4475
4478
4490
4497
4500
4502
4517
4521
4533
4540
4555
4564
4573
4574
4575
4581
4588
4590
4591
4595
4606
4612
4614
4616
4632
4634
4641
4643
4645
4646
4654
4665
4666
4672
4676
4685
4687
4691
4693
4703
4706
4709
4718
4723
4727
4730
4734
4737
4756
4762
4764
4765
4768
4774
4775
4777
4778
4782
4783
4785
4786
4787
4788
4789
4804
4806
4808
4814
4831
4832
4836
4850
4864
4868
4869
4873
4875
4876
4879
4881
4887
4890
4897
4899
4903
4907
4911
4917
4924
4931
4933
4934
4942
4943
4944
4951
4954
4956
4957
4959
4960
4964
4968
4969
4975
4977
4981
4985
4993
4994
4995
4996
4998
5007
5008
5009
5016
5020
5021
5027
5047
5048
5049
5062
5073
5076
5079
5082
5085
5086
5087
5089
5104
5107
5133
5134
5139
5142
5143
5154
5166
5172
5175
5194
5198
5200
5202
5204
5211
5214
5228
5229
5230
5237
5241
5250
5251
5252
5254
5260
5268
5271
5273
5276
5287
5291
5313
5316
5319
5323
5330
5331
5343
5344
5354
5356
5360
5361
5371
5374
5382
5383
5394
5437
5440
5441
5442
5447
5452
5477
5481
5486
5492
5500
5502
5507
5508
5510
5513
5515
5519
5520
5539
5549
5551
5555
5560
5579
5589
5597
5601
5606
5607
5611
5616
5617
5633
5638
5643
5648
5658
5659
5665
5673
5683
5689
5690
5702
5716
5720
5729
5737
5739
5748
5754
5762
5764
5765
5766
5773
5780
5783
5807
5808
5811
5812
5814
5816
5829
5830
5842
5849
5851
5854
5868
5869
5874
5878
5884
5886
5896
5912
5917
5922
5929
5931
5934
5939
5949
5951
5956
5957
5959
5969
5972
5973
5974
5975
5987
5989
5995
6001
6004
6006
6013
6014
6020
6025
6037
6039
6040
6045
6047
6048
6057
6064
6065
6070
6071
6072
6074
6080
6081
6084
6085
6090
6098
6106
6111
6115
6120
6121
6125
6142
6144
6147
6153
6154
6161
6166
6171
6174
6180
6181
6184
6188
6190
6214
6215
6217
6226
6229
6241
6272
6275
6276
6291
6304
6314
6316
6320
6327
6332
6334
6338
6340
6341
6342
6344
6350
6352
6353
6356
6357
6364
6367
6372
6373
6374
6377
6390
6407
6422
6424
6425
6442
6445
6447
6449
6457
6463
6464
6467
6470
6477
6485
6492
6498
6499
6502
6503
6505
6512
6516
6517
6518
6520
6522
6526
6533
6552
6553
6555
6557
6558
6564
6576
6585
6586
6591
6598
6601
6603
6605
6610
6611
6614
6620
6623
6631
6632
6633
6644
6650
6654
6659
6664
6671
6672
6674
6675
6676
6684
6692
6695
6700
6701
6702
6712
6716
6719
6724
6728
6733
6737
6740
6741
6744
6753
6754
6759
6764
6766
6768
6774
6778
6781
6783
6795
6797
6801
6806
6811
6812
6815
6817
6822
6841
6843
6850
6857
6873
6874
6880
6881
6895
6899
6903
6905
6914
6922
6924
6928
6930
6932
6940
6941
6943
6950
6953
6958
6961
6964
6968
6975
6978
6983
6995
7014
7021
7023
7027
7029
7043
7046
7049
7052
7054
7056
7057
7071
7085
7091
7095
7096
7099
7103
7109
7113
7123
7126
7129
7133
7134
7143
7145
7147
7159
7162
7165
7171
7172
7180
7182
7183
7187
7213
7215
7217
7219
7223
7227
7229
7230
7236
7237
7238
7239
7243
7250
7253
7254
7255
7258
7265
7278
7297
7302
7303
7308
7312
7315
7322
7325
7328
7344
7345
7348
7355
7362
7363
7364
7380
7381
7387
7392
7402
7404
7406
7407
7413
7418
7431
7432
7437
7449
7453
7454
7456
7460
7462
7473
7481
7500
7509
7526
7546
7548
7551
7554
7558
7561
7562
7565
7569
7573
7576
7577
7580
7582
7595
7601
7605
7613
7627
7631
7634
7649
7666
7670
7686
7692
7694
7701
7703
7709
7713
7736
7738
7747
7749
7752
7763
7764
7783
7790
7813
7817
7818
7822
7825
7832
7835
7840
7847
7851
7856
7858
7869
7872
7877
7879
7880
7887
7904
7905
7908
7909
7913
7928
7932
7934
7949
7965
7972
7987
7992
7999
8001
8003
8017
8031
8032
8034
8035
8042
8043
8046
8047
8051
8056
8066
8080
8087
8090
8094
8100
8111
8113
8120
8131
8133
8136
8141
8144
8150
8155
8175
8177
8183
8189
8191
8192
8193
8222
8226
8227
8230
8231
8232
8234
8237
8240
8246
8249
8250
8258
8259
8270
8272
8274
8280
8281
8285
8288
8301
8302
8304
8310
8319
8321
8323
8326
8334
8338
8341
8350
8360
8366
8371
8374
8376
8383
8390
8392
8395
8405
8409
8410
8412
8414
8419
8443
8457
8463
8466
8469
8474
8479
8482
8496
8497
8502
8503
8505
8506
8507
8509
8515
8533
8540
8548
8557
8571
8574
8575
8577
8587
8591
8592
8605
8613
8616
8618
8627
8634
8646
8649
8664
8668
8670
8671
8674
8684
8695
8696
8701
8707
8717
8724
8731
8735
8745
8747
8754
8761
8767
8770
8773
8775
8777
8779
8785
8786
8792
8793
8799
8804
8807
8811
8817
8820
8826
8834
8840
8843
8854
8860
8861
8864
8866
8869
8879
8882
8883
8885
8888
8901
8925
8929
8930
8933
8938
8942
8943
8945
8959
8960
8961
8971
8973
8992
8996
8997
9000
9001
9010
9020
9030
9032
9036
9042
9045
9048
9052
9054
9055
9056
9057
9061
9071
9072
9074
9077
9082
9084
9086
9087
9093
9099
9100
9101
9105
9111
9116
9127
9131
9132
9142
9162
9165
9169
9177
9179
9180
9198
9200
9207
9209
9215
9225
9229
9230
9231
9241
9253
9257
9258
9264
9269
9271
9272
9273
9274
9276
9277
9278
9310
9311
9313
9320
9323
9324
9327
9328
9329
9331
9332
9333
9337
9339
9342
9345
9347
9349
9350
9353
9354
9360
9361
9364
9365
9367
9368
9370
9382
9383
9388
9389
9394
9398
9400
9401
9407
9414
9416
9417
9428
9435
9436
9470
9473
9475
9479
9493
9496
9501
9502
9507
9510
9512
9524
9526
9527
9533
9543
9544
9548
9557
9559
9566
9571
9574
9582
9585
9595
9599
9600
9601
9606
9609
9610
9620
9622
9632
9636
9637
9644
9647
9651
9653
9656
9658
9662
9669
9671
9678
9698
9702
9718
9723
9726
9730
9731
9732
9734
9741
9745
9746
9749
9758
9763
9774
9778
9780
9781
9787
9792
9794
9806
9812
9817
9819
9821
9831
9833
9839
9842
9844
9847
9863
9871
9876
9879
9899
9906
9908
9915
9916
9922
9923
9928
9931
9933
9938
9940
9944
9946
9951
9957
9959
9962
9964
9968
9971
9974
9978
9981
9991
9998
10001
10002
10012
10013
10023
10028
10033
10042
10043
10046
10051
10052
10053
10055
10056
10067
10079
10081
10084
10085
10091
10092
10094
10101
10103
10104
10106
10109
10112
10116
10117
10122
10123
10129
10131
10135
10138
10142
10145
10146
10148
10154
10166
10171
10200
10204
10208
10210
10213
10214
10217
10224
10228
10235
10236
10252
10258
10260
10268
10269
10272
10285
10288
10293
10298
10301
10320
10340
10345
10349
10366
10368
10371
10374
10375
10379
10384
10395
10398
10399
10401
10412
10414
10423
10424
10430
10432
10433
10436
10452
10461
10466
10467
10471
10478
10498
10499
10501
10502
10514
10516
10519
10536
10538
10541
10548
10549
10560
10566
10572
10575
10577
10584
10585
10590
10591
10596
10597
10598
10606
10612
10613
10618
10619
10622
10628
10629
10635
10640
10645
10648
10653
10655
10656
10667
10672
10673
10679
10688
10696
10713
10719
10740
10742
10746
10751
10789
10803
10812
10813
10833
10843
10846
10852
10869
10873
10880
10881
10883
10888
10898
10899
10906
10908
10930
10932
10937
10948
10952
10954
10956
10959
10979
10985
10993
10997
11008
11012
11013
11017
11021
11034
11036
11039
11043
11062
11065
11072
11080
11083
11089
11090
11100
11101
11102
11119
11125
11130
11134
11139
11140
11143
11148
11157
11164
11169
11171
11174
11176
11185
11188
11189
11200
11201
11207
11212
11213
11216
11217
11219
11243
11263
11266
11281
11309
11310
11314
11318
11321
11323
11328
11332
11337
11338
11339
11345
11351
11357
11361
11363
11377
11396
11397
11398
11401
11402
11406
11408
11411
11412
11417
11418
11426
11443
11451
11458
11459
11464
11468
11474
11476
11480
11481
11482
11508
11510
11513
11516
11519
11524
11530
11533
11557
11566
11577
11583
11586
11587
11598
11600
11609
11620
11621
11628
11630
11636
11639
11640
11644
11647
11650
11655
11659
11664
11667
11670
11677
11683
11684
11686
11691
11699
11700
11702
11704
11711
11714
11715
11729
11746
11747
11752
11754
11759
11773
11774
11775
11776
11786
11799
11805
11806
11809
11825
11830
11838
11841
11847
11854
11857
11860
11862
11873
11882
11905
11908
11916
11919
11924
11932
11934
11944
11948
11949
11954
11956
11968
11970
11982
11989
12000
12004
12009
12017
12025
12027
12052
12054
12070
12072
12080
12086
12089
12090
12091
12101
12108
12119
12120
12127
12133
12134
12139
12148
12150
12164
12165
12168
12169
12177
12181
12185
12190
12191
12196
12202
12221
12227
12241
12242
12244
12258
12278
12287
12292
12294
12298
12305
12306
12311
12312
12313
12321
12322
12330
12331
12342
12348
12355
12361
12366
12368
12375
12380
12382
12397
12398
12400
12401
12415
12416
12425
12427
12428
12436
12438
12445
12457
12463
12480
12492
12494
12495
12496
12498
12501
12512
12517
12528
12529
12531
12539
12540
12547
12550
12552
12562
12584
12586
12591
12593
12594
12598
12602
12611
12627
12637
12642
12654
12669
12672
12673
12677
12680
12681
12683
12710
12719
12720
12723
12731
12735
12742
12743
12745
12748
12751
12758
12762
12774
12783
12785
12795
12800
12806
12821
12823
12825
12841
12844
12845
12854
12856
12861
12866
12868
12878
12886
12889
12892
12903
12910
12912
12931
12932
12933
12937
12954
12955
12964
12970
12971
12975
12984
12986
12989
12997
13021
13024
13031
13043
13052
13056
13073
13085
13088
13095
13102
13103
13107
13111
13112
13113
13118
13129
13133
13135
13137
13140
13147
13149
13160
13169
13178
13193
13195
13225
13231
13232
13234
13240
13247
13248
13251
13256
13266
13268
13271
13274
13279
13280
13286
13289
13293
13301
13309
13314
13315
13324
13328
13331
13344
13358
13363
13366
13380
13388
13390
13397
13402
13403
13427
13431
13437
13442
13453
13459
13460
13467
13471
13473
13484
13485
13489
13491
13502
13503
13506
13511
13517
13521
13524
13530
13534
13540
13542
13543
13548
13553
13563
13568
13570
13575
13580
13588
13593
13597
13601
13609
13615
13616
13618
13621
13622
13626
13630
13643
13648
13650
13652
13664
13665
13669
13677
13681
13682
13684
13707
13711
13713
13717
13727
13733
13735
13740
13754
13756
13765
13790
13802
13803
13809
13815
13816
13817
13820
13821
13826
13835
13839
13840
13846
13850
13852
13858
13859
13864
13870
13883
13889
13893
13902
13907
13909
13910
13912
13920
13921
13925
13934
13937
13940
13944
13947
13951
13953
13954
13959
13964
13968
13969
13972
13973
13979
13993
13994
14006
14017
14036
14038
14046
14076
14077
14089
14091
14092
14097
14103
14107
14108
14127
14128
14140
14142
14143
14148
14158
14166
14167
14172
14174
14178
14179
14180
14183
14189
14191
14195
14219
14222
14224
14228
14234
14237
14238
14242
14264
14269
14273
14277
14290
14297
14302
14306
14307
14312
14323
14326
14332
14338
14346
14349
14374
14381
14391
14392
14402
14403
14404
14405
14410
14412
14415
14425
14433
14436
14442
14447
14464
14471
14485
14494
14499
14504
14525
14536
14554
14560
14562
14563
14566
14567
14569
14574
14575
14580
14584
14588
14590
14599
14602
14615
14625
14635
14641
14648
14658
14661
14662
14665
14666
14674
14683
14692
14695
14699
14702
14707
14718
14723
14727
14736
14740
14742
14753
14763
14774
14775
14780
14782
14783
14793
14796
14803
14807
14808
14813
14819
14833
14836
14839
14854
14857
14860
14862
14863
14877
14881
14900
14903
14915
14920
14922
14924
14938
14942
14943
14951
14952
14956
14966
14969
14974
14984
14990
15002
15007
15014
15024
15025
15032
15033
15034
15040
15042
15044
15055
15073
15074
15075
15083
15084
15085
15088
15098
15107
15118
15119
15128
15131
15133
15136
15149
15159
15168
15170
15173
15177
15180
15188
15189
15193
15196
15215
15216
15222
15235
15251
15262
15263
15269
15280
15283
15284
15287
15289
15294
15302
15304
15307
15324
15328
15335
15349
15353
15359
15361
15362
15363
15373
15387
15389
15391
15395
15402
15404
15409
15410
15421
15423
15429
15437
15439
15446
15450
15451
15459
15462
15471
15476
15477
15481
15484
15501
15514
15521
15531
15542
15545
15546
15547
15551
15561
15564
15572
15576
15580
15581
15582
15588
15595
15599
15603
15610
15611
15614
15627
15628
15641
15651
15654
15657
15670
15681
15684
15688
15692
15699
15707
15708
15712
15715
15720
15725
15727
15731
15740
15741
15742
15747
15748
15750
15751
15761
15765
15767
15773
15778
15781
15787
15788
15790
15801
15809
15816
15817
15823
15825
15836
15847
15848
15851
15853
15891
15895
15897
15913
15922
15924
15925
15930
15932
15933
15934
15936
15938
15942
15943
15957
15971
15972
15973
15974
15975
16002
16008
16018
16019
16025
16028
16029
16033
16035
16037
16038
16046
16047
16048
16050
16051
16052
16077
16088
16098
16101
16103
16104
16111
16115
16116
16121
16125
16134
16136
16139
16143
16148
16150
16153
16157
16164
16175
16180
16192
16195
16203
16206
16208
16210
16214
16218
16229
16232
16245
16246
16254
16255
16265
16268
16269
16274
16278
16280
16281
16283
16287
16296
16300
16303
16305
16316
16320
16324
16335
16339
16341
16354
16356
16367
16375
16381
16394
16401
16406
16413
16420
16421
16427
16430
16432
16446
16447
16450
16452
16456
16457
16464
16475
16478
16479
16481
16491
16498
16504
16506
16508
16521
16526
16539
16546
16549
16561
16567
16578
16580
16587
16595
16607
16617
16621
16625
16626
16637
16643
16647
16663
16671
16672
16697
16698
16718
16720
16726
16734
16740
16743
16761
16765
16767
16779
16781
16798
16804
16805
16809
16812
16813
16816
16819
16829
16834
16845
16847
16848
16849
16853
16854
16856
16863
16867
16868
16869
16870
16871
16872
16879
16887
16892
16893
16897
16902
16904
16911
16919
16925
16933
16941
16942
16955
16969
16972
16974
16982
16992
16994
16996
16997
16999
17001
17005
17021
17032
17041
17046
17055
17061
17066
17074
17082
17084
17087
17094
17109
17126
17128
17133
17136
17137
17138
17139
17144
17148
17156
17162
17164
17169
17178
17187
17192
17196
17201
17206
17210
17223
17237
17240
17242
17244
17250
17252
17257
17258
17268
17272
17275
17278
17281
17292
17293
17300
17313
17315
17316
17323
17326
17333
17338
17346
17349
17352
17362
17364
17375
17380
17382
17387
17388
17389
17401
17405
17419
17422
17445
17449
17450
17452
17456
17464
17471
17483
17484
17497
17507
17518
17520
17540
17541
17549
17567
17569
17576
17578
17580
17587
17588
17590
17597
17602
17620
17627
17628
17629
17633
17638
17640
17644
17671
17681
17693
17697
17699
17706
17707
17709
17714
17715
17718
17742
17747
17748
17754
17758
17761
17769
17779
17782
17790
17792
17795
17805
17824
17843
17849
17859
17863
17867
17873
17885
17889
17901
17904
17906
17910
17915
17933
17937
17946
17947
17948
17949
17953
17964
17970
17971
17982
17995
17997
18004
18009
18020
18021
18022
18023
18024
18031
18052
18054
18055
18062
18069
18076
18081
18090
18092
18095
18102
18103
18105
18115
18116
18119
18121
18143
18152
18157
18161
18162
18166
18167
18168
18169
18186
18205
18244
18260
18266
18271
18275
18282
18285
18293
18297
18302
18305
18306
18320
18324
18326
18329
18339
18352
18355
18357
18363
18367
18368
18369
18370
18377
18384
18400
18415
18421
18423
18424
18444
18449
18466
18467
18478
18481
18485
18493
18503
18504
18511
18525
18530
18531
18539
18540
18544
18549
18559
18561
18572
18573
18586
18589
18590
18600
18602
18606
18621
18623
18630
18631
18635
18640
18646
18650
18655
18671
18695
18701
18710
18714
18726
18744
18745
18751
18764
18766
18767
18770
18784
18787
18788
18790
18791
18798
18805
18812
18817
18822
18823
18837
18838
18842
18850
18851
18855
18860
18866
18874
18876
18879
18881
18888
18897
18905
18916
18917
18928
18930
18934
18937
18941
18944
18945
18948
18954
18968
18969
18970
18975
18999
19002
19005
19006
19010
19016
19019
19030
19032
19040
19042
19045
19046
19073
19075
19077
19085
19086
19089
19099
19101
19103
19110
19124
19128
19135
19139
19144
19146
19163
19167
19191
19192
19196
19198
19206
19207
19214
19218
19229
19234
19236
19237
19241
19250
19272
19274
19276
19282
19287
19301
19302
19303
19306
19314
19319
19329
19343
19348
19356
19362
19394
19395
19396
19411
19415
19450
19453
19459
19469
19473
19495
19500
19505
19515
19516
19518
19520
19540
19543
19547
19551
19552
19554
19557
19562
19563
19568
19574
19583
19595
19607
19608
19609
19616
19626
19629
19630
19633
19639
19650
19660
19664
19675
19696
19708
19720
19733
19735
19742
19749
19754
19758
19766
19788
19796
19825
19837
19839
19841
19850
19854
19858
19862
19869
19871
19875
19881
19885
19886
19891
19897
19909
19910
19930
19936
19944
19946
19948
19952
19967
19992
19996
20003
20004
20007
20010
20014
20016
20018
20019
20020
20024
20026
20039
20042
20045
20051
20064
20071
20082
20083
20092
20096
20098
20099
20102
20109
20111
20116
20117
20145
20155
20161
20166
20180
20183
20186
20187
20193
20198
20200
20201
20211
20224
20234
20235
20236
20238
20245
20249
20256
20273
20294
20306
20310
20312
20315
20316
20328
20334
20342
20343
20347
20357
20364
20367
20370
20377
20379
20397
20413
20429
20431
20449
20456
20457
20459
20468
20477
20479
20483
20485
20494
20499
20505
20511
20519
20523
20524
20526
20527
20539
20542
20550
20553
20566
20568
20569
20586
20594
20603
20605
20611
20612
20619
20627
20628
20631
20637
20639
20641
20646
20649
20653
20659
20666
20675
20681
20687
20691
20699
20701
20713
20725
20730
20738
20744
20748
20751
20753
20759
20760
20769
20770
20778
20787
20799
20805
20813
20817
20840
20846
20852
20854
20861
20881
20888
20895
20903
20912
20925
20926
20935
20938
20947
20964
20967
20977
20980
20999
21003
21029
21035
21060
21067
21070
21075
21077
21084
21097
21099
21115
21135
21142
21150
21164
21166
21171
21172
21176
21180
21184
21201
21211
21212
21217
21220
21227
21230
21246
21256
21270
21277
21280
21287
21290
21298
21300
21316
21327
21334
21342
21352
21357
21360
21361
21366
21371
21383
21406
21408
21411
21413
21415
21419
21420
21427
21428
21436
21444
21448
21456
21458
21461
21464
21470
21480
21483
21499
21509
21511
21513
21516
21519
21542
21544
21556
21567
21612
21664
21679
21683
21685
21688
21693
21705
21710
21712
21717
21732
21734
21752
21762
21766
21770
21773
21779
21781
21782
21785
21794
21806
21808
21813
21818
21820
21827
21830
21842
21847
21875
21877
21883
21887
21889
21894
21902
21906
21907
21912
21917
21923
21924
21941
21954
21956
21964
21975
21983
21984
21985
21993
22000
22006
22007
22010
22017
22020
22038
22050
22053
22065
22078
22081
22088
22095
22096
22114
22115
22116
22123
22128
22129
22141
22143
22152
22157
22160
22169
22181
22185
22189
22193
22203
22213
22230
22237
22239
22249
22260
22261
22268
22277
22287
22291
22295
22296
22327
22329
22337
22350
22363
22366
22373
22376
22377
22387
22388
22392
22393
22395
22397
22398
22402
22404
22406
22407
22411
22415
22427
22428
22429
22442
22454
22458
22468
22473
22478
22485
22487
22491
22494
22496
22501
22505
22511
22518
22523
22528
22533
22549
22554
22556
22579
22584
22589
22597
22599
22601
22605
22606
22615
22619
22624
22627
22633
22641
22645
22646
22649
22654
22669
22675
22678
22679
22682
22689
22694
22706
22719
22720
22721
22728
22734
22740
22746
22747
22756
22760
22767
22768
22780
22788
22791
22809
22818
22835
22843
22844
22850
22858
22865
22880
22884
22885
22887
22889
22892
22899
22901
22906
22908
22915
22921
22925
22928
22935
22952
22954
22957
22959
22962
22963
22970
22976
22977
22979
22982
22983
23001
23003
23005
23007
23011
23015
23019
23023
23025
23026
23037
23043
23050
23062
23065
23067
23078
23080
23084
23087
23094
23102
23105
23114
23127
23134
23140
23141
23142
23150
23153
23154
23155
23160
23163
23171
23201
23205
23207
23208
23216
23226
23233
23253
23254
23261
23265
23272
23286
23292
23298
23299
23309
23314
23320
23342
23343
23345
23354
23355
23361
23393
23394
23401
23408
23417
23425
23431
23435
23438
23447
23449
23455
23470
23473
23479
23487
23494
23500
23503
23513
23514
23527
23528
23536
23557
23564
23569
23587
23590
23600
23601
23603
23604
23609
23618
23624
23627
23631
23641
23645
23648
23656
23658
23676
23677
23678
23681
23688
23740
23747
23759
23767
23772
23773
23783
23785
23786
23787
23794
23799
23812
23813
23817
23825
23829
23835
23855
23866
23871
23873
23875
23879
23880
23884
23887
23888
23891
23894
23912
23929
23931
23935
23937
23960
23968
23991
23999
24022
24024
24028
24037
24046
24047
24056
24063
24088
24100
24108
24109
24118
24141
24150
24163
24164
24193
24199
24202
24204
24205
24213
24224
24233
24265
24268
24274
24282
24294
24295
24298
24306
24333
24361
24363
24375
24383
24391
24398
24407
24409
24419
24428
24441
24458
24460
24461
24462
24472
24475
24477
24487
24488
24489
24506
24510
24512
24528
24534
24539
24542
24544
24545
24547
24550
24552
24556
24562
24566
24576
24589
24593
24595
24601
24603
24612
24613
24621
24630
24671
24676
24677
24678
24679
24685
24687
24694
24700
24702
24708
24712
24719
24720
24724
24734
24741
24743
24752
24756
24757
24758
24761
24765
24771
24772
24776
24783
24787
24790
24813
24841
24847
24852
24864
24865
24871
24872
24873
24877
24888
24890
24892
24899
24902
24905
24913
24921
24923
24938
24940
24942
24945
24953
24959
24968
24970
24971
25011
25019
25023
25026
25032
25043
25054
25060
25063
25066
25067
25082
25089
25094
25097
25109
25113
25138
25145
25146
25155
25156
25157
25169
25176
25182
25183
25188
25197
25204
25205
25206
25208
25209
25248
25252
25255
25256
25257
25265
25267
25268
25276
25278
25284
25309
25317
25333
25339
25340
25342
25347
25348
25359
25363
25366
25369
25373
25388
25391
25406
25414
25416
25428
25438
25443
25448
25449
25462
25473
25483
25484
25486
25487
25488
25492
25495
25511
25513
25514
25530
25539
25551
25563
25564
25573
25575
25581
25604
25605
25629
25634
25638
25644
25653
25654
25693
25720
25728
25730
25733
25736
25750
25751
25760
25761
25762
25763
25765
25795
25804
25806
25808
25814
25815
25834
25859
25862
25872
25875
25876
25881
25884
25896
25910
25917
25925
25929
25945
25947
25961
25967
25982
25995
26001
26007
26008
26010
26014
26018
26019
26022
26026
26028
26034
26036
26042
26046
26047
26065
26066
26084
26087
26111
26113
26116
26118
26121
26124
26132
26139
26151
26163
26164
26180
26194
26195
26210
26227
26236
26238
26242
26244
26247
26252
26254
26265
26267
26271
26274
26276
26279
26298
26309
26318
26333
26338
26356
26357
26364
26365
26375
26376
26387
26399
26409
26414
26417
26425
26426
26441
26444
26455
26457
26475
26480
26485
26493
26497
26503
26549
26572
26575
26577
26579
26580
26592
26604
26618
26623
26644
26651
26652
26655
26659
26665
26669
26677
26681
26692
26703
26712
26716
26726
26732
26741
26742
26760
26776
26783
26786
26789
26795
26803
26805
26809
26812
26826
26854
26858
26867
26868
26869
26874
26878
26880
26901
26904
26906
26912
26918
26946
26950
26964
26973
26988
26989
26998
27018
27020
27047
27050
27058
27061
27063
27075
27078
27088
27091
27095
27096
27102
27108
27118
27123
27139
27145
27160
27165
27166
27169
27174
27188
27189
27195
27205
27234
27235
27239
27249
27262
27298
27299
27315
27319
27325
27336
27357
27360
27371
27372
27374
27375
27376
27381
27383
27386
27391
27397
27408
27420
27430
27433
27447
27460
27463
27468
27472
27490
27496
27497
27509
27528
27531
27546
27555
27579
27591
27605
27608
27622
27629
27634
27637
27644
27648
27654
27663
27667
27668
27669
27672
27688
27709
27712
27717
27722
27729
27731
27745
27749
27752
27755
27757
27774
27776
27777
27780
27781
27791
27824
27825
27827
27838
27839
27843
27846
27847
27866
27871
27876
27877
27886
27893
27896
27905
27908
27909
27912
27915
27916
27919
27924
27933
27937
27958
27965
27967
27980
27996
28031
28032
28047
28049
28050
28053
28056
28065
28070
28079
28085
28102
28114
28116
28140
28147
28161
28165
28167
28168
28173
28174
28176
28183
28194
28196
28210
28225
28227
28235
28240
28242
28251
28263
28266
28267
28278
28281
28297
28309
28318
28320
28342
28349
28362
28363
28384
28391
28393
28397
28409
28411
28413
28427
28432
28436
28459
28465
28468
28469
28470
28471
28472
28477
28479
28504
28508
28512
28524
28539
28540
28541
28543
28546
28551
28552
28554
28559
28561
28572
28573
28579
28583
28603
28608
28609
28610
28619
28620
28625
28638
28642
28649
28651
28654
28655
28669
28677
28689
28696
28708
28734
28736
28746
28750
28751
28753
28772
28776
28779
28794
28795
28797
28809
28838
28841
28844
28850
28856
28860
28869
28884
28889
28890
28894
28896
28900
28903
28910
28913
28923
28936
28938
28950
28955
28971
28977
28978
28981
28982
28988
28999
29003
29009
29024
29026
29027
29037
29045
29062
29091
29095
29118
29128
29131
29132
29139
29140
29141
29154
29158
29163
29176
29201
29208
29212
29217
29224
29226
29229
29231
29242
29245
29246
29251
29254
29258
29259
29269
29283
29312
29322
29333
29336
29340
29350
29374
29416
29422
29431
29440
29458
29467
29474
29480
29489
29500
29512
29513
29515
29516
29521
29533
29555
29556
29563
29577
29593
29594
29602
29611
29622
29628
29634
29647
29651
29654
29660
29662
29670
29672
29676
29692
29699
29716
29720
29724
29727
29731
29737
29741
29745
29749
29752
29754
29767
29771
29776
29780
29781
29782
29784
29800
29818
29825
29826
29831
29845
29847
29849
29864
29879
29880
29884
29886
29904
29912
29916
29919
29920
29926
29929
29933
29953
29955
29962
29965
29975
29978
29981
29983
30012
30015
30016
30030
30031
30079
30094
30120
30121
30123
30125
30126
30142
30156
30162
30168
30173
30184
30186
30201
30202
30207
30212
30214
30221
30229
30234
30236
30237
30247
30260
30262
30284
30285
30288
30290
30291
30313
30314
30337
30339
30340
30345
30346
30348
30351
30360
30368
30369
30371
30377
30394
30398
30409
30423
30469
30475
30496
30498
30502
30509
30513
30527
30536
30537
30540
30549
30560
30572
30582
30593
30597
30599
30603
30604
30639
30641
30645
30651
30670
30673
30678
30682
30685
30689
30721
30730
30734
30740
30741
30750
30751
30762
30782
30784
30804
30826
30830
30831
30835
30849
30850
30851
30861
30871
30872
30881
30885
30901
30919
30924
30926
30928
30934
30945
30960
30966
30978
30984
30999
31005
31009
31010
31011
31013
31021
31030
31035
31037
31051
31058
31060
31064
31065
31085
31089
31090
31091
31117
31122
31133
31159
31179
31184
31188
31189
31191
31202
31204
31213
31217
31222
31227
31230
31235
31238
31240
31241
31245
31249
31258
31263
31271
31272
31278
31282
31293
31299
31301
31302
31334
31340
31346
31357
31364
31367
31377
31384
31401
31407
31413
31424
31429
31436
31437
31440
31478
31479
31501
31507
31508
31512
31527
31536
31560
31584
31585
31593
31595
31601
31610
31612
31624
31643
31653
31656
31665
31674
31681
31703
31713
31725
31736
31737
31746
31748
31764
31794
31820
31834
31839
31840
31844
31848
31854
31868
31877
31878
31880
31881
31885
31892
31898
31904
31907
31913
31916
31917
31925
31926
31929
31942
31943
31945
31953
31960
31988
31989
31994
32010
32022
32036
32045
32046
32047
32048
32055
32062
32069
32089
32129
32130
32172
32184
32192
32195
32198
32199
32204
32216
32227
32234
32255
32261
32264
32266
32283
32304
32308
32310
32312
32313
32322
32325
32330
32332
32335
32338
32339
32344
32346
32357
32359
32367
32393
32395
32397
32402
32406
32422
32437
32439
32448
32451
32463
32467
32468
32471
32486
32497
32505
32509
32511
32514
32521
32526
32535
32538
32573
32574
32587
32607
32610
32618
32625
32633
32642
32659
32661
32664
32666
32673
32674
32681
32686
32687
32704
32707
32710
32729
32751
32762
32771
32814
32825
32842
32867
32874
32880
32882
32893
32897
32908
32910
32917
32918
32923
32933
32935
32941
32942
32949
32954
32964
32970
32971
32974
32976
32985
32986
32989
32999
33000
33011
33016
33019
33020
33048
33054
33059
33060
33063
33070
33080
33081
33088
33090
33094
33103
33115
33116
33130
33134
33142
33145
33150
33166
33176
33177
33185
33186
33205
33206
33236
33238
33243
33257
33264
33265
33268
33275
33281
33283
33287
33296
33300
33307
33309
33311
33319
33338
33373
33376
33389
33395
33411
33412
33416
33424
33425
33439
33452
33459
33474
33500
33504
33505
33507
33523
33531
33533
33536
33552
33561
33564
33568
33582
33585
33590
33592
33597
33598
33611
33620
33625
33628
33637
33639
33652
33660
33680
33694
33696
33697
33703
33707
33719
33739
33743
33748
33754
33758
33762
33773
33775
33776
33785
33787
33803
33812
33813
33816
33820
33835
33838
33850
33883
33888
33896
33899
33920
33925
33938
33944
33945
33958
33959
33963
33964
33969
33989
34001
34003
34012
34015
34029
34039
34042
34047
34051
34069
34073
34109
34110
34119
34120
34123
34126
34129
34140
34149
34186
34188
34197
34198
34203
34227
34232
34235
34236
34243
34268
34269
34271
34283
34288
34296
34297
34300
34305
34309
34323
34344
34361
34374
34389
34390
34406
34416
34418
34424
34437
34447
34471
34508
34526
34536
34540
34544
34549
34551
34557
34563
34568
34573
34584
34585
34589
34596
34602
34613
34621
34622
34632
34647
34652
34654
34659
34661
34683
34686
34691
34714
34717
34721
34727
34750
34756
34757
34765
34781
34785
34793
34800
34805
34820
34847
34859
34871
34876
34879
34880
34889
34901
34917
34919
34927
34936
34937
34941
34952
34955
34989
34993
34995
35010
35023
35024
35036
35038
35041
35049
35055
35062
35072
35074
35087
35092
35100
35111
35121
35122
35126
35132
35136
35158
35181
35217
35224
35226
35232
35247
35263
35268
35277
35282
35291
35292
35298
35302
35318
35319
35328
35329
35330
35334
35338
35341
35351
35356
35362
35367
35372
35390
35393
35398
35407
35427
35428
35430
35449
35471
35481
35492
35501
35508
35514
35515
35518
35528
35537
35543
35550
35579
35581
35584
35599
35606
35611
35619
35620
35634
35649
35674
35689
35695
35697
35707
35710
35712
35731
35740
35744
35745
35754
35765
35766
35772
35785
35786
35791
35808
35809
35814
35816
35818
35820
35830
35836
35839
35842
35846
35847
35856
35864
35866
35868
35869
35881
35889
35890
35894
35896
35905
35936
35937
35944
35947
35969
35974
36005
36009
36012
36048
36055
36057
36060
36086
36089
36098
36100
36101
36107
36112
36122
36124
36133
36144
36154
36157
36164
36166
36168
36178
36199
36201
36207
36211
36216
36221
36227
36247
36281
36283
36285
36294
36295
36296
36299
36332
36348
36354
36358
36380
36381
36384
36396
36409
36410
36420
36421
36422
36426
36431
36440
36444
36445
36457
36469
36472
36478
36509
36516
36517
36519
36520
36526
36527
36549
36550
36560
36561
36566
36576
36588
36598
36601
36602
36604
36616
36621
36629
36646
36648
36664
36665
36667
36673
36682
36684
36686
36687
36691
36694
36706
36711
36725
36749
36758
36767
36771
36776
36777
36806
36818
36840
36856
36858
36870
36883
36887
36888
36889
36902
36908
36909
36911
36912
36928
36930
36932
36941
36955
36962
36966
36973
36982
36991
36996
36998
37009
37013
37016
37021
37057
37060
37066
37077
37079
37085
37090
37095
37099
37131
37138
37150
37164
37165
37167
37174
37181
37192
37207
37224
37229
37277
37278
37281
37286
37292
37302
37306
37311
37316
37317
37323
37361
37373
37375
37381
37389
37398
37399
37403
37430
37432
37441
37450
37451
37467
37481
37484
37494
37499
37508
37513
37518
37540
37542
37551
37555
37556
37565
37567
37576
37579
37585
37595
37605
37617
37629
37639
37649
37672
37674
37689
37696
37701
37724
37726
37744
37747
37748
37763
37772
37773
37785
37787
37791
37810
37813
37824
37853
37856
37890
37908
37910
37942
37944
37955
37965
37970
37974
37985
37992
37997
38001
38003
38007
38010
38012
38017
38033
38039
38046
38060
38071
38074
38088
38090
38099
38111
38120
38122
38126
38129
38132
38139
38144
38177
38198
38207
38208
38210
38221
38223
38227
38244
38245
38246
38249
38266
38274
38277
38280
38297
38300
38302
38308
38312
38316
38325
38333
38341
38345
38349
38351
38375
38418
38425
38428
38430
38446
38452
38461
38465
38473
38484
38489
38490
38504
38510
38513
38516
38531
38549
38558
38562
38566
38593
38625
38644
38651
38654
38655
38662
38680
38704
38707
38716
38722
38724
38725
38726
38727
38736
38756
38758
38771
38775
38796
38801
38811
38818
38821
38860
38869
38891
38896
38907
38913
38946
38947
38952
38959
38966
38967
38973
38982
38993
39004
39010
39011
39012
39014
39019
39032
39033
39036
39046
39048
39055
39068
39084
39086
39108
39117
39124
39141
39142
39148
39172
39184
39191
39228
39230
39233
39239
39250
39254
39261
39270
39271
39281
39286
39312
39325
39332
39335
39350
39359
39389
39391
39406
39411
39413
39416
39426
39429
39435
39444
39458
39463
39471
39492
39503
39506
39520
39529
39533
39543
39576
39586
39609
39616
39627
39643
39659
39669
39677
39687
39690
39706
39734
39735
39736
39754
39760
39766
39774
39778
39785
39806
39826
39835
39876
39877
39881
39882
39885
39889
39897
39913
39928
39932
39935
39943
39945
39952
40007
40021
40030
40037
40041
40046
40056
40057
40062
40064
40066
40071
40091
40106
40113
40117
40135
40155
40161
40166
40188
40217
40232
40243
40267
40287
40294
40296
40307
40312
40314
40317
40324
40332
40343
40345
40369
40371
40372
40386
40387
40394
40399
40408
40415
40451
40452
40463
40475
40483
40512
40514
40517
40523
40530
40534
40536
40552
40556
40558
40577
40580
40590
40600
40602
40615
40616
40627
40630
40674
40682
40688
40697
40727
40734
40741
40768
40776
40807
40808
40809
40814
40818
40820
40842
40848
40852
40856
40872
40873
40881
40914
40935
40937
40938
40943
40959
40961
40970
40973
40976
40995
41002
41015
41020
41021
41058
41061
41066
41086
41090
41102
41135
41144
41149
41152
41157
41161
41172
41181
41232
41243
41253
41261
41271
41276
41279
41288
41305
41311
41312
41327
41340
41349
41355
41372
41386
41427
41429
41433
41436
41437
41450
41454
41468
41475
41487
41503
41511
41519
41540
41546
41554
41566
41567
41579
41589
41590
41605
41615
41617
41633
41635
41637
41665
41666
41668
41688
41694
41696
41698
41701
41706
41709
41711
41736
41753
41778
41781
41782
41801
41813
41815
41817
41818
41823
41844
41849
41852
41855
41860
41887
41894
41896
41900
41901
41915
41917
41920
41937
41975
41983
41986
42001
42010
42059
42070
42095
42103
42131
42132
42165
42185
42200
42232
42248
42250
42266
42282
42313
42328
42385
42390
42406
42409
42415
42424
42435
42446
42453
42455
42461
42462
42463
42472
42492
42511
42514
42524
42547
42548
42551
42573
42583
42585
42587
42596
42612
42619
42630
42635
42642
42655
42656
42665
42675
42683
42691
42735
42747
42754
42766
42789
42800
42808
42810
42811
42821
42826
42839
42856
42860
42861
42863
42908
42968
42977
42984
42999
43005
43010
43017
43020
43032
43034
43035
43039
43051
43057
43076
43088
43096
43113
43119
43134
43165
43175
43213
43234
43241
43258
43263
43266
43272
43281
43282
43291
43293
43318
43332
43345
43354
43371
43383
43386
43404
43412
43420
43424
43429
43455
43478
43488
43505
43506
43509
43511
43524
43531
43532
43537
43539
43542
43543
43552
43558
43562
43572
43584
43611
43624
43625
43627
43631
43639
43645
43659
43679
43681
43683
43749
43755
43759
43766
43785
43792
43796
43812
43813
43815
43818
43834
43844
43860
43867
43878
43882
43908
43913
43928
43938
43964
43977
43978
43981
43982
43985
43991
43992
44013
44020
44047
44050
44072
44078
44085
44087
44096
44102
44115
44151
44154
44157
44162
44175
44190
44191
44206
44231
44236
44237
44241
44245
44278
44279
44302
44308
44319
44335
44342
44357
44370
44373
44398
44419
44424
44460
44476
44477
44482
44499
44501
44514
44517
44523
44525
44535
44549
44554
44568
44598
44604
44605
44606
44622
44623
44640
44643
44651
44665
44668
44671
44673
44689
44695
44703
44709
44712
44716
44746
44761
44762
44782
44831
44833
44847
44852
44871
44891
44892
44902
44913
44936
44950
44961
44967
44971
44975
44980
45001
45002
45006
45010
45029
45040
45041
45062
45069
45080
45097
45101
45104
45118
45127
45131
45134
45138
45140
45142
45148
45153
45156
45158
45168
45188
45196
45197
45219
45236
45247
45251
45261
45277
45283
45284
45294
45304
45322
45336
45366
45372
45373
45393
45402
45404
45427
45447
45472
45482
45502
45517
45521
45524
45526
45536
45547
45558
45572
45576
45579
45586
45597
45600
45602
45626
45627
45631
45635
45640
45648
45653
45662
45663
45664
45665
45675
45703
45706
45718
45722
45725
45740
45743
45748
45755
45761
45768
45770
45775
45777
45802
45807
45821
45825
45841
45847
45852
45853
45855
45865
45866
45870
45875
45914
45920
45923
45928
45955
45961
45975
45976
45979
45986
45992
45993
45996
45997
46015
46018
46027
46031
46034
46051
46064
46074
46079
46082
46083
46099
46112
46118
46136
46158
46169
46179
46186
46197
46200
46215
46216
46219
46231
46281
46320
46321
46325
46327
46351
46360
46382
46392
46405
46410
46411
46416
46417
46446
46470
46528
46540
46567
46576
46597
46606
46612
46619
46626
46637
46664
46665
46708
46720
46722
46739
46741
46743
46748
46755
46765
46773
46796
46801
46802
46804
46812
46827
46828
46831
46838
46841
46855
46867
46868
46874
46906
46911
46925
46937
46945
46954
46959
46968
46983
46986
46987
47017
47037
47039
47043
47048
47052
47058
47066
47067
47075
47089
47155
47178
47201
47204
47226
47228
47232
47240
47271
47285
47287
47312
47313
47319
47334
47337
47349
47365
47410
47414
47416
47465
47471
47496
47502
47517
47530
47533
47535
47560
47568
47618
47623
47625
47645
47652
47671
47680
47694
47695
47697
47713
47717
47726
47737
47748
47764
47778
47786
47803
47804
47814
47865
47868
47888
47890
47898
47908
47913
47925
47928
47946
47947
47959
47979
47983
47995
48027
48037
48055
48061
48070
48071
48072
48075
48082
48083
48087
48090
48093
48099
48104
48108
48117
48122
48154
48155
48159
48179
48180
48209
48211
48235
48248
48251
48256
48272
48281
48322
48325
48331
48339
48358
48386
48393
48395
48397
48416
48429
48437
48439
48443
48444
48472
48475
48490
48523
48554
48568
48571
48572
48574
48622
48625
48666
48691
48697
48710
48719
48748
48762
48766
48783
48786
48808
48812
48819
48825
48836
48842
48849
48866
48885
48888
48897
48899
48911
48919
48978
48988
49003
49006
49025
49028
49040
49050
49071
49109
49123
49148
49166
49167
49174
49181
49183
49191
49195
49204
49216
49244
49250
49287
49324
49335
49336
49342
49348
49387
49397
49408
49441
49450
49459
49485
49507
49531
49561
49578
49580
49584
49610
49624
49631
49632
49640
49647
49683
49692
49724
49727
49735
49778
49787
49804
49806
49844
49851
49855
49856
49863
49886
49888
49889
49898
49912
49927
49941
49957
49991
49994
50001
50005
50018
50023
50027
50029
50049
50115
50129
50159
50164
50208
50212
50217
50253
50255
50260
50270
50284
50292
50319
50333
50357
50366
50379
50388
50462
50469
50530
50562
50564
50575
50578
50583
50587
50592
50631
50666
50667
50688
50770
50778
50779
50782
50784
50787
50814
50826
50837
50853
50864
50868
50871
50876
50877
50901
50904
50925
50936
50946
50966
50991
51012
51035
51095
51116
51123
51148
51182
51226
51252
51261
51281
51282
51284
51287
51288
51300
51308
51335
51353
51366
51373
51390
51407
51434
51449
51467
51478
51483
51489
51490
51506
51516
51517
51522
51525
51526
51543
51551
51569
51580
51595
51601
51613
51625
51626
51640
51667
51676
51697
51706
51709
51724
51725
51757
51783
51791
51795
51799
51814
51815
51817
51830
51843
51867
51884
51886
51890
51897
51909
51910
51912
51923
51931
51942
51949
51961
51967
51969
51995
52009
52012
52015
52021
52023
52043
52045
52057
52073
52079
52088
52098
52109
52111
52131
52140
52147
52191
52198
52211
52212
52214
52215
52218
52228
52232
52241
52246
52253
52261
52268
52280
52286
52330
52336
52359
52365
52372
52375
52407
52424
52442
52460
52475
52478
52483
52491
52502
52503
52533
52542
52557
52563
52589
52599
52620
52630
52634
52640
52644
52654
52658
52661
52663
52677
52692
52710
52727
52756
52817
52820
52829
52845
52875
52877
52887
52914
52955
52963
52973
52975
52976
52977
52992
53029
53033
53042
53092
53099
53152
53165
53201
53213
53219
53224
53237
53246
53278
53311
53319
53321
53350
53354
53364
53372
53391
53392
53396
53401
53454
53487
53495
53496
53505
53514
53535
53549
53561
53588
53615
53616
53620
53622
53637
53660
53682
53699
53710
53732
53794
53795
53874
53897
53898
53901
53910
53939
53951
53960
53972
53985
53993
53999
54008
54011
54015
54027
54033
54041
54046
54055
54059
54066
54078
54083
54096
54116
54120
54125
54132
54145
54153
54175
54221
54228
54240
54242
54246
54301
54302
54307
54358
54374
54397
54399
54423
54438
54494
54496
54515
54522
54535
54546
54547
54562
54571
54630
54654
54707
54716
54732
54770
54800
54801
54820
54839
54853
54859
54863
54864
54899
54921
54930
54931
54951
54956
54963
54964
54993
54997
54999
55028
55086
55098
55114
55143
55152
55182
55191
55196
55206
55230
55231
55272
55294
55321
55333
55346
55349
55354
55370
55403
55405
55444
55460
55474
55475
55487
55494
55499
55500
55524
55533
55537
55561
55571
55572
55577
55602
55605
55616
55634
55638
55651
55652
55662
55669
55685
55689
55743
55747
55768
55790
55804
55805
55808
55814
55818
55825
55862
55941
55995
55998
56015
56045
56064
56069
56070
56090
56100
56125
56143
56177
56179
56187
56191
56208
56224
56230
56240
56245
56256
56269
56271
56301
56304
56357
56369
56372
56386
56419
56438
56458
56482
56487
56509
56513
56523
56545
56552
56583
56584
56586
56626
56634
56640
56655
56685
56693
56719
56721
56759
56810
56820
56828
56829
56845
56850
56880
56886
56889
56929
56934
56936
56939
56940
56968
56977
56981
56983
57016
57026
57065
57067
57083
57099
57143
57165
57167
57184
57204
57205
57269
57337
57344
57346
57371
57387
57404
57407
57413
57447
57480
57511
57528
57540
57550
57569
57599
57642
57649
57669
57677
57694
57695
57713
57718
57721
57722
57746
57751
57752
57760
57771
57796
57808
57840
57846
57856
57873
57892
57916
57963
57966
57979
58071
58090
58112
58157
58167
58205
58215
58245
58286
58303
58338
58339
58357
58367
58386
58391
58402
58406
58428
58431
58433
58460
58478
58484
58520
58535
58564
58567
58584
58633
58640
58648
58656
58712
58748
58758
58797
58834
58854
58867
58887
58888
58899
58901
58926
58928
58989
58999
59038
59059
59065
59067
59068
59094
59118
59136
59140
59181
59182
59193
59194
59216
59230
59231
59236
59241
59242
59248
59261
59278
59298
59318
59356
59372
59377
59391
59395
59429
59431
59494
59529
59532
59543
59554
59575
59600
59685
59686
59711
59712
59730
59765
59787
59809
59846
59851
59935
59953
59966
59988
59989
60015
60029
60079
60087
60100
60119
60123
60128
60129
60134
60178
60188
60196
60211
60250
60266
60267
60276
60277
60284
60300
60359
60381
60398
60402
60431
60440
60448
60464
60471
60497
60511
60519
60566
60581
60599
60649
60650
60690
60714
60785
60786
60849
60910
60935
60937
60938
60943
60950
60958
60981
61072
61092
61109
61113
61121
61153
61196
61205
61228
61249
61272
61288
61292
61328
61361
61375
61392
61398
61414
61444
61453
61475
61547
61551
61576
61583
61599
61609
61622
61677
61715
61749
61758
61802
61813
61822
61845
61849
61866
61882
61890
61910
61927
62007
62016
62031
62057
62081
62089
62096
62110
62138
62139
62174
62188
62245
62251
62266
62274
62286
62292
62326
62345
62412
62439
62465
62471
62480
62507
62514
62537
62542
62573
62599
62607
62610
62616
62654
62668
62674
62728
62732
62739
62752
62782
62791
62792
62796
62801
62819
62847
62852
62853
62862
62864
62914
62935
62968
62971
62972
62992
62998
63097
63115
63153
63165
63185
63219
63241
63243
63302
63359
63360
63392
63394
63396
63407
63456
63485
63491
63521
63639
63657
63668
63690
63691
63708
63715
63749
63784
63834
63848
63871
63883
63886
63901
63931
63947
63961
63998
64074
64111
64117
64171
64212
64218
64221
64238
64261
64275
64319
64328
64366
64498
64503
64506
64533
64536
64617
64637
64643
64663
64732
64752
64755
64760
64775
64793
64818
64823
64935
64971
64991
65037
65091
65097
65120
65139
65141
65154
65287
65325
65334
65354
65382
65426
65468
65493
65547
65549
65573
65599
65606
65704
65726
65760
65767
65800
65902
65944
66033
66038
66061
66063
66070
66126
66130
66162
66179
66195
66216
66317
66395
66412
66419
66434
66453
66496
66508
66527
66529
66555
66620
66635
66643
66658
66672
66753
66817
66950
66992
67016
67046
67102
67106
67169
67232
67262
67289
67304
67307
67311
67342
67434
67435
67453
67482
67513
67568
67611
67709
67711
67787
67834
67857
67874
67890
67919
67930
67976
68012
68021
68038
68043
68089
68094
68188
68244
68307
68314
68348
68442
68490
68495
68498
68569
68616
68860
68885
68900
68917
68963
69154
69156
69164
69165
69312
69325
69335
69368
69376
69392
69397
69407
69421
69454
69530
69557
69558
69583
69598
69637
69650
69652
69670
69693
69723
69732
69766
69791
69801
69862
69898
69981
69985
70024
70052
70143
70146
70295
70319
70326
70391
70403
70427
70441
70517
70546
70549
70565
70664
70676
70718
70822
70831
70858
70862
70863
70905
70957
71153
71165
71206
71262
71282
71419
71597
71677
71777
71779
71822
71922
71923
71945
71963
71995
72104
72138
72210
72316
72354
72388
72397
72482
72509
72573
72576
72609
72793
72868
72901
72962
73023
73025
73173
73400
73454
73507
73560
73644
73663
73783
73825
73885
73946
73952
73980
74061
74219
74290
74299
74666
74726
75191
75282
75467
75471
75657
75670
75736
75813
75904
76006
76183
76194
76244
76556
76720
76902
76903
76991
77299
77938
77953
78307
78589
