132
38
524
654
1041
1206
1591
2275
3118
3340
3451
3749
4051
4417
4673
4985
5491
6114
6431
6561
7113
7127
7322
7998
8027
8368
8518
8944
9235
10490
10716
12220
13130
13135
13176
13876
13923
14218
14237
14581
14808
16371
17120
17741
17783
18070
19062
19089
19504
19544
19571
19683
20713
20922
21893
22236
22353
24329
24354
24698
24716
24738
24963
25456
25852
26562
26574
26820
26911
27145
27405
27453
27750
28418
28662
28831
28954
29987
32671
32831
32841
33146
33866
33963
34013
34700
35130
35962
37189
37798
37900
38179
38333
39249
40728
41139
41259
41788
42011
43675
43937
44878
47309
49129
50830
50961
52354
52728
55823
59223
59745
60090
61198
63397
64549
64603
65416
65834
66877
69392
69716
69833
71487
72359
75574
75628
75711
76039
78683
79753
81103
84267
84704
