|                  |
|                  |
|                  |
|                  |
|                  |
|                  |
|                  |
|                  |
|                  |
|                  |
|                  |
|                  |
|                O |
|                O |
|  O  O   O  O   O |
| OO  O O OO O   OO|
| OO OOOO OO O O OO|
|OOOOOOOOOOO OOOOOO|
|OOOOOOOOOOO OOOOOO|
|OOOOOOOOOOO OOOOOO|
|==================|
|                |
|                |
|                |
|                |
|                |
|                |
|                |
|                |
|                |
|                |
|          O     |
|          O  O  |
|OO  OO OO O  O O|
|OOOOOOOOOOO  OOO|
|================|
|       |
|       |
|       |
|       |
|       |
|       |
|       |
|       |
|       |
|       |
|       |
|       |
|       |
|       |
|       |
|       |
|       |
|       |
|       |
|       |
|=======|
|                |
|                |
|                |
|                |
|                |
|                |
|                |
|                |
|                |
|                |
|                |
|                |
|                |
|                |
|                |
|                |
|                |
|                |
|O               |
|O    O  O OO OOO|
|================|
|          |
|          |
|          |
|          |
|          |
|          |
|          |
|          |
|          |
|          |
|          |
|        OO|
| O O   OOO|
| O O OOOOO|
| OOO OOOOO|
| OOOOOOOOO|
| OOOOOOOOO|
|==========|
