zabaglione is an instrument
rottenstone is an instrument
reenthrone is an instrument
sulphone is an instrument
hexone is an instrument
industrialist is sadly not an instrument
hambone is an instrument
dustiness is sadly not an instrument
debone is an instrument
histone is an instrument
unsplenetically is sadly not an instrument
earphone is an instrument
assay is sadly not an instrument
tombstone is an instrument
potstone is an instrument
sweep is sadly not an instrument
pheromone is an instrument
aldosterone is an instrument
cornpone is an instrument
conductional is sadly not an instrument
isotone is an instrument
overstout is sadly not an instrument
internment is sadly not an instrument
compone is an instrument
jawbone is an instrument
cornerstone is an instrument
aquatone is an instrument
knowable is sadly not an instrument
hipbone is an instrument
semitone is an instrument
femora is sadly not an instrument
toxaemic is sadly not an instrument
cicerone is an instrument
aitchbone is an instrument
lordosis is sadly not an instrument
trank is sadly not an instrument
telephone is an instrument
shalt is sadly not an instrument
premundane is sadly not an instrument
untrustable is sadly not an instrument
volt is sadly not an instrument
blinders is sadly not an instrument
unthrone is an instrument
flavone is an instrument
siltstone is an instrument
satisfyingness is sadly not an instrument
came is sadly not an instrument
doctorless is sadly not an instrument
rhinestone is an instrument
hearthstone is an instrument
whetstone is an instrument
bizone is an instrument
alumstone is an instrument
ionone is an instrument
firestone is an instrument
bygone is an instrument
hesperidium is sadly not an instrument
outdone is an instrument
outshone is an instrument
epigone is an instrument
parmentier is sadly not an instrument
nonuniting is sadly not an instrument
undulatory is sadly not an instrument
mellophone is an instrument
orgone is an instrument
phallist is sadly not an instrument
misatone is an instrument
hennaed is sadly not an instrument
christadelphian is sadly not an instrument
glutathione is an instrument
ideophone is an instrument
isochrone is an instrument
none is an instrument
undone is an instrument
sandstone is an instrument
anklebone is an instrument
noneducative is sadly not an instrument
pone is an instrument
spiderling is sadly not an instrument
recolonized is sadly not an instrument
leotine is sadly not an instrument
loadstone is an instrument
adygei is sadly not an instrument
mudstone is an instrument
egocentricity is sadly not an instrument
dinitrobenzene is sadly not an instrument
clingstone is an instrument
rezone is an instrument
topstone is an instrument
cellphone is an instrument
fieldstone is an instrument
shinbone is an instrument
surplusage is sadly not an instrument
depone is an instrument
footstone is an instrument
cortisone is an instrument
bemuddle is sadly not an instrument
cherrystone is an instrument
flagstone is an instrument
nonspheric is sadly not an instrument
noneuphonious is sadly not an instrument
creolized is sadly not an instrument
bizone is an instrument
pronominal is sadly not an instrument
misused is sadly not an instrument
nonvolatilizable is sadly not an instrument
colone is an instrument
fertilely is sadly not an instrument
gravestone is an instrument
nongraduation is sadly not an instrument
goldtone is an instrument
orgone is an instrument
done is an instrument
brimstone is an instrument
hormone is an instrument
millstone is an instrument
reknitting is sadly not an instrument
mayo is sadly not an instrument
multivolumed is sadly not an instrument
experienceless is sadly not an instrument
gemstone is an instrument
polyphone is an instrument
cough is sadly not an instrument
isogone is an instrument
dripstone is an instrument
panettone is an instrument
marlstone is an instrument
intone is an instrument
microphone is an instrument
unempaneled is sadly not an instrument
duotone is an instrument
geophone is an instrument
jalap is sadly not an instrument
nonostensive is sadly not an instrument
stockateer is sadly not an instrument
biocide is sadly not an instrument
reapproachable is sadly not an instrument
overstowed is sadly not an instrument
turnstone is an instrument
mesocyclone is an instrument
mayonaise is sadly not an instrument
oxycodone is an instrument
tubes is sadly not an instrument
amarone is an instrument
antithetically is sadly not an instrument
ubiquinone is an instrument
sone is an instrument
cyproterone is an instrument
pterygia is sadly not an instrument
prednisone is an instrument
connemara is sadly not an instrument
undertone is an instrument
debone is an instrument
birthstone is an instrument
thighbone is an instrument
eyestone is an instrument
cyclone is an instrument
ribbing is sadly not an instrument
outgone is an instrument
fuzztone is an instrument
anticly is sadly not an instrument
coinable is sadly not an instrument
anyone is an instrument
discountenanced is sadly not an instrument
trazodone is an instrument
sobor is sadly not an instrument
millenniums is sadly not an instrument
schiaparelli is sadly not an instrument
doggone is an instrument
nonpersistency is sadly not an instrument
straw is sadly not an instrument
fishbone is an instrument
earstone is an instrument
ionone is an instrument
throne is an instrument
depersonalization is sadly not an instrument
incaging is sadly not an instrument
dethrone is an instrument
meningitic is sadly not an instrument
naphthaline is sadly not an instrument
lone is an instrument
mesomorphism is sadly not an instrument
bluestone is an instrument
zabajone is an instrument
angelology is sadly not an instrument
justiciaries is sadly not an instrument
amphibious is sadly not an instrument
gone is an instrument
inthrone is an instrument
cabezone is an instrument
foredone is an instrument
verdict is sadly not an instrument
ringbone is an instrument
headphone is an instrument
madrone is an instrument
felstone is an instrument
despondently is sadly not an instrument
claystone is an instrument
darner is sadly not an instrument
mastership is sadly not an instrument
enthrone is an instrument
nondiphtheritic is sadly not an instrument
fordone is an instrument
pisco is sadly not an instrument
one is an instrument
buhrstone is an instrument
rotenone is an instrument
colone is an instrument
evzone is an instrument
anglophone is an instrument
unbeaming is sadly not an instrument
silicone is an instrument
ketone is an instrument
freestone is an instrument
capstone is an instrument
subzone is an instrument
lodestone is an instrument
misdone is an instrument
hevesy is sadly not an instrument
telephone is an instrument
grindstone is an instrument
aleurone is an instrument
postneuritic is sadly not an instrument
touchtone is an instrument
nondeprivable is sadly not an instrument
pinecone is an instrument
libri is sadly not an instrument
dapsone is an instrument
pinbone is an instrument
homophone is an instrument
intone is an instrument
peptone is an instrument
oilstone is an instrument
toadstone is an instrument
touchstone is an instrument
ketone is an instrument
insalivating is sadly not an instrument
bone is an instrument
snoutlike is sadly not an instrument
quinone is an instrument
dona is sadly not an instrument
processing is sadly not an instrument
evzone is an instrument
letterset is sadly not an instrument
xanthone is an instrument
subtone is an instrument
ochone is an instrument
unruptured is sadly not an instrument
gibbose is sadly not an instrument
postpone is an instrument
diandrous is sadly not an instrument
rackle is sadly not an instrument
tritone is an instrument
ancone is an instrument
bondstone is an instrument
descry is sadly not an instrument
herringbone is an instrument
gladstone is an instrument
plunder is sadly not an instrument
bloodstone is an instrument
recharged is sadly not an instrument
headstone is an instrument
pressurize is sadly not an instrument
organise is sadly not an instrument
underdone is an instrument
baritone is an instrument
pseudoviperine is sadly not an instrument
ouzo is sadly not an instrument
extravehicular is sadly not an instrument
unmortared is sadly not an instrument
propone is an instrument
bygone is an instrument
leosuckssomuch is sadly not an instrument
indisputably is sadly not an instrument
undone is an instrument
unsordid is sadly not an instrument
neurone is an instrument
abalone is an instrument
lapidific is sadly not an instrument
camoens is sadly not an instrument
hogmane is sadly not an instrument
anticyclone is an instrument
curbstone is an instrument
spitter is sadly not an instrument
keystone is an instrument
reshone is an instrument
naltrexone is an instrument
unturned is sadly not an instrument
namaqua is sadly not an instrument
minestrone is an instrument
naloxone is an instrument
milestone is an instrument
lionized is sadly not an instrument
vibraphone is an instrument
dankmeme is sadly not an instrument
cheekbone is an instrument
blossom is sadly not an instrument
ancone is an instrument
nonconducting is sadly not an instrument
limestone is an instrument
marrowbone is an instrument
barytone is an instrument
usquebaugh is sadly not an instrument
downzone is an instrument
niue is sadly not an instrument
ecotone is an instrument
rosary is sadly not an instrument
shacklebone is an instrument
francophone is an instrument
hexone is an instrument
plaything is sadly not an instrument
menadione is an instrument
sulfone is an instrument
muskie is sadly not an instrument
jackstone is an instrument
untalented is sadly not an instrument
actinomyces is sadly not an instrument
dump is sadly not an instrument
nontidal is sadly not an instrument
brownstone is an instrument
zabaione is an instrument
burstone is an instrument
foregone is an instrument
wobegone is an instrument
moonstone is an instrument
chinone is an instrument
lazzarone is an instrument
poitiers is sadly not an instrument
overtone is an instrument
galago is sadly not an instrument
trichinizing is sadly not an instrument
condone is an instrument
hyperdemocratic is sadly not an instrument
kairomone is an instrument
mola is sadly not an instrument
copestone is an instrument
skylab is sadly not an instrument
amyloid is sadly not an instrument
anaphase is sadly not an instrument
veinstone is an instrument
periodical is sadly not an instrument
ladrone is an instrument
allophone is an instrument
radiophone is an instrument
everyone is an instrument
impone is an instrument
basest is sadly not an instrument
ironstone is an instrument
polysyndeton is sadly not an instrument
lactone is an instrument
backbone is an instrument
exhibitionistic is sadly not an instrument
hydrophone is an instrument
padrone is an instrument
liane is sadly not an instrument
chaperone is an instrument
gramophone is an instrument
audiphone is an instrument
wishbone is an instrument
barbitone is an instrument
rheometer is sadly not an instrument
greenstone is an instrument
trombone is an instrument
cobblestone is an instrument
sequestrable is sadly not an instrument
tinstone is an instrument
habituating is sadly not an instrument
trumpetweed is sadly not an instrument
hone is an instrument
coumarone is an instrument
estrone is an instrument
throne is an instrument
megaphone is an instrument
chalone is an instrument
soapstone is an instrument
pyrone is an instrument
impone is an instrument
pipestone is an instrument
burrstone is an instrument
collarbone is an instrument
leosuckssomuch is sadly not an instrument
bobsledding is sadly not an instrument
pyrone is an instrument
provolone is an instrument
nonhistone is an instrument
saxophone is an instrument
stridulation is sadly not an instrument
quinolone is an instrument
interzone is an instrument
cryosurgery is sadly not an instrument
begone is an instrument
culminate is sadly not an instrument
combat is sadly not an instrument
universalism is sadly not an instrument
chinbone is an instrument
copingstone is an instrument
thuya is sadly not an instrument
halftone is an instrument
suitor is sadly not an instrument
superadjacent is sadly not an instrument
butanone is an instrument
inkstone is an instrument
diaphone is an instrument
someone is an instrument
lemonade is sadly not an instrument
whalebone is an instrument
supination is sadly not an instrument
hailstone is an instrument
frogspawn is sadly not an instrument
indomethacin is sadly not an instrument
crissa is sadly not an instrument
redone is an instrument
littlest is sadly not an instrument
amidone is an instrument
zone is an instrument
sunstone is an instrument
hearthstone is an instrument
reinterpretation is sadly not an instrument
cone is an instrument
woebegone is an instrument
anemone is an instrument
renegotiable is sadly not an instrument
amazonstone is an instrument
goldstone is an instrument
halazone is an instrument
pantalone is an instrument
aglycone is an instrument
canzone is an instrument
reconnoitre is sadly not an instrument
acetone is an instrument
countershafting is sadly not an instrument
hepatica is sadly not an instrument
syringomyelia is sadly not an instrument
rezone is an instrument
unsensualistic is sadly not an instrument
autocoid is sadly not an instrument
coagulating is sadly not an instrument
holystone is an instrument
missies is sadly not an instrument
anyone is an instrument
lithopone is an instrument
violone is an instrument
breastbone is an instrument
woodtone is an instrument
oxytone is an instrument
spumone is an instrument
multitone is an instrument
transceiver is sadly not an instrument
oppilating is sadly not an instrument
mighty is sadly not an instrument
gallstone is an instrument
alkoran is sadly not an instrument
uneuphemistical is sadly not an instrument
pensione is an instrument
begone is an instrument
cephalopodic is sadly not an instrument
cnossus is sadly not an instrument
mascarpone is an instrument
satyrid is sadly not an instrument
flute is sadly not an instrument
xylophone is an instrument
drystone is an instrument
tablespoon is sadly not an instrument
monotone is an instrument
methadone is an instrument
sesquicentennially is sadly not an instrument
redbone is an instrument
cetus is sadly not an instrument
disbosom is sadly not an instrument
tone is an instrument
flavanone is an instrument
disprize is sadly not an instrument
undergone is an instrument
knucklebone is an instrument
overdone is an instrument
carteret is sadly not an instrument
pitchiest is sadly not an instrument
oestrone is an instrument
sousaphone is an instrument
untruss is sadly not an instrument
flowstone is an instrument
videophone is an instrument
calzone is an instrument
proprietorial is sadly not an instrument
acoustic is sadly not an instrument
playmate is sadly not an instrument
whinstone is an instrument
tailbone is an instrument
hornstone is an instrument
leosucks is sadly not an instrument
microtone is an instrument
ochone is an instrument
cuttlebone is an instrument
depone is an instrument
conquistador is sadly not an instrument
unremembering is sadly not an instrument
forgone is an instrument
erlang is sadly not an instrument
ecdysone is an instrument
redone is an instrument
