14
2
24
14
2
4
13
16
26
0
14
34
23
19
2
14
58
16
32
66
42
32
0
24
24
0
22
0
0
10
2
0
32
42
44
2
30
6
23
66
2
46
90
22
10
40
74
56
68
12
78
42
0
32
0
16
44
64
12
5
20
104
34
12
30
0
34
70
10
6
8
6
4
0
2
36
0
28
75
66
15
6
0
102
30
14
17
0
0
22
0
4
0
10
6
64
56
47
2
62
24
114
54
20
94
24
41
62
28
0
No
20
110
128
49
28
37
2
156
14
133
12
13
6
146
4
38
64
66
126
4
80
34
8
110
130
0
126
152
0
23
138
26
206
14
92
6
130
30
2
0
164
0
0
12
38
194
141
14
104
119
18
212
72
79
50
104
60
220
32
66
188
208
44
179
24
94
170
70
23
6
120
22
30
114
30
152
6
164
154
42
64
176
2
37
104
24
2
80
31
24
0
32
106
100
6
189
196
10
192
102
18
14
22
126
212
226
166
40
234
42
0
0
106
146
7
0
38
64
28
40
0
244
0
36
0
18
86
42
30
0
186
40
286
0
0
176
204
0
2
90
299
252
2
0
78
85
124
84
70
0
255
14
2
28
22
194
56
157
0
22
104
98
238
100
139
61
128
6
322
126
2
160
8
248
115
0
139
90
26
253
45
95
204
2
240
34
148
222
24
69
56
2
64
242
277
175
12
34
16
206
150
312
284
30
118
0
36
222
24
359
330
154
163
354
80
262
243
70
6
150
144
397
115
146
116
0
144
0
274
224
14
108
177
36
66
198
436
124
135
116
86
270
144
36
106
4
277
6
362
24
265
20
152
172
328
470
58
312
83
119
64
2
28
201
4
229
186
42
90
159
54
444
0
0
68
240
22
230
471
62
76
183
168
288
209
6
0
270
102
96
84
32
84
6
221
282
14
174
6
132
344
181
93
22
238
202
60
72
292
257
58
138
10
346
42
168
162
298
144
254
14
158
96
368
308
151
24
338
44
79
381
184
243
247
287
52
169
46
0
36
246
275
36
16
384
221
397
24
0
151
233
372
205
255
559
70
204
0
324
469
170
70
234
48
95
0
262
46
139
169
91
136
175
0
170
0
52
121
217
181
94
68
0
136
104
65
106
88
71
484
6
83
8
516
12
0
193
0
106
2
194
227
18
20
291
8
21
31
439
214
325
4
328
48
485
447
586
196
203
42
285
504
34
2
244
232
0
336
140
0
588
588
211
380
12
77
280
156
245
275
62
180
4
66
370
120
467
8
124
48
246
314
297
26
233
311
116
215
205
58
639
10
16
20
170
19
4
26
115
254
48
532
2
242
94
32
45
229
4
206
378
4
188
307
573
48
18
2
377
25
308
203
78
282
79
4
578
168
456
96
102
106
239
298
26
7
2
0
597
441
85
0
258
268
313
114
230
152
12
254
661
295
396
104
84
14
147
226
62
151
172
17
40
79
8
51
115
142
15
2
16
619
474
157
125
174
749
432
8
328
0
2
36
105
148
45
364
19
57
136
81
103
602
133
308
16
206
12
154
8
20
190
92
0
124
34
477
776
659
38
186
576
8
346
92
6
84
466
88
103
373
67
221
339
No
96
66
186
45
57
0
105
4
647
314
16
553
12
705
205
402
208
150
4
51
104
No
8
26
493
459
162
35
717
507
101
44
585
38
0
316
22
5
90
8
0
No
588
126
734
6
595
92
510
540
362
12
66
210
469
614
194
235
298
0
43
14
402
4
174
374
577
257
349
78
583
0
25
186
66
5
198
368
38
141
0
468
90
10
430
77
525
423
107
933
78
26
536
632
613
370
353
269
287
209
121
276
410
836
331
16
125
0
530
32
329
259
0
12
53
441
206
681
838
143
16
698
511
60
180
0
109
45
186
430
149
560
812
69
48
180
200
28
14
54
407
8
162
100
152
86
288
489
135
580
0
324
0
253
186
65
667
84
152
306
38
742
581
246
523
26
14
62
472
16
186
2
0
474
216
527
36
18
97
38
8
666
281
0
9
132
38
360
345
22
311
242
445
61
622
1000
503
8
424
166
38
579
62
73
256
27
185
298
245
124
296
153
221
930
861
200
0
945
132
233
383
546
72
224
331
218
956
10
125
463
355
42
22
2
46
6
221
233
24
218
68
10
109
118
52
252
200
0
104
96
310
870
822
23
94
0
715
173
176
309
219
357
365
166
260
40
216
652
203
400
2
112
470
573
108
286
1009
381
606
81
302
6
191
160
539
1180
649
104
718
1087
289
886
8
534
76
154
619
543
125
103
66
16
262
325
45
105
233
875
130
470
463
36
608
346
210
213
435
816
93
220
56
700
108
197
104
0
539
4
202
183
49
1109
603
0
296
469
0
258
557
455
808
416
563
67
914
803
266
1060
417
No
642
822
358
691
136
2
885
26
413
594
199
58
0
699
564
819
289
550
514
192
434
101
0
223
8
374
68
160
291
19
2
276
867
219
212
706
4
486
358
168
37
37
75
98
112
468
435
154
167
246
119
501
266
82
346
52
649
207
714
890
58
167
20
352
28
440
34
44
366
1144
484
128
0
425
568
567
624
102
492
579
448
59
22
27
20
642
550
2
740
907
396
1
1161
636
962
208
602
451
361
440
41
177
2
88
187
976
256
73
189
660
487
284
289
111
0
276
0
0
451
684
300
100
620
172
58
593
26
468
1016
1154
22
334
8
429
489
16
513
713
0
1232
767
54
338
1015
471
1290
116
8
42
421
956
992
287
249
113
894
584
653
180
9
48
16
1167
159
792
1127
8
378
258
185
253
53
718
265
465
609
261
1087
766
509
94
603
676
316
0
68
483
0
3
406
10
0
1047
611
481
63
860
242
46
1357
0
5
169
794
17
263
146
0
56
No
1215
12
646
720
282
0
198
48
945
1168
312
10
176
66
10
52
424
261
359
575
349
46
1161
458
1108
637
150
827
582
756
281
22
736
6
105
16
402
200
50
1203
57
425
700
66
190
1156
676
592
773
339
8
18
1505
10
151
828
118
324
898
143
379
944
745
4
209
81
1043
58
31
25
275
690
1099
27
652
363
12
1341
40
417
577
1196
166
405
453
4
1018
954
77
1091
16
775
562
343
570
214
32
677
238
553
583
128
No
33
321
723
184
842
1042
240
668
340
6
81
774
684
279
780
84
343
191
203
1112
725
0
170
996
174
156
641
242
6
188
835
4
64
1191
429
859
897
2
88
0
576
422
364
355
550
946
433
1201
574
0
694
22
22
504
610
66
1283
405
1297
432
837
99
48
448
265
328
522
391
0
44
534
91
642
0
0
73
14
146
267
325
220
733
607
493
752
0
605
2
523
444
516
1208
350
920
293
90
63
1254
746
879
22
817
955
614
171
999
198
644
719
634
172
34
704
1268
593
420
1317
112
0
743
966
189
741
4
303
274
138
411
1229
1308
861
1575
505
589
0
62
90
133
12
525
39
511
No
362
370
737
781
713
621
1171
167
599
26
103
0
357
13
690
165
2
73
1154
254
258
14
193
378
69
487
1296
192
200
1279
678
6
609
287
599
770
1331
706
279
15
1004
221
231
108
91
344
20
18
12
749
1003
892
1650
359
444
112
209
363
1150
1582
No
486
528
316
0
143
433
0
1521
40
1301
448
0
1554
1036
20
212
909
96
685
56
14
662
1491
1268
491
60
744
614
92
1186
28
1342
7
824
358
930
268
435
560
354
135
104
58
645
290
95
1188
533
419
322
18
766
132
615
1516
156
1192
78
1051
873
24
941
765
292
302
355
4
801
1106
74
385
477
1378
1262
856
1259
318
348
108
768
1222
341
10
687
1064
1088
272
1022
68
621
328
77
1468
330
291
166
334
231
135
75
89
142
158
203
0
No
613
679
104
1351
499
1548
334
1181
947
598
1297
1687
270
877
669
897
1363
1156
760
383
571
360
253
588
220
1004
28
69
14
769
766
566
1365
34
152
45
490
54
1016
5
0
0
225
222
18
10
113
763
6
0
1328
661
827
276
117
513
516
0
816
96
210
8
491
1075
647
54
366
560
1272
928
1499
642
1006
182
1329
286
26
522
66
443
666
77
1082
290
1513
1618
1049
1146
37
534
733
1106
999
1058
67
319
1240
172
560
395
1304
414
148
1384
685
904
150
578
1465
408
825
74
236
1269
564
286
0
1143
739
1127
20
1230
787
326
114
663
1339
208
12
595
1072
51
196
280
140
999
198
674
0
1059
207
1752
374
160
370
6
543
40
0
223
52
38
1006
376
310
886
500
468
1124
683
418
49
0
1650
1345
389
147
1114
633
122
1371
971
1652
16
183
93
6
231
788
1856
No
164
20
1112
1336
9
461
2
1833
878
69
1082
482
335
130
127
1588
0
0
981
694
863
102
1348
949
291
159
341
645
227
611
276
32
847
978
764
1067
1529
676
934
214
847
59
1043
No
0
131
1129
546
234
167
125
1960
428
44
186
6
1821
1
1081
182
15
1365
1135
24
979
628
475
253
18
582
1033
233
1407
1539
93
23
1474
2033
105
119
129
4
291
700
412
1550
233
653
32
629
1239
935
21
230
47
158
810
444
815
121
347
695
356
244
1191
428
107
1243
249
775
732
1973
1795
74
206
1254
469
1048
1509
147
1169
144
122
812
727
0
944
1225
507
1068
0
1025
94
557
542
1198
1566
0
22
365
1151
1676
925
1043
289
252
33
693
46
2
132
68
1473
917
595
1071
384
12
1698
56
871
No
480
135
No
1346
214
347
262
65
115
1138
59
87
194
531
833
1634
129
548
1578
1142
665
1108
179
160
1827
651
1976
576
1322
0
201
2
97
521
389
977
1074
1903
0
806
490
792
1334
58
6
347
53
257
4
129
91
2100
433
320
419
192
1023
240
238
498
587
221
22
1089
699
22
1254
1301
653
812
545
0
810
1305
467
197
150
12
448
335
1418
666
85
299
314
390
575
649
2093
160
2024
2176
845
558
399
1342
442
249
331
1665
359
1044
307
1836
106
1020
174
434
1181
1301
236
1532
1067
128
429
1386
546
938
898
966
1076
966
115
409
14
181
356
1004
1187
255
641
627
33
1008
42
1397
1853
1689
1042
304
1090
34
38
866
2099
1100
596
No
579
132
167
4
17
478
23
993
1903
352
362
254
968
1726
341
1056
112
247
1519
1247
1120
296
996
1619
169
226
1666
60
331
0
175
2064
247
21
40
1829
886
140
2279
1789
748
472
No
357
569
1808
40
183
6
787
1646
2
274
1914
833
2047
317
946
734
149
2063
13
1916
1009
1947
254
723
87
27
1018
1065
123
1455
994
124
0
97
385
0
1411
946
0
6
133
37
816
0
907
1667
0
209
1081
171
117
1338
299
1026
1231
545
155
1566
462
145
1705
990
229
3
279
1680
835
606
2
207
13
1628
1032
596
0
2098
12
1991
677
1250
221
2025
1270
305
396
147
640
2
52
1505
143
1696
616
632
319
274
381
346
1652
1351
179
866
52
271
1917
12
1253
502
20
104
1431
1782
0
27
1129
810
279
1399
493
262
107
0
301
91
15
327
134
316
108
1599
18
80
1517
516
171
1813
56
12
2125
1632
91
854
1925
440
1845
38
1485
841
84
118
895
799
1280
677
94
87
161
169
946
1767
397
1761
850
81
6
287
1084
557
595
690
18
1169
1727
84
438
522
809
1027
1912
1196
1153
515
No
1832
142
739
1297
745
266
57
No
86
975
2139
57
348
493
1
644
1113
1122
3
369
13
1569
534
1745
12
237
934
1336
0
1177
53
2016
554
1310
0
163
177
2147
No
1356
55
1052
138
0
996
626
570
341
1265
2062
2313
228
435
118
359
38
1785
187
2036
1009
No
173
192
763
124
1161
1501
111
2
4
693
1139
2487
2049
2403
138
13
0
109
933
345
853
382
1494
18
2021
275
961
556
34
923
410
725
528
0
467
988
358
528
239
978
941
2038
1771
1556
46
202
378
1103
1460
26
208
38
795
337
2321
2517
1778
1405
701
136
315
180
120
172
2048
22
443
1969
1799
1510
2288
128
1901
577
1831
1467
1351
88
678
1340
1114
801
1358
1346
761
279
6
340
687
854
1121
1321
1687
0
165
1670
1113
943
1408
409
996
60
980
306
851
1454
762
821
1451
22
640
1396
16
1545
990
609
552
1670
288
380
592
1242
1801
361
2
293
231
2278
1084
497
1262
36
739
663
652
2326
874
96
1865
0
1058
2
503
941
2186
149
85
797
6
469
150
520
669
0
851
392
64
2500
25
258
21
691
38
1057
1782
210
1503
No
207
103
559
2176
1171
951
85
686
170
355
2448
1658
1940
1531
0
939
1726
1442
138
572
2007
829
21
1955
28
4
757
262
1693
798
102
1228
1256
768
461
1126
8
92
1761
1366
39
1482
501
779
169
2647
1766
434
2145
1497
1320
1294
1549
154
67
1027
1964
460
438
396
678
355
166
515
47
1796
64
1289
122
513
1270
1023
228
1975
2453
831
587
248
86
3
1505
611
1565
1344
230
883
173
294
410
581
954
546
1446
327
1052
2548
493
62
555
26
1789
1255
0
0
2443
1107
10
53
831
483
160
313
672
1127
1422
2317
396
32
0
200
67
803
1803
213
2455
198
294
1786
1947
1687
873
825
9
1080
1020
321
1670
1403
640
1874
102
828
122
648
1870
837
0
377
904
1246
963
635
324
444
546
960
1360
183
424
165
1161
1969
303
909
20
2675
78
374
719
2034
105
1521
209
552
487
82
156
432
0
598
486
1859
1651
0
2099
1236
91
125
1975
3
2552
308
0
637
1232
1165
861
956
1410
416
1517
490
1334
49
2169
72
220
1472
601
123
1320
823
749
894
501
609
2149
1065
2
1973
820
1867
189
402
375
255
1896
636
20
1610
1318
1011
54
120
1738
156
420
103
674
226
1452
1688
1465
548
0
705
1661
684
1524
72
152
537
623
1375
1406
983
1982
2575
2898
517
1258
1513
98
873
1096
220
1056
4
1279
60
2873
19
1374
1462
633
1636
576
79
1542
1783
533
941
1505
112
915
386
807
173
1283
454
24
739
2146
31
905
0
323
294
856
171
2
1709
1865
621
461
2443
400
550
2
1122
1976
367
1539
22
1687
401
681
507
1520
887
1287
1391
1521
1719
282
1244
1621
2
415
38
761
0
1502
768
605
2476
No
215
2011
22
2622
2825
1422
1726
1629
1328
1905
2
1592
1875
332
1020
314
75
272
0
758
1759
263
50
1055
762
431
124
1472
2245
235
0
130
171
2271
98
465
0
1038
1470
207
28
1388
90
2374
564
125
10
0
2463
1266
465
791
1855
407
522
309
496
22
984
469
764
1085
1275
1167
2617
3153
4
14
1368
194
2220
1077
152
126
1114
14
435
713
2393
121
1735
No
497
168
1557
1164
1434
52
326
6
16
1849
1933
1104
2442
705
8
29
11
32
0
77
134
520
19
17
1240
0
1343
591
818
2477
60
381
300
0
2457
No
124
256
1573
1575
337
16
1397
1241
136
565
4
182
97
1694
2700
241
1407
549
1351
1600
61
774
1190
1116
2353
1495
2213
604
2084
275
10
546
1642
1412
523
74
2610
2769
119
1422
427
137
160
1391
654
1573
1669
11
47
80
519
1978
1668
113
2501
2109
No
No
237
2575
2335
226
751
217
1859
179
1045
2215
2249
893
2099
969
1104
686
336
1083
2349
2067
1045
2258
21
2150
1875
408
1632
No
106
1623
113
1311
2991
833
463
1599
2164
2960
1039
No
485
1093
1092
125
192
899
19
901
768
950
798
1920
1805
542
1506
46
1830
170
3076
40
656
1590
10
497
1846
0
2509
32
22
10
686
No
507
2153
1631
37
1627
724
520
58
1932
167
2994
184
14
485
2550
748
1719
762
412
158
2074
2406
941
717
358
459
1074
813
1602
1967
2283
1477
1860
318
1299
1122
0
2024
1131
448
901
281
0
2017
3178
112
0
493
1719
445
531
1235
29
14
2534
157
3211
778
3415
2223
90
239
1803
2788
48
225
211
112
25
2215
2057
61
257
172
1838
132
228
2046
27
117
3307
97
469
2801
46
1482
2288
720
1202
2007
954
2623
40
57
939
1377
774
1886
1822
1971
0
413
508
765
28
531
48
1887
307
832
618
875
230
195
290
2860
9
1027
648
275
566
1123
2558
260
2551
2005
2502
104
3380
1466
1048
113
2412
1083
1885
2969
0
1947
85
1011
955
1317
430
1534
205
28
101
467
805
548
721
148
598
3186
3009
0
1988
0
1086
188
743
0
12
1724
382
2845
885
2453
61
101
2512
2098
22
1994
2306
1053
0
585
3271
888
136
66
1784
83
225
1236
988
338
672
430
248
1316
1023
945
1307
3107
865
3338
110
1482
430
187
824
25
235
1744
1166
1004
112
976
0
22
2431
2231
102
980
1749
3139
2846
938
No
1869
0
351
1214
545
4
2176
12
2055
2684
822
344
955
796
112
107
2
1390
25
2000
1504
233
1815
1087
588
1993
1624
274
No
2856
340
1023
1564
1651
2319
0
803
70
2364
2300
1964
1835
33
482
6
1142
1521
1022
195
958
1254
479
2080
175
3194
687
45
75
260
2458
537
638
2498
82
3010
22
350
2977
357
513
259
1049
509
1254
563
314
3132
334
2312
1600
3222
2612
2212
685
1601
239
2754
225
1720
86
38
0
210
178
1362
2103
2021
920
12
1932
81
1348
2495
3
50
1125
2837
122
987
605
705
623
1038
490
114
3687
1559
2834
965
333
248
2236
0
No
2781
344
131
824
137
989
124
2153
28
347
1924
1675
1765
0
1393
No
951
2001
3694
2916
1871
116
43
880
2791
449
1028
41
3697
1788
701
2391
3200
1388
3291
168
496
No
580
794
259
419
3159
24
2316
558
93
1350
1386
990
2459
2398
1853
101
1455
1969
2186
2960
436
15
3094
1600
2509
1396
1991
2138
50
30
3822
583
0
296
204
1058
1030
2224
792
320
462
844
1795
176
3040
2736
432
912
656
1510
1040
52
410
294
1193
52
113
391
48
138
241
365
2810
764
1794
547
951
1112
610
48
74
2
999
3718
526
3261
2
720
2910
294
980
62
2977
2647
210
1262
659
817
1037
355
517
1404
399
21
1036
1499
565
1800
512
3359
58
2887
1244
1429
31
898
0
788
675
8
0
500
2502
420
3417
0
113
2131
380
1101
255
3419
60
3467
4
2188
177
230
3027
171
23
605
81
2504
1670
2204
754
1293
1459
149
2838
360
114
2531
1244
1786
1060
3300
86
2617
296
13
163
1473
108
894
844
2100
350
3460
1127
369
104
226
10
934
0
586
952
1531
1336
1247
469
1560
1545
1882
1223
2953
1800
1637
3266
163
374
2
253
1057
1589
985
2238
109
92
2919
1450
2376
87
3275
228
1726
38
2747
34
48
3296
1794
250
1432
737
2130
3424
3358
1488
808
1864
306
2842
890
3333
2677
10
3345
772
1035
1582
141
1225
723
2175
1714
172
1713
477
1554
1114
200
241
No
1092
3058
538
1857
306
1751
838
1218
1829
953
1553
1526
12
179
1294
50
292
1145
76
248
3
1715
363
3732
40
1107
1853
1902
3475
44
122
2776
2433
1540
8
2617
77
735
787
3422
279
1040
888
1135
205
667
1622
193
416
145
1224
512
1517
20
2751
586
344
690
3324
206
2754
3041
1186
423
2218
No
37
1185
671
185
1813
79
2656
1825
2233
2919
518
3920
682
1147
256
2071
750
125
501
907
1092
246
242
3533
3811
384
700
703
2702
1866
117
388
84
1137
542
959
248
22
1036
392
2942
489
622
2662
143
1313
245
679
729
438
2096
191
42
2241
812
1723
657
2393
1598
464
No
2197
2159
1267
2679
1874
2533
1292
324
97
274
1309
No
1310
45
2199
347
100
2
100
2194
276
1017
2813
523
858
No
0
2735
1529
503
1278
1164
122
3229
155
3050
1299
1827
205
1166
744
202
616
1128
800
3778
2198
756
721
4011
6
2929
334
1385
26
505
2850
293
711
3205
0
1165
232
2151
198
1340
235
1960
33
1933
1367
3017
621
3738
1471
848
166
475
891
969
105
3442
1376
819
8
624
2336
1880
503
2688
499
207
973
49
1632
1430
40
2252
2742
766
2850
2518
1313
749
1002
3652
2338
692
2267
1462
249
2558
1199
635
1639
45
1279
634
2163
2050
517
2155
509
1965
572
3918
1809
165
1441
2423
3249
1200
227
459
71
2930
24
2587
1721
89
3065
0
583
1484
177
2069
623
1058
1298
1575
1074
1890
3991
43
2852
2
3520
2583
995
33
1394
318
40
338
101
2744
256
482
1132
1429
756
20
3905
1087
26
957
27
1464
283
217
1071
0
1291
0
2669
781
27
2419
1028
0
275
611
1631
44
1953
2160
143
3664
2179
167
2784
925
643
1914
200
44
172
319
506
2832
4187
608
338
168
1783
84
4403
70
754
2981
30
2106
No
1320
1501
2849
2064
1682
4413
2963
333
469
1789
3799
710
824
1106
751
168
3092
2162
1684
2763
1162
2506
510
1526
1060
257
984
2265
106
7
1113
1410
1818
312
652
1660
1366
884
1091
2569
3140
1211
188
2809
323
1882
179
1709
2301
1910
2511
2387
2307
119
3847
1709
1172
1419
2173
1675
2236
347
636
12
2873
1172
1617
3812
641
798
513
586
1950
1979
1139
3959
177
0
778
2218
393
1534
9
504
2511
808
2583
2420
64
No
2595
3006
1317
1816
864
1036
1615
14
2
25
2542
106
686
20
877
1001
1877
1677
3127
529
60
1848
1233
2398
167
2744
3208
86
3506
1694
2549
1240
2033
1372
No
547
4022
1803
12
305
898
2474
1482
2
2644
130
2301
2241
1105
1087
59
0
2675
257
484
3106
853
1828
54
3625
2942
2303
1869
1787
239
346
248
3496
1048
200
0
2019
14
873
2670
47
4232
2517
308
0
2275
3283
993
1228
2347
1546
30
2263
804
151
512
1858
695
2910
725
3151
939
2207
2
1714
178
698
1447
2173
1823
718
2089
65
49
3135
2093
954
1582
1417
1881
995
1259
806
1795
2551
711
2472
309
1156
1569
3522
2495
1103
28
3328
295
2457
610
3051
1870
1447
644
1753
1229
1044
847
2845
141
958
340
2978
2741
450
995
1237
1694
2466
341
1376
426
728
63
0
3115
298
2558
654
456
1059
99
3473
26
155
643
595
129
1976
182
1220
2645
568
825
1228
91
151
1167
1608
254
3848
4465
3129
1222
2367
1766
6
2965
729
3442
1013
1977
179
3907
354
2
2820
714
5
No
9
407
183
1650
3071
541
157
1957
908
13
488
31
4061
161
1184
153
3033
278
842
1708
364
3496
4037
177
36
801
224
691
180
759
1242
1740
210
1562
136
3236
3919
1098
3652
2070
1101
1505
3102
775
2023
522
823
2862
202
1176
356
1093
272
1731
258
1128
724
158
45
750
1532
4394
668
1344
61
1286
4017
555
401
146
3135
405
470
937
993
1076
1253
482
528
24
879
2311
163
3020
1140
2158
1963
3853
2928
3332
12
1751
313
1363
2465
0
23
486
1558
2016
1579
248
4270
2398
998
3989
2060
3398
1534
2525
789
1240
140
686
2935
5
1996
3332
11
1397
148
932
2612
786
791
2386
2110
8
655
4413
No
1539
1982
3063
2706
1800
0
2409
367
787
2149
1603
2400
2092
306
0
2171
22
0
133
553
84
No
627
1197
499
1344
217
2986
518
819
2040
1596
1942
3844
8
8
1308
27
2334
1200
1168
2532
1097
38
308
3200
550
954
2580
308
2643
386
3962
933
2349
389
1523
534
923
2709
476
1231
866
127
87
60
3630
2751
2569
0
3
1623
0
2060
1703
29
2088
1528
4649
2270
133
3108
94
67
1533
231
110
1355
987
150
825
1411
17
1238
69
274
32
122
2363
30
633
2077
675
1752
4685
3245
3832
1685
439
97
853
558
676
0
934
708
32
624
885
1113
2788
1600
789
4010
147
23
1409
1833
179
1582
1664
88
4444
3603
212
1726
2026
491
118
1
3509
1508
714
107
No
186
2089
2388
2666
1032
1709
2159
2603
416
126
1609
705
4882
1639
284
112
566
518
247
1879
3686
835
84
30
3725
1094
3414
274
240
388
3177
3111
21
1306
2096
2143
3501
149
3650
1268
4358
285
2100
257
652
3800
659
1493
68
2830
3981
3561
4308
381
3487
358
992
No
3792
1762
2442
875
2545
2
1071
1688
108
No
1070
141
83
2122
20
144
217
5035
2348
505
1401
3189
1464
731
3690
376
3896
1918
318
2448
2720
25
7
39
22
No
56
1184
11
4
1265
843
3345
793
2450
596
22
264
1436
947
1482
1556
139
17
3344
2702
169
3050
0
1132
1081
0
200
212
2926
No
1451
2096
2643
346
2103
528
1440
936
1126
85
143
553
93
2
3033
407
2629
1930
3768
2340
1247
1576
276
1349
498
246
3351
520
1957
2002
1196
16
2126
2074
4416
0
3898
1744
2392
1583
1128
1324
2941
271
3708
426
106
3442
756
652
100
2839
2146
0
3267
No
3040
313
2049
148
337
2180
74
3063
113
893
1265
1256
2890
29
103
97
429
53
3483
3209
3725
800
2504
217
2074
1560
888
981
208
1665
20
724
1278
3013
1794
No
3757
9
No
222
147
1624
715
26
4229
2992
2878
3570
1325
64
7
2626
6
200
4032
57
2170
412
1423
1554
3173
No
616
235
83
761
2336
374
239
3591
1388
2998
153
149
319
3334
2441
1143
1813
3636
3
2847
2657
1210
2222
4571
4579
2427
1772
45
3012
663
960
3859
74
4893
284
2524
0
984
16
227
3633
4600
2212
1849
813
564
3132
1260
4123
2139
542
101
86
1547
1298
789
3137
4846
1651
3064
No
2894
3531
159
3399
556
2394
831
0
3253
971
218
1671
No
3087
983
1005
249
3106
5036
2556
113
691
4403
3412
3147
4363
1827
16
4281
209
3528
4873
1948
65
3
725
No
3
3242
1398
1361
158
1290
4882
2780
No
535
44
3779
4
1434
2822
54
536
4674
12
3323
2305
170
4129
596
89
262
904
1483
647
173
3074
518
3111
2
4438
4239
310
2861
80
2887
No
2862
86
4215
62
2223
788
1416
2237
172
No
409
283
1981
353
23
835
621
1638
2536
1460
2579
2459
2802
274
971
751
696
1148
254
4815
2145
328
1044
1232
356
312
663
439
28
760
3301
763
860
73
832
3426
2947
715
0
136
1414
216
3545
2488
106
132
2258
165
1481
3424
902
14
146
22
674
1804
2279
4285
655
343
1341
639
116
1738
469
4355
2879
4
345
1178
3961
1307
614
265
1129
2191
852
20
347
600
4580
4361
3302
282
113
859
2944
283
2807
2245
1014
1519
659
2230
747
2712
1125
3844
4680
2
1425
3832
3189
4822
3218
No
1937
1466
4670
470
2144
2106
254
3066
1581
735
31
2455
634
0
0
2711
27
2971
573
331
800
779
4324
2674
38
4042
3234
3213
103
1514
1453
1638
2791
2
2697
2768
154
1842
2119
278
591
No
2
3104
0
2580
2896
2126
658
707
174
2812
763
792
38
3807
8
2
519
36
2343
29
3398
4159
1998
719
2806
744
2585
36
685
221
3351
3325
911
3323
1405
3859
4005
1693
2448
3344
2
1754
343
650
2107
499
3192
798
318
1823
2573
5
610
80
3224
2016
2151
2580
806
5548
3141
1215
4179
4445
1019
1679
602
371
1972
924
105
2
28
1864
3145
75
4591
No
3905
0
3471
548
3333
410
969
1870
960
1130
2474
128
141
6
2122
1176
37
199
502
No
6
1162
1975
345
1340
2040
130
257
2670
122
0
737
2892
2075
1252
223
4543
16
6
1602
768
2580
1468
74
6
195
2296
16
1435
353
3153
No
80
5632
1991
106
1742
1862
690
2004
1148
1421
29
198
93
2316
3078
4389
4403
2650
2425
19
3674
1459
23
2377
2143
1335
636
2592
1865
1643
584
2550
131
201
3013
3139
5176
4171
2543
907
79
906
966
1288
303
781
532
5029
127
375
2852
3812
3577
2056
1107
41
640
105
3382
1417
1395
147
1262
1406
1019
1311
25
3863
238
2769
831
4722
No
267
1599
802
2587
2904
590
2341
57
2489
1115
1268
243
4
3501
3788
4544
3547
No
3293
368
3649
25
533
536
2612
8
12
1987
2352
3781
57
3577
2426
604
1131
3874
30
242
4
2236
864
3840
2620
314
75
1747
1839
1905
746
1985
554
14
302
49
0
1000
7
262
3338
3105
2575
1173
234
No
771
42
225
1125
1553
1055
1036
3462
4603
1484
206
188
1897
3313
1200
259
681
1840
1097
No
1486
181
1832
3567
3086
2219
1350
3857
954
145
1563
1925
19
3176
4805
48
577
2175
312
304
No
1784
476
2577
No
980
861
424
1728
0
2976
No
1292
1113
2308
43
0
4
949
101
4310
560
No
1268
10
2806
261
27
5320
1276
3223
2601
3109
3732
1118
436
3389
3908
1293
4358
180
1446
3829
1798
93
1429
2538
5310
2807
1014
65
963
1919
3311
623
2641
2418
4209
5576
67
97
421
105
8
2923
2422
103
376
134
66
1469
5494
2600
945
2558
4679
69
773
803
1366
64
787
1036
386
2212
139
4517
0
75
2953
1346
97
3625
498
731
5403
45
39
1511
3672
958
1208
18
2886
4125
4
2441
2091
2940
1460
3545
3419
186
59
4864
No
1070
No
2107
2061
1316
904
3069
18
2911
950
164
2813
2219
370
1113
860
39
1172
3932
69
1790
1013
11
748
2654
5154
2804
No
1159
1447
526
313
190
2246
368
2122
663
1466
3646
0
3536
2398
3283
2976
4103
4342
5266
625
95
1376
848
103
364
3162
5050
5098
3473
1966
519
435
1651
3441
1730
241
2863
4365
0
3050
1558
357
2314
1677
No
89
2282
383
2131
979
700
4437
51
219
0
1585
70
2901
0
148
2855
1115
5737
2217
29
111
3990
168
No
429
268
3510
740
765
165
2090
1860
3089
3271
2383
2793
650
4305
2350
462
20
1778
3247
839
56
1950
4250
2609
3442
83
1421
2076
1551
2843
1921
1840
316
4409
4043
427
1653
3999
120
1842
3326
4001
669
4048
1870
441
No
149
672
161
498
706
307
38
5014
485
3308
0
6065
145
2512
1788
5148
4762
4895
5453
145
1019
288
2981
No
2759
6014
117
4327
247
3231
243
55
1206
2549
3500
2383
758
1818
3435
8
595
5377
4481
30
47
12
131
781
No
3264
967
5730
2703
42
1169
2042
5210
4011
3324
427
1427
780
1216
3461
95
1669
3236
2610
403
2544
152
5470
No
2289
410
1702
2439
759
5269
2873
113
3392
2949
2782
1320
1297
3557
166
47
1443
2
6251
1412
1136
1993
3427
325
2215
27
28
5342
230
1404
2646
249
660
2742
1368
346
1876
2497
4673
4750
2735
1499
154
1206
3845
262
3378
280
3110
987
4512
5060
4622
54
913
1076
1154
825
1387
2867
0
No
885
3547
2906
4345
811
28
1269
4013
62
859
No
110
83
1189
5
378
3487
186
2897
570
2
1409
4541
1054
2175
2347
1119
55
112
3447
252
2368
243
3760
1192
2709
5506
2736
2403
2624
1586
104
463
1073
1012
2087
1085
2091
103
5461
2740
443
1067
1597
298
80
1075
671
163
270
41
300
2042
0
1509
356
5058
1295
845
4052
1159
4579
72
765
1473
1209
1197
4076
1043
3386
1247
3263
3301
697
4327
4246
538
20
92
734
8
432
1135
344
1670
659
302
2001
604
765
1827
2364
1938
2454
2464
No
3679
715
4185
1575
839
1498
2835
4769
5581
67
2300
1703
527
0
2351
4
556
1815
1067
2277
3071
3099
1805
574
No
1413
5504
1063
307
4383
1062
3561
2297
189
4693
0
6141
2331
108
2614
3551
1954
1761
140
115
698
266
No
5788
1398
3013
1094
2653
778
475
74
4246
1398
934
206
3390
191
2809
1370
2474
420
2764
19
1134
4047
181
283
2044
1010
2259
4210
30
2224
1337
3241
4541
1569
3115
5346
921
2748
17
No
4077
3070
3632
2977
5238
2419
1380
2894
1780
2448
384
2577
1936
2851
6149
4534
3620
3832
603
526
3792
70
1824
91
5030
2282
4926
2530
450
436
3637
4577
No
33
137
5538
898
843
1849
77
1347
1687
2454
996
1098
793
892
1075
1892
114
701
1541
281
1233
3235
22
295
4628
1152
1055
2
1938
0
479
0
1767
187
10
1202
699
125
1355
1154
575
111
160
1119
155
1756
68
1108
187
1528
179
417
3467
1946
16
2300
2376
119
897
2269
811
1888
2053
40
0
4664
2210
515
2122
4236
1023
2225
3908
1905
2360
4615
0
3123
3290
2455
783
217
4883
427
2644
1937
3142
4345
785
3600
385
36
467
4989
560
3060
28
1237
No
882
No
1649
3018
2872
3585
23
599
2004
1990
4455
3929
2392
1537
4014
54
2741
3034
1785
455
425
66
3719
388
126
2
70
No
751
4728
208
2972
4037
2931
482
5301
91
2284
867
1465
3655
4062
3810
901
63
2715
3146
167
3172
2197
477
327
1777
5177
231
No
1351
4304
2718
1355
985
5485
749
1122
5442
1450
1214
No
3438
3323
2274
4475
9
238
938
17
253
2904
295
6140
1291
202
5691
0
113
631
2973
1106
1308
759
456
1458
5422
4065
1268
1227
34
4756
4343
5219
1518
1842
148
684
2624
4712
13
3850
4961
52
4152
1665
689
1746
1845
5031
3090
3435
595
1611
3073
288
1934
2797
669
3274
2670
323
1726
171
3275
2724
2246
6
No
670
35
3657
2790
663
4095
380
1786
289
4183
4585
308
1147
2508
276
2447
3228
0
1729
1042
3104
22
0
0
727
3367
526
3484
2285
1617
1088
2092
4030
313
1098
1795
650
640
799
194
353
167
No
3516
No
3383
415
646
5086
4234
No
4227
2641
2627
1320
46
3659
12
253
540
168
28
958
151
2990
2421
2955
3001
5571
2489
359
516
2343
1313
1615
1776
250
4135
4061
297
5177
2454
3072
131
892
515
433
2559
2233
4865
1632
191
6
508
940
3874
5105
197
2189
1497
264
2121
4490
2665
1777
84
65
3236
1098
1009
1474
2944
3131
2459
3966
3190
24
167
2578
1495
81
4003
678
6173
5518
0
235
3395
343
149
344
1267
2647
0
848
No
930
1047
4313
2302
5009
3806
4417
4833
4
53
1635
108
2958
494
650
2735
433
4413
3293
3935
450
92
113
6085
5038
1847
322
3180
855
No
6491
118
37
1142
488
3389
2
1339
0
76
4005
2402
74
1449
1765
2773
No
5677
4400
5187
0
495
0
5432
2717
871
4079
1776
2551
6496
3678
4023
22
234
2436
615
1083
217
1412
4276
1755
260
297
4415
3603
1324
1568
659
3255
332
116
444
3692
4591
1729
20
1181
12
257
6058
2628
2156
326
498
52
1915
2148
2983
610
870
784
144
1099
1050
1019
1899
368
2141
250
1142
3850
4278
No
760
3415
5769
1882
3589
508
643
2112
144
55
4221
3634
4525
2753
4325
4810
605
823
2954
6611
1130
4272
615
1778
4740
No
628
3407
905
3061
484
1139
1588
No
4476
403
2252
5437
2168
2656
42
2
0
2107
430
4
1978
2594
141
3040
5067
174
44
4755
4
644
6095
459
2014
290
1644
776
293
1296
3363
2316
888
139
108
0
833
3742
3227
3614
941
1672
4
4317
1231
611
82
3708
2312
1384
70
2151
0
1657
1179
700
1142
No
784
3162
3
0
0
5018
4175
36
3200
5307
4849
1562
237
4053
1682
6954
1064
460
52
3812
2059
2069
391
No
400
1755
No
850
2212
3405
2650
1068
42
195
24
4853
1096
150
No
260
1987
2671
3676
225
2
506
2250
3615
443
284
5613
4320
No
6436
3117
4758
No
1338
3467
735
35
2905
1918
6291
6865
5568
No
1604
2533
2828
3095
2917
2549
2907
1541
4421
4506
3420
674
No
5978
5725
3777
1301
48
4085
72
53
1485
288
2280
158
685
3101
3085
368
2743
1740
445
321
No
5155
0
538
14
250
807
2811
5265
4678
1171
2409
4265
2282
1730
221
1827
4804
1598
3448
439
1289
3071
3464
427
1585
0
2238
1049
140
3642
2895
1272
3801
No
2371
90
22
16
498
3149
4682
17
4036
568
3694
2374
2177
1105
995
649
4864
4414
463
3938
2308
6876
5531
282
0
1261
806
797
4906
2302
699
672
1181
4549
4051
147
693
1124
1046
811
619
375
6373
2646
760
1294
3119
5250
3474
653
No
1743
1966
479
12
3955
88
2790
3334
1517
2017
807
3519
4191
289
5618
5864
2862
4472
4675
2472
3655
4495
4001
3349
3507
1387
866
3326
233
3886
5211
499
3161
808
1609
2022
91
989
34
2559
1930
3508
941
291
46
70
851
3243
95
No
363
145
1449
3660
1830
3839
5742
5647
0
42
4788
2676
1396
3639
7
2218
743
7009
3611
967
No
1509
6048
58
104
44
4384
3443
295
5931
26
2192
62
124
689
2633
743
76
0
2287
3370
689
525
183
979
5189
1588
1814
405
3608
338
2488
1754
23
2276
889
3592
1545
814
2916
5092
5758
4160
2626
358
2067
450
5860
1756
478
382
719
2062
5986
No
420
No
1101
3387
0
3585
166
4388
4846
47
2529
3396
4699
3008
1525
3711
218
1572
2573
41
510
5790
999
47
631
4199
4971
3787
4430
1999
178
24
147
No
1376
3481
473
115
4093
5788
No
309
1214
4305
1468
5323
4006
2191
3034
6133
No
966
74
3220
No
2904
No
147
69
2084
1613
2556
357
4192
4753
1224
1353
4210
3772
112
1142
4790
1941
90
No
4477
207
165
3491
4817
909
5916
380
793
No
No
No
1810
3931
359
5162
3982
1174
3084
1870
833
2
570
48
5756
37
55
1960
2504
55
338
1100
1698
86
841
2050
39
927
1604
487
3471
4594
47
2971
3884
1279
5194
305
3197
3235
No
2887
2301
3937
1383
No
5273
1326
4073
551
466
0
1242
49
153
4081
276
1853
1827
20
653
5991
97
1125
4362
601
3161
448
No
466
3485
227
1859
1875
1043
988
4122
692
3884
769
389
504
3605
2851
28
80
2294
6128
3557
138
3122
0
3622
1567
2793
2221
2083
2233
247
7375
1354
66
372
6030
1826
441
2043
352
1545
No
3257
No
73
3888
804
3396
4791
4983
951
6915
1176
634
331
71
354
318
3601
3724
4638
3
1954
4402
4057
2183
3914
1112
378
75
39
580
No
19
134
760
174
2139
2057
2183
2575
878
3114
109
4058
2111
3116
2522
1868
36
434
987
4596
2458
5283
6651
6348
186
1836
5194
3472
4017
20
5692
1275
574
5919
448
1994
403
1961
1915
1482
690
5939
5909
4400
1143
1442
482
46
652
4161
348
780
6049
4027
No
220
283
155
378
3823
629
No
1255
5452
4484
No
16
180
279
1973
4226
3236
81
2804
1157
928
133
1981
390
16
3260
489
2246
394
808
2287
745
48
2888
507
2392
1711
2369
283
3601
6019
1872
6419
1577
5345
375
6385
24
1143
No
924
601
2582
5096
722
4423
109
8
5690
3320
2497
4424
3304
5174
5965
3544
1017
25
1413
238
5708
4417
2570
2322
4826
1983
706
2397
191
4267
5698
2052
4143
750
415
4
1654
4471
No
5844
3810
150
308
245
409
463
2890
724
5356
933
325
159
1319
1623
No
922
5740
No
No
1833
488
2849
154
5164
1492
8
427
404
177
717
6736
1297
5120
2770
887
5801
493
4907
2395
5421
3396
4113
2725
1185
968
49
20
1599
4707
2687
153
764
4978
1373
3923
3
175
5861
3175
5178
No
1562
No
5606
No
3788
2365
1589
0
6
3165
359
3801
67
5065
2960
6880
169
1360
3398
2310
720
2170
5027
371
2473
2228
No
502
3078
1666
4521
2
2433
19
232
6379
2930
1427
2243
943
2923
2277
5450
3662
6
No
926
1955
0
2636
1760
1586
6721
2563
30
2982
4433
6215
877
2073
886
407
627
229
1399
5107
4060
3840
2515
861
2962
308
4187
121
1316
71
1719
4005
6171
3402
893
7651
94
5720
316
5969
59
2241
No
906
6558
715
161
728
1941
167
1173
2206
51
772
128
1727
113
4155
756
1743
0
1122
1747
4950
6801
61
1421
2528
3204
6639
13
1682
5011
6149
277
3607
552
1849
1007
522
209
33
1989
2664
90
1379
5557
281
100
3046
4292
609
2144
991
4589
706
101
No
475
5659
3636
638
70
2
1056
3676
2207
5591
239
973
3925
6349
3286
2312
1608
656
4514
6826
2190
430
668
319
379
4361
2
3742
526
153
2734
584
5200
2919
2733
No
1588
1225
3776
960
1450
725
302
4126
2174
1494
3305
4034
5275
25
1137
4454
1891
691
3178
6046
3935
4111
13
4067
4019
531
1741
3030
283
28
3201
4975
654
740
4375
3995
781
676
215
6893
1112
4218
3826
73
1456
No
No
439
24
2514
470
1788
2403
0
76
3241
3442
1841
1498
725
98
2972
4139
39
5954
1027
1375
514
2238
4610
No
12
1638
205
360
4921
3385
3011
36
321
6366
2698
2566
6452
5226
55
2279
398
4516
1305
1010
846
4052
907
762
49
155
404
2723
629
548
No
1820
28
253
704
1056
2505
5576
2893
1792
849
2577
3393
4
0
1880
65
7095
0
1019
155
7730
3016
2
5424
1400
174
3881
2986
5560
4912
4151
1852
4879
5189
86
1402
2377
2568
2600
251
2069
366
2337
3463
1202
1761
No
No
11
130
1687
4320
1895
314
16
5728
5913
374
0
2633
4220
2839
62
222
197
5323
356
117
36
48
5493
5302
2640
1356
73
876
1883
1929
345
2333
1239
1336
3938
1084
3069
4857
204
383
7489
3527
2334
5088
249
3923
6194
7916
1589
3980
2333
601
3136
4602
642
2083
1135
0
453
2808
936
0
1723
4281
4826
6333
368
1317
929
602
99
283
2488
234
807
No
2019
587
3728
6834
2137
880
5175
0
3011
1417
0
4141
1739
437
64
6588
6537
2019
7556
No
3108
1279
2983
2926
6619
5878
1061
184
3219
4038
44
1523
106
5216
No
1414
1547
2128
3444
5935
No
12
2995
4508
No
2685
241
4623
1902
2256
334
1243
3674
7119
4991
410
4194
742
4765
5222
0
1800
4603
No
6300
646
280
581
0
0
379
408
7319
1173
1424
7092
No
3069
5777
728
1161
1778
4834
2743
1517
2277
7433
253
147
5638
No
2219
1878
1397
1297
5158
3662
33
5305
2914
211
3227
1004
4490
4360
19
1160
273
324
5253
777
627
187
7491
0
3808
No
74
6984
4494
3674
919
No
1556
1592
832
1532
1792
53
1245
7397
3210
2263
3891
110
67
No
114
4178
2820
4529
559
1151
4142
1926
2086
30
No
1953
286
2
768
4008
2521
4622
5312
6
No
2241
3530
3864
3046
1733
4406
4
503
6342
4189
No
2683
3576
3405
4178
No
1159
4389
28
2134
5974
4920
1788
4312
1237
4091
0
5949
1758
4783
3386
5886
3956
388
705
3709
503
562
4872
415
5049
962
0
4861
2667
3600
1446
10
0
3091
5910
2779
3260
33
1605
No
3851
2620
1131
21
2895
2685
3267
29
1329
No
6742
4668
3753
1306
4276
4844
547
22
610
1727
3385
1253
2402
4565
260
4898
5125
1252
5221
6955
5523
1670
4347
1894
3693
2238
991
858
384
No
4358
31
4979
6889
60
451
935
3186
1888
147
3483
727
1556
640
No
2001
4177
5870
164
6744
130
No
No
1890
No
418
381
3535
5930
103
143
2100
2103
7826
3607
139
1373
80
1002
6848
0
1564
71
0
7103
3966
2847
2338
2535
694
5219
7727
932
5688
551
7660
287
27
3340
2919
15
423
4776
5366
3127
0
2473
187
1127
1411
5985
4085
2224
1152
6593
2107
4438
1537
217
4173
5031
1045
2023
1432
7954
0
427
2962
1345
1527
6406
466
3270
18
85
5301
2096
2
No
No
3961
705
274
5448
3807
781
8
46
No
6924
207
8068
7353
1586
2
1093
1088
247
1047
4361
968
6075
3118
161
4029
1370
5491
86
2292
4750
3442
4544
228
7309
876
1922
300
9
392
770
2567
4872
6035
5487
5892
6790
2533
2254
395
6369
3801
6235
1152
14
2485
5157
265
1267
17
3497
4179
7035
7074
1051
16
3757
No
No
830
107
4640
No
1187
1181
1480
0
2996
1065
4490
442
156
1900
5051
6430
1723
5193
2621
363
5118
753
116
No
0
8173
2923
59
3204
4453
1756
6402
1033
129
4
811
4341
331
1324
253
4951
5551
342
2193
7
5337
4923
345
5014
No
1538
5020
3689
234
740
711
348
No
3020
3251
1312
354
1417
821
1778
2881
398
5546
1644
2797
4722
15
703
No
716
1794
6005
7995
615
4803
2
No
4507
720
623
825
2097
425
2831
2681
No
459
0
3263
1038
5514
4352
2474
639
3856
235
4224
238
1203
113
523
1650
13
1133
1959
3433
2212
1465
4050
37
216
1259
6224
1272
No
No
2412
439
4526
5028
2781
1746
266
321
6887
5122
854
3870
0
2105
6681
1417
1956
1733
3065
275
4503
5681
4307
6683
45
543
1491
410
2841
4183
2697
5808
2244
7169
2096
117
3063
3630
2274
4224
189
8249
No
53
1720
549
0
1617
92
2601
3873
85
5725
7761
5324
3035
575
0
6127
3238
951
1675
3353
53
1167
3259
6011
5575
3834
788
742
4150
4703
4667
7115
2187
2957
6332
5905
14
No
3203
225
3532
3032
5528
6927
316
2881
2640
2500
5148
1426
559
4052
117
954
1353
3084
No
4044
4520
3477
5501
553
4082
3329
7564
8445
735
409
1267
1495
1136
7103
69
151
119
660
4306
485
2689
6716
4953
239
1304
118
5861
1304
1784
4085
1503
6
5688
3122
995
No
712
3532
2078
3251
6362
1633
No
2942
239
8571
340
3906
1075
1100
1707
3513
7129
No
545
6471
3672
45
346
610
0
4038
1919
894
3082
1591
4345
163
1640
2481
8176
3350
1553
1220
5458
983
2854
892
1460
3198
3221
2657
2311
4496
3
8198
1294
3539
2523
704
7136
2412
1885
6767
2049
2540
5244
1452
1049
3123
5440
2823
2893
5894
2876
355
2057
4412
6537
1890
120
4176
1944
3288
81
6830
1828
3197
83
2380
3729
2535
6601
5045
720
3563
2380
4888
2547
2122
7152
98
3963
7197
No
4757
No
5998
3418
3089
3594
3251
5783
1815
3179
1365
1622
1223
0
3487
4196
2808
3044
291
14
191
1217
7500
160
394
634
13
0
3749
604
3391
1045
4431
84
8296
1817
1990
5146
4042
2441
3743
1181
2301
409
4713
432
5815
226
22
6126
5837
4376
3397
0
146
2349
943
14
4910
6458
23
781
2666
938
170
3754
4464
111
3736
7546
2705
1927
7074
4044
6346
2161
98
No
62
7168
6733
2708
3952
821
No
4371
120
681
4468
No
3496
3306
3931
1786
748
1591
7118
2834
6779
6571
3507
6095
1678
821
4111
75
2980
656
4966
186
976
469
1204
1076
2358
No
4194
498
3381
7784
No
No
5152
7067
3523
5329
5820
2939
4162
0
1061
1407
294
56
3127
7322
1245
5774
No
4021
3081
6007
4019
6304
7422
959
58
3355
4581
5352
5620
2432
164
1962
3250
5796
No
2691
853
276
4824
4423
32
5547
2380
7860
3475
480
196
5220
1147
2896
166
7285
3724
2803
1634
No
706
3467
299
2298
4743
300
913
570
3311
0
6019
68
2093
1244
1598
6179
4663
1563
1644
3655
2447
3506
1307
879
1182
84
1095
5389
6306
No
4938
137
2052
225
161
7143
6843
6905
1091
836
4222
4053
2363
3007
6436
2269
5816
2608
34
690
No
No
5441
7050
4227
4869
2297
228
420
1078
4815
7808
1709
6397
2313
102
1401
4754
2685
3664
3777
3147
6202
1324
5624
2927
2058
1526
12
2145
437
1050
5969
3093
4440
143
7
623
2691
1784
145
3406
1367
909
32
878
307
5522
4524
5111
3915
1893
3905
1879
611
101
1115
323
5254
1526
213
3987
1343
1767
8779
2328
6730
4146
2234
3040
1257
1374
2702
730
No
2501
2985
2078
1215
3738
926
9318
6381
143
6277
952
2634
3909
211
577
3005
8
28
0
605
2970
3677
8248
4191
4976
5237
2781
2892
3405
2280
5636
4488
3158
824
501
391
6326
4868
2669
3970
2149
1183
229
2854
231
217
2279
27
3823
969
72
6544
2428
7757
2437
6740
452
3697
4933
1003
300
5174
11
5697
6032
122
5358
1195
4
8030
3934
2078
238
26
1147
4929
2705
1628
1707
0
56
5079
3670
6433
873
2568
1765
4447
4803
5326
78
159
507
2365
3750
120
1882
3651
597
916
191
1984
4455
1743
1077
2336
6065
2894
127
6929
4338
8427
431
1667
5715
750
2477
7762
7927
1400
606
657
0
5955
229
1541
334
5746
432
458
1351
2531
331
0
436
52
1409
6440
7
1659
1213
4
598
918
3854
6801
2198
7648
141
3359
2934
6962
2808
2587
5133
0
81
8076
6607
270
717
3823
120
1085
175
5590
2185
3658
904
4105
2378
2231
3802
247
4097
No
5944
2531
1093
967
117
345
No
3
5814
1975
80
8550
76
3913
6849
128
8359
4960
3037
132
7890
2644
7386
3212
155
1416
1042
2337
2035
1591
1810
53
1316
587
193
80
7835
240
No
687
7371
3672
818
879
615
2954
2440
139
74
0
3340
2225
855
4374
1154
779
4150
2456
3437
426
6066
1208
8110
8065
6640
1042
4550
4630
5731
472
2397
647
0
6671
8
482
723
171
2589
4328
2416
2911
14
1676
6014
2272
6448
271
142
10
4980
607
2395
No
3261
8337
4955
1235
2894
6626
4668
No
2449
25
9418
7843
8903
212
6665
1024
8
15
7918
7244
3154
5588
88
1225
1363
612
4846
1381
51
5408
7798
1867
5306
1712
3357
7700
3517
1293
No
3190
385
3787
264
408
1452
3517
2788
911
398
8
6843
5890
No
9316
1900
1939
2562
1624
1013
2973
No
2675
9347
276
3662
1128
420
608
2126
No
2120
9318
3235
33
3116
438
310
1098
34
66
4993
3661
259
948
3510
8993
2020
5732
2478
581
761
6715
6707
608
1482
2772
3053
2080
6739
1239
3558
1146
852
0
37
5752
188
6417
276
4415
0
337
600
2610
158
2177
388
930
107
0
8703
2505
452
408
4054
33
6997
282
No
No
No
4080
5545
2160
19
4125
5325
903
548
6285
5010
39
1885
213
3865
743
5498
142
1002
3345
453
843
405
8040
2338
909
7630
4382
2319
6745
3409
1592
20
33
3998
0
7653
44
721
3895
4667
2854
1387
403
6219
8723
7615
8769
1165
4290
No
5365
858
2078
3341
68
4011
3789
3752
181
17
2603
1909
7446
4513
1087
3003
1248
0
5822
4940
498
34
1187
6973
2519
3208
5553
5107
102
4385
1358
1459
6103
No
5744
45
455
664
143
3622
4061
3160
653
5580
2019
458
1768
998
5631
610
4467
3645
3237
266
1318
2906
4474
7237
3934
51
No
0
No
3349
8536
131
4427
630
5677
1475
3
1202
7117
1560
5143
17
4945
1411
647
268
9718
1598
850
7283
4768
No
13
No
0
7545
122
6063
No
1176
7
6645
99
6032
351
246
1334
87
1621
127
1414
1035
3467
849
86
4765
63
No
554
5789
222
1475
5987
1303
1802
9651
7462
No
8098
3578
4448
2597
1667
4562
2095
4494
341
1490
1511
5614
2796
24
48
1221
3693
198
628
2480
0
0
1632
1396
1429
556
8435
2520
337
56
2578
No
2547
67
596
153
721
561
6022
2480
7698
1429
0
2742
6157
3928
149
3532
1425
7580
2736
5131
1441
752
233
6496
6427
1168
No
4470
8535
6612
557
6788
3660
416
177
6719
351
464
81
497
8499
1430
1510
2883
2228
1277
6609
1886
43
2552
8959
8604
1838
7416
255
5734
No
4060
392
2562
933
74
4376
5802
610
7074
6
No
4536
505
493
0
55
3394
2066
No
3950
4880
No
680
4195
3968
4090
304
3640
4334
836
6781
2240
3122
2564
0
2138
3407
3854
43
1077
1567
2981
459
2670
672
4432
6762
1175
2618
1732
4102
51
759
231
993
3269
5780
1339
833
2355
6428
2530
628
1859
6654
6004
7999
1401
7815
132
782
2568
6926
419
207
6329
12
1380
650
No
153
4442
4231
1045
897
No
1622
2496
4866
1054
2897
1847
688
1771
2054
1315
3291
296
6130
4119
415
192
1037
4177
7853
2011
42
1402
5086
4624
2907
824
1957
94
3704
No
2984
443
6591
1720
738
2955
7866