30 31 31 31 31 30
28 30 28 31 29 31
28 29 29 29 29 28
30 28 31 28 31 29
29 30 30 30 30 29
26 31 27 31 27 30
24 30 24 31 25 31
24 28 24 29 25 28
26 28 26 29 27 29
25 29 25 30 26 30
26 27 27 27 27 26
24 26 24 27 25 27
24 25 25 25 25 24
26 24 27 24 27 25
25 26 26 26 26 25
30 27 31 27 31 26
28 26 29 26 29 27
28 24 28 25 29 24
30 24 31 24 31 25
30 26 30 25 29 25
27 28 28 28 28 27
22 31 23 31 23 30
20 30 20 31 21 31
20 29 21 29 21 28
22 28 23 28 23 29
21 30 22 30 22 29
18 31 19 31 19 30
16 30 16 31 17 31
16 28 16 29 17 28
18 28 18 29 19 29
17 29 17 30 18 30
18 26 18 27 19 26
16 26 16 27 17 27
16 24 16 25 17 24
18 24 19 24 19 25
18 25 17 26 17 25
22 27 23 27 23 26
20 26 20 27 21 27
20 24 20 25 21 24
22 24 22 25 23 25
21 25 21 26 22 26
19 27 19 28 20 28
22 23 23 23 23 22
20 22 20 23 21 23
20 21 21 21 21 20
22 20 23 20 23 21
21 22 22 22 22 21
18 23 19 23 19 22
16 22 16 23 17 23
16 20 16 21 17 20
18 20 18 21 19 21
17 21 17 22 18 22
18 19 19 19 19 18
16 18 16 19 17 19
16 17 17 17 17 16
18 16 19 16 19 17
17 18 18 18 18 17
22 19 23 19 23 18
20 18 21 18 21 19
20 16 20 17 21 16
22 16 23 16 23 17
22 18 22 17 21 17
19 20 20 20 20 19
30 23 31 23 31 22
28 22 28 23 29 23
28 21 29 21 29 20
30 20 31 20 31 21
29 22 30 22 30 21
26 23 27 23 27 22
24 22 25 22 25 23
24 20 24 21 25 20
26 20 27 20 27 21
26 22 26 21 25 21
26 18 26 19 27 18
24 18 24 19 25 19
24 16 24 17 25 16
26 16 27 16 27 17
26 17 25 18 25 17
30 19 31 19 31 18
28 18 29 18 29 19
28 16 28 17 29 16
30 16 31 16 31 17
30 18 30 17 29 17
28 20 28 19 27 19
23 24 24 24 24 23
14 31 15 31 15 30
12 30 12 31 13 31
12 29 13 29 13 28
14 28 15 28 15 29
13 30 14 30 14 29
10 31 11 31 11 30
8 30 8 31 9 31
8 28 8 29 9 28
10 28 10 29 11 29
9 29 9 30 10 30
10 27 11 27 11 26
8 26 8 27 9 27
8 25 9 25 9 24
10 24 11 24 11 25
9 26 10 26 10 25
14 27 15 27 15 26
12 26 13 26 13 27
12 24 12 25 13 24
14 24 15 24 15 25
14 26 14 25 13 25
11 28 12 28 12 27
6 31 7 31 7 30
4 30 4 31 5 31
4 29 5 29 5 28
6 28 7 28 7 29
5 30 6 30 6 29
2 31 3 31 3 30
0 30 0 31 1 31
0 28 0 29 1 28
2 28 2 29 3 29
1 29 1 30 2 30
2 26 2 27 3 26
0 26 0 27 1 27
0 24 0 25 1 24
2 24 3 24 3 25
2 25 1 26 1 25
6 27 7 27 7 26
4 26 4 27 5 27
4 24 4 25 5 24
6 24 6 25 7 25
5 25 5 26 6 26
3 27 3 28 4 28
6 22 6 23 7 22
4 22 4 23 5 23
4 20 4 21 5 20
6 20 7 20 7 21
6 21 5 22 5 21
2 23 3 23 3 22
0 22 0 23 1 23
0 20 0 21 1 20
2 20 2 21 3 21
1 21 1 22 2 22
2 18 2 19 3 18
0 18 0 19 1 19
0 16 0 17 1 16
2 16 3 16 3 17
2 17 1 18 1 17
6 19 7 19 7 18
4 18 5 18 5 19
4 16 4 17 5 16
6 16 7 16 7 17
6 18 6 17 5 17
4 19 3 20 3 19
14 23 15 23 15 22
12 22 12 23 13 23
12 21 13 21 13 20
14 20 15 20 15 21
13 22 14 22 14 21
10 23 11 23 11 22
8 22 8 23 9 23
8 20 8 21 9 20
10 20 10 21 11 21
9 21 9 22 10 22
10 18 10 19 11 18
8 18 8 19 9 19
8 16 8 17 9 16
10 16 11 16 11 17
10 17 9 18 9 17
14 19 15 19 15 18
12 18 12 19 13 19
12 16 12 17 13 16
14 16 14 17 15 17
13 17 13 18 14 18
11 19 11 20 12 20
7 23 7 24 8 24
14 15 15 15 15 14
12 14 12 15 13 15
12 13 13 13 13 12
14 12 15 12 15 13
13 14 14 14 14 13
10 15 11 15 11 14
8 14 8 15 9 15
8 12 8 13 9 12
10 12 10 13 11 13
9 13 9 14 10 14
10 11 11 11 11 10
8 10 8 11 9 11
8 9 9 9 9 8
10 8 11 8 11 9
9 10 10 10 10 9
14 11 15 11 15 10
12 10 13 10 13 11
12 8 12 9 13 8
14 8 15 8 15 9
14 10 14 9 13 9
11 12 12 12 12 11
6 15 7 15 7 14
4 14 4 15 5 15
4 13 5 13 5 12
6 12 7 12 7 13
5 14 6 14 6 13
2 15 3 15 3 14
0 14 0 15 1 15
0 12 0 13 1 12
2 12 2 13 3 13
1 13 1 14 2 14
2 10 2 11 3 10
0 10 0 11 1 11
0 8 0 9 1 8
2 8 3 8 3 9
2 9 1 10 1 9
6 11 7 11 7 10
4 10 4 11 5 11
4 8 4 9 5 8
6 8 6 9 7 9
5 9 5 10 6 10
3 11 3 12 4 12
6 7 7 7 7 6
4 6 4 7 5 7
4 5 5 5 5 4
6 4 7 4 7 5
5 6 6 6 6 5
2 7 3 7 3 6
0 6 0 7 1 7
0 4 0 5 1 4
2 4 2 5 3 5
1 5 1 6 2 6
2 3 3 3 3 2
0 2 0 3 1 3
1 0 0 1 1 1 
2 0 3 0 3 1
1 2 2 2 2 1
6 3 7 3 7 2
4 2 5 2 5 3
4 0 4 1 5 0
6 0 7 0 7 1
6 2 6 1 5 1
3 4 4 4 4 3
14 7 15 7 15 6
12 6 12 7 13 7
12 5 13 5 13 4
14 4 15 4 15 5
13 6 14 6 14 5
10 7 11 7 11 6
8 6 9 6 9 7
8 4 8 5 9 4
10 4 11 4 11 5
10 6 10 5 9 5
10 2 10 3 11 2
8 2 8 3 9 3
8 0 8 1 9 0
10 0 11 0 11 1
10 1 9 2 9 1
14 3 15 3 15 2
12 2 13 2 13 3
12 0 12 1 13 0
14 0 15 0 15 1
14 2 14 1 13 1
12 4 12 3 11 3
7 8 8 8 8 7
30 15 31 15 31 14
28 14 28 15 29 15
28 13 29 13 29 12
30 12 31 12 31 13
29 14 30 14 30 13
26 15 27 15 27 14
24 14 24 15 25 15
24 12 24 13 25 12
26 12 26 13 27 13
25 13 25 14 26 14
26 11 27 11 27 10
24 10 24 11 25 11
24 9 25 9 25 8
26 8 27 8 27 9
25 10 26 10 26 9
30 11 31 11 31 10
28 10 29 10 29 11
28 8 28 9 29 8
30 8 31 8 31 9
30 10 30 9 29 9
27 12 28 12 28 11
22 15 23 15 23 14
20 14 20 15 21 15
20 13 21 13 21 12
22 12 23 12 23 13
21 14 22 14 22 13
18 15 19 15 19 14
16 14 17 14 17 15
16 12 16 13 17 12
18 12 19 12 19 13
18 14 18 13 17 13
18 10 18 11 19 10
16 10 16 11 17 11
16 8 16 9 17 8
18 8 19 8 19 9
18 9 17 10 17 9
22 11 23 11 23 10
20 10 21 10 21 11
20 8 20 9 21 8
22 8 23 8 23 9
22 10 22 9 21 9
20 12 20 11 19 11
22 6 22 7 23 6
20 6 20 7 21 7
20 4 20 5 21 4
22 4 23 4 23 5
22 5 21 6 21 5
18 7 19 7 19 6
16 6 16 7 17 7
16 4 16 5 17 4
18 4 18 5 19 5
17 5 17 6 18 6
18 2 18 3 19 2
16 2 16 3 17 3
16 0 16 1 17 0
18 0 19 0 19 1
18 1 17 2 17 1
22 3 23 3 23 2
20 2 21 2 21 3
20 0 20 1 21 0
22 0 23 0 23 1
22 2 22 1 21 1
20 3 19 4 19 3
30 7 31 7 31 6
28 6 28 7 29 7
28 5 29 5 29 4
30 4 31 4 31 5
29 6 30 6 30 5
26 7 27 7 27 6
24 6 25 6 25 7
24 4 24 5 25 4
26 4 27 4 27 5
26 6 26 5 25 5
26 2 26 3 27 2
24 2 24 3 25 3
24 0 24 1 25 0
26 0 27 0 27 1
26 1 25 2 25 1
30 3 31 3 31 2
28 2 29 2 29 3
28 0 28 1 29 0
30 0 31 0 31 1
30 2 30 1 29 1
28 4 28 3 27 3
24 8 24 7 23 7
15 16 16 16 16 15
